2024-04-13 21:13:45: Experiment log path in: D:\SUSTECH\Research\GNN_for_OOD\Self-Supervised Deconfounding Against Spatio-Temporal Shifts Theory and Modeling\STEVE\STEVE\experiments\NYCBike1/mydata\gr_\20240413-211345
2024-04-13 21:13:45: Experiment configs are: Namespace(seed=31, device='cuda:0', mode='train', best_path='None', debug=False, data_dir='D:\\SUSTECH\\Research\\GNN_for_OOD\\Self-Supervised Deconfounding Against Spatio-Temporal Shifts Theory and Modeling\\STEVE\\STEVE\\data', dataset='NYCBike1/mydata', input_length=19, len_closeness=4, len_period=15, len_trend=0, batch_size=32, test_batch_size=64, graph_file='D:\\SUSTECH\\Research\\GNN_for_OOD\\Self-Supervised Deconfounding Against Spatio-Temporal Shifts Theory and Modeling\\STEVE\\STEVE\\data/NYCBike1/adj_mx.npz', num_nodes=128, d_input=2, d_output=2, d_model=64, dropout=0.1, percent=0.1, shm_temp=0.5, nmb_prototype=50, yita=0.5, layers=3, epochs=200, lr_init=0.001, lr_mode='only', early_stop=True, early_stop_patience=50, grad_norm=True, max_grad_norm=5, use_dwa=True, temp=4, cd=True, gr=False, sl=True, ti=True, tl=True, lr_patience=20, log_dir='D:\\SUSTECH\\Research\\GNN_for_OOD\\Self-Supervised Deconfounding Against Spatio-Temporal Shifts Theory and Modeling\\STEVE\\STEVE\\experiments\\NYCBike1/mydata\\gr_\\20240413-211345')
2024-04-13 21:13:45: loss weights: [1. 1. 1.]
2024-04-13 21:14:03: *******Train Epoch 1: averaged Loss : 17.981695
2024-04-13 21:14:04: *******Val Epoch 1: averaged Loss : 10.160247 sep loss : [10.16024685  2.06204202  2.47413096]
2024-04-13 21:14:04: **************Current best model saved to D:\SUSTECH\Research\GNN_for_OOD\Self-Supervised Deconfounding Against Spatio-Temporal Shifts Theory and Modeling\STEVE\STEVE\experiments\NYCBike1/mydata\gr_\20240413-211345\best_model.pth
2024-04-13 21:14:04: loss weights: [1. 1. 1.]
2024-04-13 21:14:20: *******Train Epoch 2: averaged Loss : 12.587205
2024-04-13 21:14:21: *******Val Epoch 2: averaged Loss : 8.947109 sep loss : [8.94710882 1.06703466 1.1805605 ]
2024-04-13 21:14:21: **************Current best model saved to D:\SUSTECH\Research\GNN_for_OOD\Self-Supervised Deconfounding Against Spatio-Temporal Shifts Theory and Modeling\STEVE\STEVE\experiments\NYCBike1/mydata\gr_\20240413-211345\best_model.pth
2024-04-13 21:14:21: loss weights: [1.0409452  0.96566105 0.99339366]
2024-04-13 21:14:35: *******Train Epoch 3: averaged Loss : 10.849037
2024-04-13 21:14:36: *******Val Epoch 3: averaged Loss : 8.298872 sep loss : [8.29887199 0.89417151 0.80471733]
2024-04-13 21:14:36: **************Current best model saved to D:\SUSTECH\Research\GNN_for_OOD\Self-Supervised Deconfounding Against Spatio-Temporal Shifts Theory and Modeling\STEVE\STEVE\experiments\NYCBike1/mydata\gr_\20240413-211345\best_model.pth
2024-04-13 21:14:36: loss weights: [1.0510018  0.99448174 0.9545164 ]
2024-04-13 21:14:51: *******Train Epoch 4: averaged Loss : 10.082697
2024-04-13 21:14:52: *******Val Epoch 4: averaged Loss : 8.207397 sep loss : [8.20739702 0.80468455 0.73293871]
2024-04-13 21:14:52: **************Current best model saved to D:\SUSTECH\Research\GNN_for_OOD\Self-Supervised Deconfounding Against Spatio-Temporal Shifts Theory and Modeling\STEVE\STEVE\experiments\NYCBike1/mydata\gr_\20240413-211345\best_model.pth
2024-04-13 21:14:52: loss weights: [1.0177206  0.99818337 0.98409617]
2024-04-13 21:15:07: *******Train Epoch 5: averaged Loss : 9.315555
2024-04-13 21:15:08: *******Val Epoch 5: averaged Loss : 7.582580 sep loss : [7.58258013 0.6790496  0.62005535]
2024-04-13 21:15:08: **************Current best model saved to D:\SUSTECH\Research\GNN_for_OOD\Self-Supervised Deconfounding Against Spatio-Temporal Shifts Theory and Modeling\STEVE\STEVE\experiments\NYCBike1/mydata\gr_\20240413-211345\best_model.pth
2024-04-13 21:15:08: loss weights: [1.0111581 0.9953158 0.993526 ]
2024-04-13 21:15:22: *******Train Epoch 6: averaged Loss : 8.888898
2024-04-13 21:15:23: *******Val Epoch 6: averaged Loss : 7.354951 sep loss : [7.35495105 0.62139767 0.5634188 ]
2024-04-13 21:15:23: **************Current best model saved to D:\SUSTECH\Research\GNN_for_OOD\Self-Supervised Deconfounding Against Spatio-Temporal Shifts Theory and Modeling\STEVE\STEVE\experiments\NYCBike1/mydata\gr_\20240413-211345\best_model.pth
2024-04-13 21:15:23: loss weights: [1.0164748  0.9917838  0.99174154]
2024-04-13 21:15:38: *******Train Epoch 7: averaged Loss : 8.700671
2024-04-13 21:15:39: *******Val Epoch 7: averaged Loss : 7.187645 sep loss : [7.18764489 0.58292136 0.49883885]
2024-04-13 21:15:39: **************Current best model saved to D:\SUSTECH\Research\GNN_for_OOD\Self-Supervised Deconfounding Against Spatio-Temporal Shifts Theory and Modeling\STEVE\STEVE\experiments\NYCBike1/mydata\gr_\20240413-211345\best_model.pth
2024-04-13 21:15:39: loss weights: [1.0096984  0.9985993  0.99170226]
2024-04-13 21:15:54: *******Train Epoch 8: averaged Loss : 8.247343
2024-04-13 21:15:55: *******Val Epoch 8: averaged Loss : 7.174331 sep loss : [7.1743313  0.50264625 0.4866246 ]
2024-04-13 21:15:55: **************Current best model saved to D:\SUSTECH\Research\GNN_for_OOD\Self-Supervised Deconfounding Against Spatio-Temporal Shifts Theory and Modeling\STEVE\STEVE\experiments\NYCBike1/mydata\gr_\20240413-211345\best_model.pth
2024-04-13 21:15:55: loss weights: [1.0095366 0.9887711 1.0016923]
2024-04-13 21:16:10: *******Train Epoch 9: averaged Loss : 8.005568
2024-04-13 21:16:11: *******Val Epoch 9: averaged Loss : 7.074794 sep loss : [7.07479411 0.48361898 0.4583419 ]
2024-04-13 21:16:11: **************Current best model saved to D:\SUSTECH\Research\GNN_for_OOD\Self-Supervised Deconfounding Against Spatio-Temporal Shifts Theory and Modeling\STEVE\STEVE\experiments\NYCBike1/mydata\gr_\20240413-211345\best_model.pth
2024-04-13 21:16:11: loss weights: [1.0111301 0.996557  0.9923129]
2024-04-13 21:16:25: *******Train Epoch 10: averaged Loss : 7.872955
2024-04-13 21:16:26: *******Val Epoch 10: averaged Loss : 7.068489 sep loss : [7.06848874 0.4692048  0.41949854]
2024-04-13 21:16:26: **************Current best model saved to D:\SUSTECH\Research\GNN_for_OOD\Self-Supervised Deconfounding Against Spatio-Temporal Shifts Theory and Modeling\STEVE\STEVE\experiments\NYCBike1/mydata\gr_\20240413-211345\best_model.pth
2024-04-13 21:16:26: loss weights: [1.0126064 0.9944081 0.9929856]
2024-04-13 21:16:41: *******Train Epoch 11: averaged Loss : 7.783369
2024-04-13 21:16:42: *******Val Epoch 11: averaged Loss : 7.101112 sep loss : [7.101112   0.43007885 0.41297037]
2024-04-13 21:16:42: loss weights: [1.0067062  0.99739623 0.99589753]
2024-04-13 21:16:57: *******Train Epoch 12: averaged Loss : 7.532910
2024-04-13 21:16:58: *******Val Epoch 12: averaged Loss : 6.958932 sep loss : [6.95893178 0.42153549 0.38118324]
2024-04-13 21:16:58: **************Current best model saved to D:\SUSTECH\Research\GNN_for_OOD\Self-Supervised Deconfounding Against Spatio-Temporal Shifts Theory and Modeling\STEVE\STEVE\experiments\NYCBike1/mydata\gr_\20240413-211345\best_model.pth
2024-04-13 21:16:58: loss weights: [1.0022024  0.99820054 0.99959683]
2024-04-13 21:17:13: *******Train Epoch 13: averaged Loss : 7.367429
2024-04-13 21:17:13: *******Val Epoch 13: averaged Loss : 6.588483 sep loss : [6.58848264 0.39228931 0.4137864 ]
2024-04-13 21:17:13: **************Current best model saved to D:\SUSTECH\Research\GNN_for_OOD\Self-Supervised Deconfounding Against Spatio-Temporal Shifts Theory and Modeling\STEVE\STEVE\experiments\NYCBike1/mydata\gr_\20240413-211345\best_model.pth
2024-04-13 21:17:14: loss weights: [1.0063744  0.99325144 1.0003743 ]
2024-04-13 21:17:29: *******Train Epoch 14: averaged Loss : 7.264521
2024-04-13 21:17:30: *******Val Epoch 14: averaged Loss : 6.576277 sep loss : [6.57627696 0.37646577 0.39341448]
2024-04-13 21:17:30: **************Current best model saved to D:\SUSTECH\Research\GNN_for_OOD\Self-Supervised Deconfounding Against Spatio-Temporal Shifts Theory and Modeling\STEVE\STEVE\experiments\NYCBike1/mydata\gr_\20240413-211345\best_model.pth
2024-04-13 21:17:30: loss weights: [1.0063174  0.9948664  0.99881613]
2024-04-13 21:17:45: *******Train Epoch 15: averaged Loss : 7.262100
2024-04-13 21:17:46: *******Val Epoch 15: averaged Loss : 6.543838 sep loss : [6.54383788 0.35983573 0.3493467 ]
2024-04-13 21:17:46: **************Current best model saved to D:\SUSTECH\Research\GNN_for_OOD\Self-Supervised Deconfounding Against Spatio-Temporal Shifts Theory and Modeling\STEVE\STEVE\experiments\NYCBike1/mydata\gr_\20240413-211345\best_model.pth
2024-04-13 21:17:46: loss weights: [1.0062833  1.0009042  0.99281263]
2024-04-13 21:18:01: *******Train Epoch 16: averaged Loss : 7.120793
2024-04-13 21:18:02: *******Val Epoch 16: averaged Loss : 6.610377 sep loss : [6.61037731 0.36282321 0.32303361]
2024-04-13 21:18:02: loss weights: [1.0075439  0.9956355  0.99682045]
2024-04-13 21:18:17: *******Train Epoch 17: averaged Loss : 7.048510
2024-04-13 21:18:18: *******Val Epoch 17: averaged Loss : 6.402247 sep loss : [6.40224732 0.33710826 0.31251873]
2024-04-13 21:18:18: **************Current best model saved to D:\SUSTECH\Research\GNN_for_OOD\Self-Supervised Deconfounding Against Spatio-Temporal Shifts Theory and Modeling\STEVE\STEVE\experiments\NYCBike1/mydata\gr_\20240413-211345\best_model.pth
2024-04-13 21:18:18: loss weights: [0.99810624 1.0053337  0.9965601 ]
2024-04-13 21:18:33: *******Train Epoch 18: averaged Loss : 6.917981
2024-04-13 21:18:34: *******Val Epoch 18: averaged Loss : 6.405197 sep loss : [6.40519744 0.34048418 0.32902315]
2024-04-13 21:18:34: loss weights: [1.0098886 0.9896233 1.0004882]
2024-04-13 21:18:49: *******Train Epoch 19: averaged Loss : 6.876664
2024-04-13 21:18:50: *******Val Epoch 19: averaged Loss : 6.470191 sep loss : [6.47019119 0.32848903 0.31732524]
2024-04-13 21:18:50: loss weights: [1.0041816  0.9962541  0.99956405]
2024-04-13 21:19:06: *******Train Epoch 20: averaged Loss : 6.763534
2024-04-13 21:19:07: *******Val Epoch 20: averaged Loss : 6.294421 sep loss : [6.29442145 0.31877844 0.35751194]
2024-04-13 21:19:07: **************Current best model saved to D:\SUSTECH\Research\GNN_for_OOD\Self-Supervised Deconfounding Against Spatio-Temporal Shifts Theory and Modeling\STEVE\STEVE\experiments\NYCBike1/mydata\gr_\20240413-211345\best_model.pth
2024-04-13 21:19:07: loss weights: [1.0022142  0.9992128  0.99857295]
2024-04-13 21:19:22: *******Train Epoch 21: averaged Loss : 6.756837
2024-04-13 21:19:23: *******Val Epoch 21: averaged Loss : 6.490122 sep loss : [6.49012173 0.31992197 0.29490609]
2024-04-13 21:19:23: loss weights: [0.9983001 1.0043222 0.9973778]
2024-04-13 21:19:38: *******Train Epoch 22: averaged Loss : 6.623909
2024-04-13 21:19:39: *******Val Epoch 22: averaged Loss : 6.351082 sep loss : [6.35108185 0.32093438 0.29560737]
2024-04-13 21:19:39: loss weights: [1.0080388 0.9951305 0.9968306]
2024-04-13 21:19:54: *******Train Epoch 23: averaged Loss : 6.658425
2024-04-13 21:19:55: *******Val Epoch 23: averaged Loss : 6.175970 sep loss : [6.17597004 0.31013572 0.30291526]
2024-04-13 21:19:55: **************Current best model saved to D:\SUSTECH\Research\GNN_for_OOD\Self-Supervised Deconfounding Against Spatio-Temporal Shifts Theory and Modeling\STEVE\STEVE\experiments\NYCBike1/mydata\gr_\20240413-211345\best_model.pth
2024-04-13 21:19:55: loss weights: [1.0085466 0.9951626 0.9962907]
2024-04-13 21:20:11: *******Train Epoch 24: averaged Loss : 6.623753
2024-04-13 21:20:12: *******Val Epoch 24: averaged Loss : 6.213772 sep loss : [6.21377167 0.32060185 0.3140951 ]
2024-04-13 21:20:12: loss weights: [0.9963021 1.0028877 1.0008101]
2024-04-13 21:20:27: *******Train Epoch 25: averaged Loss : 6.451714
2024-04-13 21:20:28: *******Val Epoch 25: averaged Loss : 6.268344 sep loss : [6.26834393 0.32300665 0.31628957]
2024-04-13 21:20:28: loss weights: [1.0042466  0.99760413 0.9981494 ]
2024-04-13 21:20:43: *******Train Epoch 26: averaged Loss : 6.497085
2024-04-13 21:20:44: *******Val Epoch 26: averaged Loss : 6.160141 sep loss : [6.16014132 0.30279226 0.2957053 ]
2024-04-13 21:20:44: **************Current best model saved to D:\SUSTECH\Research\GNN_for_OOD\Self-Supervised Deconfounding Against Spatio-Temporal Shifts Theory and Modeling\STEVE\STEVE\experiments\NYCBike1/mydata\gr_\20240413-211345\best_model.pth
2024-04-13 21:20:44: loss weights: [1.0018309 0.997313  1.0008562]
2024-04-13 21:20:59: *******Train Epoch 27: averaged Loss : 6.400388
2024-04-13 21:21:00: *******Val Epoch 27: averaged Loss : 6.178219 sep loss : [6.17821939 0.28834654 0.26213594]
2024-04-13 21:21:00: loss weights: [0.99929786 1.0046744  0.9960277 ]
2024-04-13 21:21:15: *******Train Epoch 28: averaged Loss : 6.399579
2024-04-13 21:21:16: *******Val Epoch 28: averaged Loss : 6.140446 sep loss : [6.14044589 0.28849636 0.26033152]
2024-04-13 21:21:16: **************Current best model saved to D:\SUSTECH\Research\GNN_for_OOD\Self-Supervised Deconfounding Against Spatio-Temporal Shifts Theory and Modeling\STEVE\STEVE\experiments\NYCBike1/mydata\gr_\20240413-211345\best_model.pth
2024-04-13 21:21:16: loss weights: [1.0061253 1.0016271 0.9922476]
2024-04-13 21:21:31: *******Train Epoch 29: averaged Loss : 6.327026
2024-04-13 21:21:32: *******Val Epoch 29: averaged Loss : 6.246692 sep loss : [6.24669159 0.29685193 0.27174059]
2024-04-13 21:21:32: loss weights: [1.0003698  0.99741465 1.0022157 ]
2024-04-13 21:21:48: *******Train Epoch 30: averaged Loss : 6.272595
2024-04-13 21:21:48: *******Val Epoch 30: averaged Loss : 6.097747 sep loss : [6.09774707 0.29337598 0.25377026]
2024-04-13 21:21:48: **************Current best model saved to D:\SUSTECH\Research\GNN_for_OOD\Self-Supervised Deconfounding Against Spatio-Temporal Shifts Theory and Modeling\STEVE\STEVE\experiments\NYCBike1/mydata\gr_\20240413-211345\best_model.pth
2024-04-13 21:21:48: loss weights: [1.0069807  0.9941472  0.99887204]
2024-04-13 21:22:04: *******Train Epoch 31: averaged Loss : 6.324110
2024-04-13 21:22:05: *******Val Epoch 31: averaged Loss : 6.220941 sep loss : [6.22094096 0.2885552  0.25374762]
2024-04-13 21:22:05: loss weights: [0.9999976  1.000375   0.99962735]
2024-04-13 21:22:20: *******Train Epoch 32: averaged Loss : 6.225615
2024-04-13 21:22:21: *******Val Epoch 32: averaged Loss : 6.051282 sep loss : [6.05128215 0.27653333 0.28712444]
2024-04-13 21:22:21: **************Current best model saved to D:\SUSTECH\Research\GNN_for_OOD\Self-Supervised Deconfounding Against Spatio-Temporal Shifts Theory and Modeling\STEVE\STEVE\experiments\NYCBike1/mydata\gr_\20240413-211345\best_model.pth
2024-04-13 21:22:21: loss weights: [1.0040181  1.001985   0.99399686]
2024-04-13 21:22:36: *******Train Epoch 33: averaged Loss : 6.217001
2024-04-13 21:22:37: *******Val Epoch 33: averaged Loss : 6.074418 sep loss : [6.07441829 0.30469596 0.25583756]
2024-04-13 21:22:37: loss weights: [1.0026902  0.99512637 1.0021834 ]
2024-04-13 21:22:52: *******Train Epoch 34: averaged Loss : 6.164392
2024-04-13 21:22:53: *******Val Epoch 34: averaged Loss : 6.063651 sep loss : [6.0636513  0.27675955 0.25602232]
2024-04-13 21:22:53: loss weights: [0.99966204 1.0009146  0.9994234 ]
2024-04-13 21:23:08: *******Train Epoch 35: averaged Loss : 6.084880
2024-04-13 21:23:09: *******Val Epoch 35: averaged Loss : 6.129436 sep loss : [6.12943554 0.26930488 0.26094682]
2024-04-13 21:23:09: loss weights: [1.0067712 0.9956962 0.9975327]
2024-04-13 21:23:24: *******Train Epoch 36: averaged Loss : 6.183387
2024-04-13 21:23:25: *******Val Epoch 36: averaged Loss : 6.151639 sep loss : [6.15163898 0.28546481 0.26581291]
2024-04-13 21:23:25: loss weights: [0.99899864 1.0026615  0.99834   ]
2024-04-13 21:23:40: *******Train Epoch 37: averaged Loss : 6.045020
2024-04-13 21:23:41: *******Val Epoch 37: averaged Loss : 6.002489 sep loss : [6.00248872 0.28592598 0.27641919]
2024-04-13 21:23:41: **************Current best model saved to D:\SUSTECH\Research\GNN_for_OOD\Self-Supervised Deconfounding Against Spatio-Temporal Shifts Theory and Modeling\STEVE\STEVE\experiments\NYCBike1/mydata\gr_\20240413-211345\best_model.pth
2024-04-13 21:23:41: loss weights: [0.99807054 0.9913852  1.0105443 ]
2024-04-13 21:23:56: *******Train Epoch 38: averaged Loss : 6.014341
2024-04-13 21:23:57: *******Val Epoch 38: averaged Loss : 6.212666 sep loss : [6.21266607 0.29767404 0.27886254]
2024-04-13 21:23:57: loss weights: [1.0076207 1.0045723 0.9878068]
2024-04-13 21:24:13: *******Train Epoch 39: averaged Loss : 6.045619
2024-04-13 21:24:14: *******Val Epoch 39: averaged Loss : 6.062707 sep loss : [6.06270662 0.27820472 0.27915222]
2024-04-13 21:24:14: loss weights: [0.9948052 1.0000194 1.0051754]
2024-04-13 21:24:29: *******Train Epoch 40: averaged Loss : 5.988413
2024-04-13 21:24:30: *******Val Epoch 40: averaged Loss : 5.987196 sep loss : [5.98719557 0.27920324 0.24438638]
2024-04-13 21:24:30: **************Current best model saved to D:\SUSTECH\Research\GNN_for_OOD\Self-Supervised Deconfounding Against Spatio-Temporal Shifts Theory and Modeling\STEVE\STEVE\experiments\NYCBike1/mydata\gr_\20240413-211345\best_model.pth
2024-04-13 21:24:30: loss weights: [1.0078232  0.99712497 0.99505174]
2024-04-13 21:24:45: *******Train Epoch 41: averaged Loss : 6.022739
2024-04-13 21:24:46: *******Val Epoch 41: averaged Loss : 6.259338 sep loss : [6.25933798 0.27628283 0.2370088 ]
2024-04-13 21:24:46: loss weights: [1.0004418 1.0068334 0.9927248]
2024-04-13 21:25:02: *******Train Epoch 42: averaged Loss : 5.962422
2024-04-13 21:25:02: *******Val Epoch 42: averaged Loss : 6.087977 sep loss : [6.08797708 0.25279145 0.24277758]
2024-04-13 21:25:02: loss weights: [1.0063891  0.99439526 0.99921536]
2024-04-13 21:25:18: *******Train Epoch 43: averaged Loss : 5.961806
2024-04-13 21:25:19: *******Val Epoch 43: averaged Loss : 6.046350 sep loss : [6.04634967 0.29821252 0.2567931 ]
2024-04-13 21:25:19: loss weights: [1.002002  0.9976709 1.0003271]
2024-04-13 21:25:35: *******Train Epoch 44: averaged Loss : 5.922364
2024-04-13 21:25:36: *******Val Epoch 44: averaged Loss : 6.045326 sep loss : [6.04532609 0.27723735 0.24460055]
2024-04-13 21:25:36: loss weights: [0.9938012 0.9989957 1.007203 ]
2024-04-13 21:25:54: *******Train Epoch 45: averaged Loss : 5.814712
2024-04-13 21:25:55: *******Val Epoch 45: averaged Loss : 5.968966 sep loss : [5.96896637 0.26860091 0.25421929]
2024-04-13 21:25:55: **************Current best model saved to D:\SUSTECH\Research\GNN_for_OOD\Self-Supervised Deconfounding Against Spatio-Temporal Shifts Theory and Modeling\STEVE\STEVE\experiments\NYCBike1/mydata\gr_\20240413-211345\best_model.pth
2024-04-13 21:25:55: loss weights: [1.0066881 0.9986445 0.9946674]
2024-04-13 21:26:12: *******Train Epoch 46: averaged Loss : 5.862130
2024-04-13 21:26:13: *******Val Epoch 46: averaged Loss : 5.967182 sep loss : [5.96718231 0.29177438 0.26647045]
2024-04-13 21:26:13: **************Current best model saved to D:\SUSTECH\Research\GNN_for_OOD\Self-Supervised Deconfounding Against Spatio-Temporal Shifts Theory and Modeling\STEVE\STEVE\experiments\NYCBike1/mydata\gr_\20240413-211345\best_model.pth
2024-04-13 21:26:13: loss weights: [1.0022322 0.9990276 0.9987401]
2024-04-13 21:26:30: *******Train Epoch 47: averaged Loss : 5.832020
2024-04-13 21:26:31: *******Val Epoch 47: averaged Loss : 6.043373 sep loss : [6.04337289 0.28156484 0.24846071]
2024-04-13 21:26:31: loss weights: [0.997233  0.997944  1.0048231]
2024-04-13 21:26:49: *******Train Epoch 48: averaged Loss : 5.822737
2024-04-13 21:26:49: *******Val Epoch 48: averaged Loss : 5.956839 sep loss : [5.95683938 0.26794231 0.27428435]
2024-04-13 21:26:49: **************Current best model saved to D:\SUSTECH\Research\GNN_for_OOD\Self-Supervised Deconfounding Against Spatio-Temporal Shifts Theory and Modeling\STEVE\STEVE\experiments\NYCBike1/mydata\gr_\20240413-211345\best_model.pth
2024-04-13 21:26:50: loss weights: [1.0010529  0.9992863  0.99966097]
2024-04-13 21:27:07: *******Train Epoch 49: averaged Loss : 5.762765
2024-04-13 21:27:08: *******Val Epoch 49: averaged Loss : 5.989363 sep loss : [5.98936345 0.28029357 0.24551416]
2024-04-13 21:27:08: loss weights: [1.002558  0.9996877 0.9977542]
2024-04-13 21:27:25: *******Train Epoch 50: averaged Loss : 5.764743
2024-04-13 21:27:26: *******Val Epoch 50: averaged Loss : 5.919340 sep loss : [5.91933973 0.27266165 0.25245474]
2024-04-13 21:27:26: **************Current best model saved to D:\SUSTECH\Research\GNN_for_OOD\Self-Supervised Deconfounding Against Spatio-Temporal Shifts Theory and Modeling\STEVE\STEVE\experiments\NYCBike1/mydata\gr_\20240413-211345\best_model.pth
2024-04-13 21:27:26: loss weights: [1.0039625  0.99898875 0.99704885]
2024-04-13 21:27:43: *******Train Epoch 51: averaged Loss : 5.747640
2024-04-13 21:27:44: *******Val Epoch 51: averaged Loss : 5.944238 sep loss : [5.94423837 0.25474478 0.25814785]
2024-04-13 21:27:44: loss weights: [0.9991052 0.9989532 1.0019414]
2024-04-13 21:28:01: *******Train Epoch 52: averaged Loss : 5.715080
2024-04-13 21:28:02: *******Val Epoch 52: averaged Loss : 6.007047 sep loss : [6.00704696 0.26920531 0.26188315]
2024-04-13 21:28:02: loss weights: [0.99820936 0.9999715  1.0018193 ]
2024-04-13 21:28:20: *******Train Epoch 53: averaged Loss : 5.725201
2024-04-13 21:28:21: *******Val Epoch 53: averaged Loss : 5.968074 sep loss : [5.96807355 0.26416803 0.26923644]
2024-04-13 21:28:21: loss weights: [0.99541223 0.9952786  1.0093093 ]
2024-04-13 21:28:38: *******Train Epoch 54: averaged Loss : 5.654801
2024-04-13 21:28:39: *******Val Epoch 54: averaged Loss : 5.970850 sep loss : [5.97084966 0.2829968  0.2476914 ]
2024-04-13 21:28:39: loss weights: [1.0112581  0.99973965 0.9890022 ]
2024-04-13 21:28:57: *******Train Epoch 55: averaged Loss : 5.722863
2024-04-13 21:28:58: *******Val Epoch 55: averaged Loss : 5.900132 sep loss : [5.90013214 0.28066255 0.25528122]
2024-04-13 21:28:58: **************Current best model saved to D:\SUSTECH\Research\GNN_for_OOD\Self-Supervised Deconfounding Against Spatio-Temporal Shifts Theory and Modeling\STEVE\STEVE\experiments\NYCBike1/mydata\gr_\20240413-211345\best_model.pth
2024-04-13 21:28:58: loss weights: [1.0038037  1.0039418  0.99225414]
2024-04-13 21:29:17: *******Train Epoch 56: averaged Loss : 5.656903
2024-04-13 21:29:18: *******Val Epoch 56: averaged Loss : 5.884659 sep loss : [5.88465889 0.26523658 0.26037231]
2024-04-13 21:29:18: **************Current best model saved to D:\SUSTECH\Research\GNN_for_OOD\Self-Supervised Deconfounding Against Spatio-Temporal Shifts Theory and Modeling\STEVE\STEVE\experiments\NYCBike1/mydata\gr_\20240413-211345\best_model.pth
2024-04-13 21:29:18: loss weights: [0.9942899  0.99700356 1.0087066 ]
2024-04-13 21:29:37: *******Train Epoch 57: averaged Loss : 5.593570
2024-04-13 21:29:38: *******Val Epoch 57: averaged Loss : 5.943561 sep loss : [5.94356056 0.25946316 0.2413425 ]
2024-04-13 21:29:38: loss weights: [1.0045875  0.99634385 0.99906886]
2024-04-13 21:29:56: *******Train Epoch 58: averaged Loss : 5.627377
2024-04-13 21:29:57: *******Val Epoch 58: averaged Loss : 5.867479 sep loss : [5.8674791  0.25705539 0.25627896]
2024-04-13 21:29:58: **************Current best model saved to D:\SUSTECH\Research\GNN_for_OOD\Self-Supervised Deconfounding Against Spatio-Temporal Shifts Theory and Modeling\STEVE\STEVE\experiments\NYCBike1/mydata\gr_\20240413-211345\best_model.pth
2024-04-13 21:29:58: loss weights: [0.9997684  1.0011871  0.99904466]
2024-04-13 21:30:16: *******Train Epoch 59: averaged Loss : 5.586135
2024-04-13 21:30:17: *******Val Epoch 59: averaged Loss : 5.920332 sep loss : [5.92033229 0.28325792 0.26437421]
2024-04-13 21:30:17: loss weights: [1.0024662  0.99916524 0.9983685 ]
2024-04-13 21:30:34: *******Train Epoch 60: averaged Loss : 5.615081
2024-04-13 21:30:35: *******Val Epoch 60: averaged Loss : 6.024477 sep loss : [6.02447719 0.2635694  0.26060992]
2024-04-13 21:30:35: loss weights: [0.9964833 1.0100036 0.993513 ]
2024-04-13 21:30:52: *******Train Epoch 61: averaged Loss : 5.563645
2024-04-13 21:30:53: *******Val Epoch 61: averaged Loss : 6.087078 sep loss : [6.08707817 0.27373748 0.24599135]
2024-04-13 21:30:53: loss weights: [1.0066701 0.982206  1.0111238]
2024-04-13 21:31:11: *******Train Epoch 62: averaged Loss : 5.589429
2024-04-13 21:31:12: *******Val Epoch 62: averaged Loss : 6.000516 sep loss : [6.00051597 0.26982922 0.24569986]
2024-04-13 21:31:12: loss weights: [1.0064417 1.0028813 0.990677 ]
2024-04-13 21:31:29: *******Train Epoch 63: averaged Loss : 5.573140
2024-04-13 21:31:30: *******Val Epoch 63: averaged Loss : 5.866017 sep loss : [5.86601741 0.29030612 0.25481503]
2024-04-13 21:31:30: **************Current best model saved to D:\SUSTECH\Research\GNN_for_OOD\Self-Supervised Deconfounding Against Spatio-Temporal Shifts Theory and Modeling\STEVE\STEVE\experiments\NYCBike1/mydata\gr_\20240413-211345\best_model.pth
2024-04-13 21:31:30: loss weights: [0.9889911  0.99447346 1.0165356 ]
2024-04-13 21:31:47: *******Train Epoch 64: averaged Loss : 5.464808
2024-04-13 21:31:48: *******Val Epoch 64: averaged Loss : 5.906415 sep loss : [5.90641524 0.27734749 0.22733548]
2024-04-13 21:31:48: loss weights: [1.0002242 1.0156035 0.9841721]
2024-04-13 21:32:06: *******Train Epoch 65: averaged Loss : 5.494561
2024-04-13 21:32:07: *******Val Epoch 65: averaged Loss : 5.929784 sep loss : [5.92978393 0.26998812 0.24794054]
2024-04-13 21:32:07: loss weights: [1.0013671  0.99636686 1.0022659 ]
2024-04-13 21:32:24: *******Train Epoch 66: averaged Loss : 5.498503
2024-04-13 21:32:25: *******Val Epoch 66: averaged Loss : 5.853176 sep loss : [5.8531756  0.26617403 0.26792156]
2024-04-13 21:32:25: **************Current best model saved to D:\SUSTECH\Research\GNN_for_OOD\Self-Supervised Deconfounding Against Spatio-Temporal Shifts Theory and Modeling\STEVE\STEVE\experiments\NYCBike1/mydata\gr_\20240413-211345\best_model.pth
2024-04-13 21:32:25: loss weights: [1.0032324  0.98590624 1.0108614 ]
2024-04-13 21:32:42: *******Train Epoch 67: averaged Loss : 5.483069
2024-04-13 21:32:43: *******Val Epoch 67: averaged Loss : 5.957081 sep loss : [5.95708117 0.26951654 0.26981115]
2024-04-13 21:32:43: loss weights: [0.9995186 1.0097225 0.990759 ]
2024-04-13 21:33:00: *******Train Epoch 68: averaged Loss : 5.468756
2024-04-13 21:33:01: *******Val Epoch 68: averaged Loss : 5.908835 sep loss : [5.90883519 0.27427221 0.24469416]
2024-04-13 21:33:01: loss weights: [1.0041815  1.0030249  0.99279374]
2024-04-13 21:33:18: *******Train Epoch 69: averaged Loss : 5.471704
2024-04-13 21:33:19: *******Val Epoch 69: averaged Loss : 5.894753 sep loss : [5.8947525  0.28644333 0.25759748]
2024-04-13 21:33:19: loss weights: [1.0019473 0.9947201 1.0033326]
2024-04-13 21:33:39: *******Train Epoch 70: averaged Loss : 5.451777
2024-04-13 21:33:40: *******Val Epoch 70: averaged Loss : 5.937438 sep loss : [5.93743757 0.25995766 0.25023741]
2024-04-13 21:33:40: loss weights: [0.99748003 0.99719286 1.0053273 ]
2024-04-13 21:34:00: *******Train Epoch 71: averaged Loss : 5.414181
2024-04-13 21:34:01: *******Val Epoch 71: averaged Loss : 5.958586 sep loss : [5.95858552 0.2689595  0.26860599]
2024-04-13 21:34:01: loss weights: [1.0005968  1.0019131  0.99749047]
2024-04-13 21:34:21: *******Train Epoch 72: averaged Loss : 5.428460
2024-04-13 21:34:22: *******Val Epoch 72: averaged Loss : 5.972664 sep loss : [5.97266395 0.28226098 0.24476563]
2024-04-13 21:34:22: loss weights: [0.9976875 0.9990522 1.0032603]
2024-04-13 21:34:40: *******Train Epoch 73: averaged Loss : 5.420224
2024-04-13 21:34:41: *******Val Epoch 73: averaged Loss : 5.943446 sep loss : [5.94344627 0.27270063 0.24194375]
2024-04-13 21:34:41: loss weights: [1.0043384  1.0060003  0.98966146]
2024-04-13 21:34:59: *******Train Epoch 74: averaged Loss : 5.446516
2024-04-13 21:35:00: *******Val Epoch 74: averaged Loss : 5.909496 sep loss : [5.90949557 0.26729034 0.25640964]
2024-04-13 21:35:00: loss weights: [1.0021192 0.9953817 1.0024992]
2024-04-13 21:35:19: *******Train Epoch 75: averaged Loss : 5.383383
2024-04-13 21:35:20: *******Val Epoch 75: averaged Loss : 5.932907 sep loss : [5.93290732 0.27704675 0.25546233]
2024-04-13 21:35:20: loss weights: [1.0024037 1.0000404 0.9975559]
2024-04-13 21:35:40: *******Train Epoch 76: averaged Loss : 5.378461
2024-04-13 21:35:41: *******Val Epoch 76: averaged Loss : 5.927569 sep loss : [5.92756884 0.27386639 0.27298675]
2024-04-13 21:35:41: loss weights: [0.99714786 0.9922541  1.0105981 ]
2024-04-13 21:36:00: *******Train Epoch 77: averaged Loss : 5.375634
2024-04-13 21:36:01: *******Val Epoch 77: averaged Loss : 5.932254 sep loss : [5.93225442 0.26948735 0.27936974]
2024-04-13 21:36:01: loss weights: [1.0004883 0.996194  1.0033177]
2024-04-13 21:36:21: *******Train Epoch 78: averaged Loss : 5.351023
2024-04-13 21:36:23: *******Val Epoch 78: averaged Loss : 5.875862 sep loss : [5.87586212 0.27648435 0.23640712]
2024-04-13 21:36:23: loss weights: [0.9992904  1.009324   0.99138594]
2024-04-13 21:36:41: *******Train Epoch 79: averaged Loss : 5.321035
2024-04-13 21:36:42: *******Val Epoch 79: averaged Loss : 5.864221 sep loss : [5.86422124 0.28461032 0.24041597]
2024-04-13 21:36:42: loss weights: [1.0062748  0.99912226 0.9946029 ]
2024-04-13 21:37:00: *******Train Epoch 80: averaged Loss : 5.357851
2024-04-13 21:37:01: *******Val Epoch 80: averaged Loss : 5.873846 sep loss : [5.87384598 0.29111901 0.25940668]
2024-04-13 21:37:01: loss weights: [1.0004022 1.005695  0.9939029]
2024-04-13 21:37:20: *******Train Epoch 81: averaged Loss : 5.336262
2024-04-13 21:37:21: *******Val Epoch 81: averaged Loss : 5.805809 sep loss : [5.80580865 0.31052288 0.25167949]
2024-04-13 21:37:21: **************Current best model saved to D:\SUSTECH\Research\GNN_for_OOD\Self-Supervised Deconfounding Against Spatio-Temporal Shifts Theory and Modeling\STEVE\STEVE\experiments\NYCBike1/mydata\gr_\20240413-211345\best_model.pth
2024-04-13 21:37:21: loss weights: [0.9944638 1.0041784 1.0013578]
2024-04-13 21:37:39: *******Train Epoch 82: averaged Loss : 5.264612
2024-04-13 21:37:40: *******Val Epoch 82: averaged Loss : 5.915606 sep loss : [5.91560613 0.27617314 0.25345315]
2024-04-13 21:37:40: loss weights: [1.0024257  0.99279654 1.0047779 ]
2024-04-13 21:37:58: *******Train Epoch 83: averaged Loss : 5.293268
2024-04-13 21:37:59: *******Val Epoch 83: averaged Loss : 5.835903 sep loss : [5.83590269 0.2829118  0.24775543]
2024-04-13 21:37:59: loss weights: [0.99969167 0.9926226  1.0076858 ]
2024-04-13 21:38:18: *******Train Epoch 84: averaged Loss : 5.301960
2024-04-13 21:38:19: *******Val Epoch 84: averaged Loss : 5.893085 sep loss : [5.89308475 0.28487464 0.25983963]
2024-04-13 21:38:19: loss weights: [0.99980074 1.0047868  0.9954123 ]
2024-04-13 21:38:38: *******Train Epoch 85: averaged Loss : 5.280397
2024-04-13 21:38:39: *******Val Epoch 85: averaged Loss : 5.920612 sep loss : [5.9206116  0.27332065 0.25677699]
2024-04-13 21:38:39: loss weights: [1.0003041 0.9918672 1.0078287]
2024-04-13 21:38:58: *******Train Epoch 86: averaged Loss : 5.309286
2024-04-13 21:38:59: *******Val Epoch 86: averaged Loss : 5.872900 sep loss : [5.87289975 0.28038015 0.25238993]
2024-04-13 21:38:59: loss weights: [1.0055363  1.0012666  0.99319714]
2024-04-13 21:39:18: *******Train Epoch 87: averaged Loss : 5.300839
2024-04-13 21:39:20: *******Val Epoch 87: averaged Loss : 5.839960 sep loss : [5.83996047 0.28043983 0.25147154]
2024-04-13 21:39:20: loss weights: [1.0001154  1.0008768  0.99900806]
2024-04-13 21:39:39: *******Train Epoch 88: averaged Loss : 5.266105
2024-04-13 21:39:40: *******Val Epoch 88: averaged Loss : 5.925068 sep loss : [5.92506794 0.27892041 0.23928141]
2024-04-13 21:39:40: loss weights: [0.99694896 1.0089465  0.99410474]
2024-04-13 21:39:59: *******Train Epoch 89: averaged Loss : 5.235161
2024-04-13 21:40:00: *******Val Epoch 89: averaged Loss : 5.833600 sep loss : [5.83360001 0.28901947 0.27914543]
2024-04-13 21:40:00: loss weights: [1.0003583  0.99659586 1.0030458 ]
2024-04-13 21:40:19: *******Train Epoch 90: averaged Loss : 5.250890
2024-04-13 21:40:20: *******Val Epoch 90: averaged Loss : 5.905988 sep loss : [5.9059884  0.27402095 0.24038991]
2024-04-13 21:40:20: loss weights: [0.99559355 0.99619293 1.0082135 ]
2024-04-13 21:40:40: *******Train Epoch 91: averaged Loss : 5.204531
2024-04-13 21:40:41: *******Val Epoch 91: averaged Loss : 5.900947 sep loss : [5.90094676 0.29996062 0.25270124]
2024-04-13 21:40:41: loss weights: [1.0097039 1.0004302 0.9898658]
2024-04-13 21:41:00: *******Train Epoch 92: averaged Loss : 5.243632
2024-04-13 21:41:01: *******Val Epoch 92: averaged Loss : 5.920686 sep loss : [5.92068591 0.28506571 0.28190308]
2024-04-13 21:41:01: loss weights: [0.99659836 0.99674535 1.0066562 ]
2024-04-13 21:41:19: *******Train Epoch 93: averaged Loss : 5.163569
2024-04-13 21:41:21: *******Val Epoch 93: averaged Loss : 5.917171 sep loss : [5.91717118 0.28806018 0.28171272]
2024-04-13 21:41:21: loss weights: [1.0004649 1.0024953 0.9970398]
2024-04-13 21:41:39: *******Train Epoch 94: averaged Loss : 5.226368
2024-04-13 21:41:40: *******Val Epoch 94: averaged Loss : 5.896121 sep loss : [5.89612121 0.2915412  0.25464579]
2024-04-13 21:41:40: loss weights: [1.000401  0.9895178 1.0100813]
2024-04-13 21:41:58: *******Train Epoch 95: averaged Loss : 5.164753
2024-04-13 21:41:59: *******Val Epoch 95: averaged Loss : 5.885296 sep loss : [5.88529631 0.31006687 0.24232123]
2024-04-13 21:41:59: loss weights: [1.0001848 1.0178503 0.9819648]
2024-04-13 21:42:18: *******Train Epoch 96: averaged Loss : 5.183244
2024-04-13 21:42:19: *******Val Epoch 96: averaged Loss : 5.883345 sep loss : [5.88334491 0.31514413 0.25534329]
2024-04-13 21:42:19: loss weights: [0.9920664 1.002641  1.0052927]
2024-04-13 21:42:38: *******Train Epoch 97: averaged Loss : 5.164531
2024-04-13 21:42:39: *******Val Epoch 97: averaged Loss : 5.830863 sep loss : [5.83086282 0.29603867 0.27563002]
2024-04-13 21:42:39: loss weights: [1.0027306  0.98543966 1.0118299 ]
2024-04-13 21:42:58: *******Train Epoch 98: averaged Loss : 5.192744
2024-04-13 21:42:59: *******Val Epoch 98: averaged Loss : 5.930367 sep loss : [5.93036655 0.28479249 0.24783476]
2024-04-13 21:42:59: loss weights: [1.0010695 0.9962345 1.002696 ]
2024-04-13 21:43:17: *******Train Epoch 99: averaged Loss : 5.134024
2024-04-13 21:43:18: *******Val Epoch 99: averaged Loss : 5.874494 sep loss : [5.87449364 0.28470284 0.25965231]
2024-04-13 21:43:18: loss weights: [1.0064561 1.0021527 0.9913911]
2024-04-13 21:43:37: *******Train Epoch 100: averaged Loss : 5.203622
2024-04-13 21:43:38: *******Val Epoch 100: averaged Loss : 5.887898 sep loss : [5.88789797 0.28379439 0.25724534]
2024-04-13 21:43:38: loss weights: [1.0031673  1.0024344  0.99439824]
2024-04-13 21:43:56: *******Train Epoch 101: averaged Loss : 5.150286
2024-04-13 21:43:58: *******Val Epoch 101: averaged Loss : 5.820283 sep loss : [5.82028268 0.30096018 0.26232559]
2024-04-13 21:43:58: loss weights: [0.9909952  1.0108052  0.99819946]
2024-04-13 21:44:16: *******Train Epoch 102: averaged Loss : 5.099885
2024-04-13 21:44:17: *******Val Epoch 102: averaged Loss : 5.829089 sep loss : [5.82908869 0.29240155 0.23739206]
2024-04-13 21:44:17: loss weights: [0.9965992 0.994182  1.0092189]
2024-04-13 21:44:36: *******Train Epoch 103: averaged Loss : 4.965307
2024-04-13 21:44:37: *******Val Epoch 103: averaged Loss : 5.823213 sep loss : [5.82321321 0.28084443 0.2409665 ]
2024-04-13 21:44:37: loss weights: [1.0189863  0.9886106  0.99240315]
2024-04-13 21:44:56: *******Train Epoch 104: averaged Loss : 5.057413
2024-04-13 21:44:57: *******Val Epoch 104: averaged Loss : 5.834476 sep loss : [5.8344757  0.28536931 0.23555047]
2024-04-13 21:44:57: loss weights: [0.9995139 1.0000737 1.0004122]
2024-04-13 21:45:16: *******Train Epoch 105: averaged Loss : 4.973457
2024-04-13 21:45:17: *******Val Epoch 105: averaged Loss : 5.814651 sep loss : [5.81465112 0.28511868 0.23042596]
2024-04-13 21:45:17: loss weights: [1.0018072  0.99835485 0.99983793]
2024-04-13 21:45:37: *******Train Epoch 106: averaged Loss : 4.953224
2024-04-13 21:45:39: *******Val Epoch 106: averaged Loss : 5.850425 sep loss : [5.85042502 0.27997908 0.25342878]
2024-04-13 21:45:39: loss weights: [0.99947494 1.0012581  0.9992666 ]
2024-04-13 21:45:57: *******Train Epoch 107: averaged Loss : 4.938118
2024-04-13 21:45:58: *******Val Epoch 107: averaged Loss : 5.811336 sep loss : [5.81133648 0.28832852 0.25069057]
2024-04-13 21:45:58: loss weights: [1.0015179  0.99555814 1.0029241 ]
2024-04-13 21:46:17: *******Train Epoch 108: averaged Loss : 4.942827
2024-04-13 21:46:18: *******Val Epoch 108: averaged Loss : 5.809077 sep loss : [5.80907748 0.29544304 0.24155973]
2024-04-13 21:46:18: loss weights: [1.0001737  1.0010995  0.99872696]
2024-04-13 21:46:37: *******Train Epoch 109: averaged Loss : 4.925828
2024-04-13 21:46:38: *******Val Epoch 109: averaged Loss : 5.801194 sep loss : [5.80119371 0.29169278 0.24167804]
2024-04-13 21:46:38: **************Current best model saved to D:\SUSTECH\Research\GNN_for_OOD\Self-Supervised Deconfounding Against Spatio-Temporal Shifts Theory and Modeling\STEVE\STEVE\experiments\NYCBike1/mydata\gr_\20240413-211345\best_model.pth
2024-04-13 21:46:38: loss weights: [0.9992657 1.0030967 0.9976375]
2024-04-13 21:46:56: *******Train Epoch 110: averaged Loss : 4.915830
2024-04-13 21:46:57: *******Val Epoch 110: averaged Loss : 5.814563 sep loss : [5.81456283 0.28747063 0.2455715 ]
2024-04-13 21:46:57: loss weights: [0.999022   0.99436665 1.0066113 ]
2024-04-13 21:47:15: *******Train Epoch 111: averaged Loss : 4.914556
2024-04-13 21:47:17: *******Val Epoch 111: averaged Loss : 5.798032 sep loss : [5.7980317  0.29334839 0.24406167]
2024-04-13 21:47:17: **************Current best model saved to D:\SUSTECH\Research\GNN_for_OOD\Self-Supervised Deconfounding Against Spatio-Temporal Shifts Theory and Modeling\STEVE\STEVE\experiments\NYCBike1/mydata\gr_\20240413-211345\best_model.pth
2024-04-13 21:47:17: loss weights: [0.9995208 1.0059474 0.9945318]
2024-04-13 21:47:35: *******Train Epoch 112: averaged Loss : 4.922364
2024-04-13 21:47:36: *******Val Epoch 112: averaged Loss : 5.808022 sep loss : [5.80802199 0.28618841 0.242277  ]
2024-04-13 21:47:36: loss weights: [0.99953187 1.0001466  1.0003214 ]
2024-04-13 21:47:54: *******Train Epoch 113: averaged Loss : 4.905188
2024-04-13 21:47:56: *******Val Epoch 113: averaged Loss : 5.805778 sep loss : [5.80577814 0.29538266 0.23751801]
2024-04-13 21:47:56: loss weights: [1.0023363 0.9944288 1.0032349]
2024-04-13 21:48:14: *******Train Epoch 114: averaged Loss : 4.914510
2024-04-13 21:48:15: *******Val Epoch 114: averaged Loss : 5.811028 sep loss : [5.81102756 0.29530478 0.24520215]
2024-04-13 21:48:15: loss weights: [0.9989474 1.0010333 1.0000192]
2024-04-13 21:48:33: *******Train Epoch 115: averaged Loss : 4.882679
2024-04-13 21:48:35: *******Val Epoch 115: averaged Loss : 5.814271 sep loss : [5.81427072 0.2941316  0.24601529]
2024-04-13 21:48:35: loss weights: [1.0000666  1.0047488  0.99518466]
2024-04-13 21:48:53: *******Train Epoch 116: averaged Loss : 4.916450
2024-04-13 21:48:55: *******Val Epoch 116: averaged Loss : 5.820371 sep loss : [5.82037115 0.29978288 0.2345575 ]
2024-04-13 21:48:55: loss weights: [1.002053   0.99475586 1.0031914 ]
2024-04-13 21:49:14: *******Train Epoch 117: averaged Loss : 4.904656
2024-04-13 21:49:15: *******Val Epoch 117: averaged Loss : 5.803080 sep loss : [5.80308049 0.29592702 0.2561488 ]
2024-04-13 21:49:15: loss weights: [1.001204  0.9985595 1.0002365]
2024-04-13 21:49:34: *******Train Epoch 118: averaged Loss : 4.882873
2024-04-13 21:49:35: *******Val Epoch 118: averaged Loss : 5.803022 sep loss : [5.80302209 0.30244298 0.24579815]
2024-04-13 21:49:35: loss weights: [0.9971236 1.0037119 0.9991646]
2024-04-13 21:49:55: *******Train Epoch 119: averaged Loss : 4.881724
2024-04-13 21:49:56: *******Val Epoch 119: averaged Loss : 5.872503 sep loss : [5.87250266 0.29513871 0.25138509]
2024-04-13 21:49:56: loss weights: [1.0006808 0.9973391 1.0019801]
2024-04-13 21:50:16: *******Train Epoch 120: averaged Loss : 4.881339
2024-04-13 21:50:17: *******Val Epoch 120: averaged Loss : 5.816627 sep loss : [5.8166271  0.30235066 0.25973266]
2024-04-13 21:50:17: loss weights: [0.9986774  0.99946296 1.0018597 ]
2024-04-13 21:50:37: *******Train Epoch 121: averaged Loss : 4.860027
2024-04-13 21:50:38: *******Val Epoch 121: averaged Loss : 5.819076 sep loss : [5.8190758  0.30300029 0.24754366]
2024-04-13 21:50:38: loss weights: [1.0005722 1.0027858 0.9966421]
2024-04-13 21:50:57: *******Train Epoch 122: averaged Loss : 4.863293
2024-04-13 21:50:58: *******Val Epoch 122: averaged Loss : 5.826134 sep loss : [5.82613417 0.29423928 0.25318247]
2024-04-13 21:50:58: loss weights: [1.0000396 0.9950586 1.0049018]
2024-04-13 21:51:17: *******Train Epoch 123: averaged Loss : 4.858426
2024-04-13 21:51:18: *******Val Epoch 123: averaged Loss : 5.805517 sep loss : [5.80551679 0.29434453 0.26534991]
2024-04-13 21:51:18: loss weights: [0.99654776 1.0072817  0.9961704 ]
2024-04-13 21:51:36: *******Train Epoch 124: averaged Loss : 4.847042
2024-04-13 21:51:38: *******Val Epoch 124: averaged Loss : 5.835032 sep loss : [5.83503243 0.30208814 0.24649688]
2024-04-13 21:51:38: loss weights: [1.002623  0.9987006 0.9986764]
2024-04-13 21:51:56: *******Train Epoch 125: averaged Loss : 4.874710
2024-04-13 21:51:57: *******Val Epoch 125: averaged Loss : 5.859066 sep loss : [5.85906557 0.2984317  0.26799041]
2024-04-13 21:51:57: loss weights: [1.0011473 0.9986377 1.0002148]
2024-04-13 21:52:15: *******Train Epoch 126: averaged Loss : 4.849493
2024-04-13 21:52:16: *******Val Epoch 126: averaged Loss : 5.822692 sep loss : [5.82269236 0.30190049 0.26385109]
2024-04-13 21:52:16: loss weights: [1.001497  0.9972297 1.0012733]
2024-04-13 21:52:34: *******Train Epoch 127: averaged Loss : 4.856287
2024-04-13 21:52:35: *******Val Epoch 127: averaged Loss : 5.836675 sep loss : [5.83667498 0.30538996 0.25476276]
2024-04-13 21:52:35: loss weights: [0.9966479 1.0013857 1.0019665]
2024-04-13 21:52:53: *******Train Epoch 128: averaged Loss : 4.822079
2024-04-13 21:52:55: *******Val Epoch 128: averaged Loss : 5.841781 sep loss : [5.84178125 0.30351807 0.25215226]
2024-04-13 21:52:55: loss weights: [1.0038351 0.9998855 0.9962795]
2024-04-13 21:53:13: *******Train Epoch 129: averaged Loss : 4.859097
2024-04-13 21:53:14: *******Val Epoch 129: averaged Loss : 5.826063 sep loss : [5.82606253 0.30543877 0.26344225]
2024-04-13 21:53:14: loss weights: [0.99788785 1.003864   0.9982482 ]
2024-04-13 21:53:32: *******Train Epoch 130: averaged Loss : 4.811717
2024-04-13 21:53:33: *******Val Epoch 130: averaged Loss : 5.815536 sep loss : [5.81553635 0.30774974 0.26116233]
2024-04-13 21:53:33: loss weights: [1.0016414  0.99894583 0.9994128 ]
2024-04-13 21:53:52: *******Train Epoch 131: averaged Loss : 4.849427
2024-04-13 21:53:53: *******Val Epoch 131: averaged Loss : 5.820093 sep loss : [5.82009315 0.31245251 0.28215435]
2024-04-13 21:53:53: loss weights: [0.99944973 0.99972034 1.0008297 ]
2024-04-13 21:54:13: *******Train Epoch 132: averaged Loss : 4.807712
2024-04-13 21:54:14: *******Val Epoch 132: averaged Loss : 5.824500 sep loss : [5.82450012 0.30145873 0.25909109]
2024-04-13 21:54:14: loss weights: [0.99924994 0.99396133 1.0067887 ]
2024-04-13 21:54:34: *******Train Epoch 133: averaged Loss : 4.766999
2024-04-13 21:54:35: *******Val Epoch 133: averaged Loss : 5.809269 sep loss : [5.80926935 0.29880505 0.24435791]
2024-04-13 21:54:35: loss weights: [1.0046388  1.0004127  0.99494874]
2024-04-13 21:54:54: *******Train Epoch 134: averaged Loss : 4.772663
2024-04-13 21:54:55: *******Val Epoch 134: averaged Loss : 5.795209 sep loss : [5.79520922 0.29993011 0.24912737]
2024-04-13 21:54:55: **************Current best model saved to D:\SUSTECH\Research\GNN_for_OOD\Self-Supervised Deconfounding Against Spatio-Temporal Shifts Theory and Modeling\STEVE\STEVE\experiments\NYCBike1/mydata\gr_\20240413-211345\best_model.pth
2024-04-13 21:54:55: loss weights: [1.0015213 0.996953  1.0015258]
2024-04-13 21:55:14: *******Train Epoch 135: averaged Loss : 4.743521
2024-04-13 21:55:15: *******Val Epoch 135: averaged Loss : 5.830388 sep loss : [5.83038796 0.30293584 0.26235794]
2024-04-13 21:55:15: loss weights: [0.9973274  1.0028102  0.99986255]
2024-04-13 21:55:34: *******Train Epoch 136: averaged Loss : 4.730831
2024-04-13 21:55:35: *******Val Epoch 136: averaged Loss : 5.821677 sep loss : [5.8216771  0.30010994 0.2554833 ]
2024-04-13 21:55:35: loss weights: [1.0021801 0.9984795 0.9993404]
2024-04-13 21:55:54: *******Train Epoch 137: averaged Loss : 4.748512
2024-04-13 21:55:55: *******Val Epoch 137: averaged Loss : 5.804960 sep loss : [5.80496007 0.29923779 0.26191341]
2024-04-13 21:55:55: loss weights: [0.9993941 0.9994029 1.001203 ]
2024-04-13 21:56:14: *******Train Epoch 138: averaged Loss : 4.727288
2024-04-13 21:56:15: *******Val Epoch 138: averaged Loss : 5.807428 sep loss : [5.8074284  0.30215934 0.24844109]
2024-04-13 21:56:15: loss weights: [0.9995682  1.002483   0.99794877]
2024-04-13 21:56:33: *******Train Epoch 139: averaged Loss : 4.720654
2024-04-13 21:56:34: *******Val Epoch 139: averaged Loss : 5.804667 sep loss : [5.8046667  0.30713113 0.25971375]
2024-04-13 21:56:34: loss weights: [1.000219  0.9988151 1.0009658]
2024-04-13 21:56:53: *******Train Epoch 140: averaged Loss : 4.725489
2024-04-13 21:56:54: *******Val Epoch 140: averaged Loss : 5.801104 sep loss : [5.80110447 0.30625619 0.25412914]
2024-04-13 21:56:54: loss weights: [0.9992289  0.99950606 1.0012653 ]
2024-04-13 21:57:12: *******Train Epoch 141: averaged Loss : 4.723377
2024-04-13 21:57:13: *******Val Epoch 141: averaged Loss : 5.815558 sep loss : [5.81555792 0.29998243 0.24945195]
2024-04-13 21:57:13: loss weights: [1.0000767 1.0006883 0.999235 ]
2024-04-13 21:57:31: *******Train Epoch 142: averaged Loss : 4.731480
2024-04-13 21:57:33: *******Val Epoch 142: averaged Loss : 5.798164 sep loss : [5.79816444 0.30041406 0.25653593]
2024-04-13 21:57:33: loss weights: [1.0014977 1.0004631 0.9980391]
2024-04-13 21:57:51: *******Train Epoch 143: averaged Loss : 4.729712
2024-04-13 21:57:52: *******Val Epoch 143: averaged Loss : 5.807736 sep loss : [5.80773643 0.29980015 0.26330251]
2024-04-13 21:57:52: loss weights: [0.9993609 0.9977902 1.0028489]
2024-04-13 21:58:10: *******Train Epoch 144: averaged Loss : 4.717284
2024-04-13 21:58:11: *******Val Epoch 144: averaged Loss : 5.802481 sep loss : [5.80248081 0.30922375 0.25545664]
2024-04-13 21:58:11: loss weights: [0.9986378 1.0018249 0.9995372]
2024-04-13 21:58:30: *******Train Epoch 145: averaged Loss : 4.729672
2024-04-13 21:58:31: *******Val Epoch 145: averaged Loss : 5.807342 sep loss : [5.80734187 0.30754636 0.25119817]
2024-04-13 21:58:31: loss weights: [1.0013447 0.9981947 1.0004606]
2024-04-13 21:58:50: *******Train Epoch 146: averaged Loss : 4.723856
2024-04-13 21:58:51: *******Val Epoch 146: averaged Loss : 5.806248 sep loss : [5.80624815 0.30200789 0.25997832]
2024-04-13 21:58:51: loss weights: [1.0003543  0.99875605 1.0008898 ]
2024-04-13 21:59:11: *******Train Epoch 147: averaged Loss : 4.708816
2024-04-13 21:59:12: *******Val Epoch 147: averaged Loss : 5.797013 sep loss : [5.79701259 0.30632501 0.2606854 ]
2024-04-13 21:59:12: loss weights: [0.99955827 1.0016172  0.9988246 ]
2024-04-13 21:59:33: *******Train Epoch 148: averaged Loss : 4.712024
2024-04-13 21:59:34: *******Val Epoch 148: averaged Loss : 5.808819 sep loss : [5.80881867 0.30424078 0.2488627 ]
2024-04-13 21:59:34: loss weights: [0.9996781 1.0013027 0.9990193]
2024-04-13 21:59:54: *******Train Epoch 149: averaged Loss : 4.704208
2024-04-13 21:59:56: *******Val Epoch 149: averaged Loss : 5.821928 sep loss : [5.82192799 0.3101468  0.25093559]
2024-04-13 21:59:56: loss weights: [0.99920905 0.9991263  1.0016645 ]
2024-04-13 22:00:16: *******Train Epoch 150: averaged Loss : 4.708207
2024-04-13 22:00:17: *******Val Epoch 150: averaged Loss : 5.803233 sep loss : [5.80323304 0.30505702 0.2572298 ]
2024-04-13 22:00:17: loss weights: [1.0003492  0.99919564 1.0004553 ]
2024-04-13 22:00:36: *******Train Epoch 151: averaged Loss : 4.709311
2024-04-13 22:00:37: *******Val Epoch 151: averaged Loss : 5.807005 sep loss : [5.80700548 0.30199034 0.24592705]
2024-04-13 22:00:37: loss weights: [0.9999666  0.99912083 1.0009125 ]
2024-04-13 22:00:57: *******Train Epoch 152: averaged Loss : 4.700849
2024-04-13 22:00:58: *******Val Epoch 152: averaged Loss : 5.832011 sep loss : [5.83201086 0.30766927 0.25866723]
2024-04-13 22:00:58: loss weights: [1.0000129 1.0011644 0.9988228]
2024-04-13 22:01:16: *******Train Epoch 153: averaged Loss : 4.706208
2024-04-13 22:01:17: *******Val Epoch 153: averaged Loss : 5.811416 sep loss : [5.81141626 0.30819865 0.24588234]
2024-04-13 22:01:17: loss weights: [0.99969614 1.0028963  0.9974073 ]
2024-04-13 22:01:35: *******Train Epoch 154: averaged Loss : 4.703834
2024-04-13 22:01:37: *******Val Epoch 154: averaged Loss : 5.847076 sep loss : [5.84707638 0.30909389 0.25493456]
2024-04-13 22:01:37: loss weights: [1.0007051  0.99878025 1.0005149 ]
2024-04-13 22:01:55: *******Train Epoch 155: averaged Loss : 4.699584
2024-04-13 22:01:56: *******Val Epoch 155: averaged Loss : 5.805657 sep loss : [5.80565651 0.31282528 0.25603111]
2024-04-13 22:01:56: loss weights: [0.9991989  0.99610895 1.0046921 ]
2024-04-13 22:02:14: *******Train Epoch 156: averaged Loss : 4.660832
2024-04-13 22:02:15: *******Val Epoch 156: averaged Loss : 5.809010 sep loss : [5.80901032 0.30413528 0.25297008]
2024-04-13 22:02:15: loss weights: [1.0023048  1.0009134  0.99678165]
2024-04-13 22:02:34: *******Train Epoch 157: averaged Loss : 4.664973
2024-04-13 22:02:35: *******Val Epoch 157: averaged Loss : 5.811477 sep loss : [5.81147671 0.30505862 0.2519892 ]
2024-04-13 22:02:35: loss weights: [0.9996011  0.99927735 1.0011215 ]
2024-04-13 22:02:53: *******Train Epoch 158: averaged Loss : 4.651255
2024-04-13 22:02:54: *******Val Epoch 158: averaged Loss : 5.802302 sep loss : [5.80230243 0.30599392 0.2563579 ]
2024-04-13 22:02:54: loss weights: [1.0001688  1.000066   0.99976534]
2024-04-13 22:03:13: *******Train Epoch 159: averaged Loss : 4.660152
2024-04-13 22:03:14: *******Val Epoch 159: averaged Loss : 5.796061 sep loss : [5.79606086 0.30583243 0.25575494]
2024-04-13 22:03:14: loss weights: [0.9995823 1.0002669 1.0001509]
2024-04-13 22:03:32: *******Train Epoch 160: averaged Loss : 4.658669
2024-04-13 22:03:34: *******Val Epoch 160: averaged Loss : 5.801395 sep loss : [5.80139494 0.30770119 0.26035691]
2024-04-13 22:03:34: loss weights: [1.0000783 1.0003889 0.9995329]
2024-04-13 22:03:53: *******Train Epoch 161: averaged Loss : 4.658036
2024-04-13 22:03:54: *******Val Epoch 161: averaged Loss : 5.799364 sep loss : [5.79936435 0.30672949 0.25862761]
2024-04-13 22:03:54: loss weights: [0.9990326 0.9992502 1.0017171]
2024-04-13 22:04:13: *******Train Epoch 162: averaged Loss : 4.645671
2024-04-13 22:04:14: *******Val Epoch 162: averaged Loss : 5.807874 sep loss : [5.80787417 0.31027074 0.25893264]
2024-04-13 22:04:14: loss weights: [1.0011324 1.0003703 0.9984975]
2024-04-13 22:04:33: *******Train Epoch 163: averaged Loss : 4.659569
2024-04-13 22:04:34: *******Val Epoch 163: averaged Loss : 5.802166 sep loss : [5.80216617 0.30489622 0.25519   ]
2024-04-13 22:04:34: loss weights: [0.99918115 0.9987545  1.0020642 ]
2024-04-13 22:04:53: *******Train Epoch 164: averaged Loss : 4.651023
2024-04-13 22:04:54: *******Val Epoch 164: averaged Loss : 5.809954 sep loss : [5.80995398 0.30332392 0.2552736 ]
2024-04-13 22:04:54: loss weights: [0.9998131 1.0012975 0.9988897]
2024-04-13 22:05:13: *******Train Epoch 165: averaged Loss : 4.655698
2024-04-13 22:05:15: *******Val Epoch 165: averaged Loss : 5.796620 sep loss : [5.79662019 0.31102556 0.25451022]
2024-04-13 22:05:15: loss weights: [1.0003824 0.9991361 1.0004814]
2024-04-13 22:05:34: *******Train Epoch 166: averaged Loss : 4.646643
2024-04-13 22:05:35: *******Val Epoch 166: averaged Loss : 5.812893 sep loss : [5.81289269 0.30726119 0.25682885]
2024-04-13 22:05:35: loss weights: [0.9990252 1.0006672 1.0003076]
2024-04-13 22:05:54: *******Train Epoch 167: averaged Loss : 4.636911
2024-04-13 22:05:55: *******Val Epoch 167: averaged Loss : 5.800418 sep loss : [5.80041808 0.313189   0.25731714]
2024-04-13 22:05:55: loss weights: [1.0004073 0.9995486 1.0000439]
2024-04-13 22:06:14: *******Train Epoch 168: averaged Loss : 4.654444
2024-04-13 22:06:15: *******Val Epoch 168: averaged Loss : 5.801780 sep loss : [5.80177953 0.31383135 0.25171375]
2024-04-13 22:06:15: loss weights: [1.0001175 1.0000391 0.9998435]
2024-04-13 22:06:33: *******Train Epoch 169: averaged Loss : 4.644367
2024-04-13 22:06:34: *******Val Epoch 169: averaged Loss : 5.805863 sep loss : [5.80586254 0.31068391 0.24765749]
2024-04-13 22:06:34: loss weights: [0.99931896 0.9998902  1.0007908 ]
2024-04-13 22:06:52: *******Train Epoch 170: averaged Loss : 4.646722
2024-04-13 22:06:53: *******Val Epoch 170: averaged Loss : 5.804067 sep loss : [5.80406732 0.30671561 0.25058029]
2024-04-13 22:06:53: loss weights: [1.0005794  0.99968934 0.9997314 ]
2024-04-13 22:07:12: *******Train Epoch 171: averaged Loss : 4.646965
2024-04-13 22:07:13: *******Val Epoch 171: averaged Loss : 5.816431 sep loss : [5.81643119 0.3070881  0.25532693]
2024-04-13 22:07:13: loss weights: [1.0003804  0.99893606 1.0006837 ]
2024-04-13 22:07:32: *******Train Epoch 172: averaged Loss : 4.649471
2024-04-13 22:07:33: *******Val Epoch 172: averaged Loss : 5.816018 sep loss : [5.8160184  0.31199611 0.25148212]
2024-04-13 22:07:33: loss weights: [1.0004835  1.0008224  0.99869394]
2024-04-13 22:07:51: *******Train Epoch 173: averaged Loss : 4.645428
2024-04-13 22:07:53: *******Val Epoch 173: averaged Loss : 5.818390 sep loss : [5.81839022 0.30782343 0.25274475]
2024-04-13 22:07:53: loss weights: [0.9984577 0.9999963 1.0015459]
2024-04-13 22:08:11: *******Train Epoch 174: averaged Loss : 4.647428
2024-04-13 22:08:12: *******Val Epoch 174: averaged Loss : 5.798658 sep loss : [5.79865775 0.31025266 0.24845273]
2024-04-13 22:08:12: loss weights: [1.0012589 1.0005668 0.9981744]
2024-04-13 22:08:31: *******Train Epoch 175: averaged Loss : 4.640022
2024-04-13 22:08:32: *******Val Epoch 175: averaged Loss : 5.823796 sep loss : [5.82379616 0.30771988 0.25510708]
2024-04-13 22:08:32: loss weights: [0.9995463  0.99968743 1.0007664 ]
2024-04-13 22:08:51: *******Train Epoch 176: averaged Loss : 4.634398
2024-04-13 22:08:52: *******Val Epoch 176: averaged Loss : 5.803674 sep loss : [5.80367433 0.30936789 0.25051893]
2024-04-13 22:08:52: loss weights: [1.0001684 0.9997333 1.0000983]
2024-04-13 22:09:11: *******Train Epoch 177: averaged Loss : 4.639621
2024-04-13 22:09:13: *******Val Epoch 177: averaged Loss : 5.812182 sep loss : [5.81218191 0.31068036 0.24873744]
2024-04-13 22:09:13: loss weights: [1.0004735  1.0000814  0.99944526]
2024-04-13 22:09:32: *******Train Epoch 178: averaged Loss : 4.621019
2024-04-13 22:09:33: *******Val Epoch 178: averaged Loss : 5.809403 sep loss : [5.80940302 0.30888466 0.25163087]
2024-04-13 22:09:33: loss weights: [0.9996126 0.9998771 1.0005102]
2024-04-13 22:09:53: *******Train Epoch 179: averaged Loss : 4.616193
2024-04-13 22:09:54: *******Val Epoch 179: averaged Loss : 5.802843 sep loss : [5.80284302 0.30918148 0.25015942]
2024-04-13 22:09:54: loss weights: [1.0003066 1.0002301 0.9994633]
2024-04-13 22:10:13: *******Train Epoch 180: averaged Loss : 4.629828
2024-04-13 22:10:14: *******Val Epoch 180: averaged Loss : 5.801098 sep loss : [5.80109827 0.31119875 0.24733815]
2024-04-13 22:10:14: loss weights: [0.9996855 0.9998794 1.0004349]
2024-04-13 22:10:34: *******Train Epoch 181: averaged Loss : 4.623963
2024-04-13 22:10:35: *******Val Epoch 181: averaged Loss : 5.803252 sep loss : [5.80325167 0.30774885 0.24454996]
2024-04-13 22:10:35: loss weights: [1.0013506  0.99940664 0.99924266]
2024-04-13 22:10:54: *******Train Epoch 182: averaged Loss : 4.621092
2024-04-13 22:10:55: *******Val Epoch 182: averaged Loss : 5.794299 sep loss : [5.79429865 0.31108178 0.24937365]
2024-04-13 22:10:55: **************Current best model saved to D:\SUSTECH\Research\GNN_for_OOD\Self-Supervised Deconfounding Against Spatio-Temporal Shifts Theory and Modeling\STEVE\STEVE\experiments\NYCBike1/mydata\gr_\20240413-211345\best_model.pth
2024-04-13 22:10:55: loss weights: [0.9987358 1.0004895 1.0007745]
2024-04-13 22:11:14: *******Train Epoch 183: averaged Loss : 4.615238
2024-04-13 22:11:15: *******Val Epoch 183: averaged Loss : 5.803756 sep loss : [5.80375646 0.31126972 0.25191726]
2024-04-13 22:11:15: loss weights: [1.0002668 0.9996923 1.0000408]
2024-04-13 22:11:33: *******Train Epoch 184: averaged Loss : 4.613582
2024-04-13 22:11:35: *******Val Epoch 184: averaged Loss : 5.813603 sep loss : [5.81360263 0.30941485 0.24880827]
2024-04-13 22:11:35: loss weights: [0.99931365 0.9998347  1.0008514 ]
2024-04-13 22:11:53: *******Train Epoch 185: averaged Loss : 4.613267
2024-04-13 22:11:54: *******Val Epoch 185: averaged Loss : 5.797691 sep loss : [5.79769094 0.30904111 0.24778239]
2024-04-13 22:11:54: loss weights: [1.0004034  0.99917245 1.0004243 ]
2024-04-13 22:12:12: *******Train Epoch 186: averaged Loss : 4.613279
2024-04-13 22:12:13: *******Val Epoch 186: averaged Loss : 5.800449 sep loss : [5.80044908 0.31258128 0.24771669]
2024-04-13 22:12:13: loss weights: [1.000227   1.0004287  0.99934447]
2024-04-13 22:12:32: *******Train Epoch 187: averaged Loss : 4.620895
2024-04-13 22:12:33: *******Val Epoch 187: averaged Loss : 5.796048 sep loss : [5.79604842 0.31058106 0.24902825]
2024-04-13 22:12:33: loss weights: [1.0000776 1.0004276 0.9994949]
2024-04-13 22:12:51: *******Train Epoch 188: averaged Loss : 4.616083
2024-04-13 22:12:52: *******Val Epoch 188: averaged Loss : 5.800746 sep loss : [5.80074622 0.31120831 0.24994791]
2024-04-13 22:12:52: loss weights: [0.9997233  0.99986327 1.0004135 ]
2024-04-13 22:13:11: *******Train Epoch 189: averaged Loss : 4.621935
2024-04-13 22:13:12: *******Val Epoch 189: averaged Loss : 5.800545 sep loss : [5.80054452 0.31246715 0.25129208]
2024-04-13 22:13:12: loss weights: [1.0006423 0.999347  1.0000108]
2024-04-13 22:13:30: *******Train Epoch 190: averaged Loss : 4.621060
2024-04-13 22:13:32: *******Val Epoch 190: averaged Loss : 5.802238 sep loss : [5.80223769 0.3111789  0.25409297]
2024-04-13 22:13:32: loss weights: [0.99900377 0.999549   1.0014473 ]
2024-04-13 22:13:51: *******Train Epoch 191: averaged Loss : 4.606293
2024-04-13 22:13:52: *******Val Epoch 191: averaged Loss : 5.800922 sep loss : [5.80092192 0.31121278 0.25099978]
2024-04-13 22:13:52: loss weights: [1.0004933 1.0009987 0.9985079]
2024-04-13 22:14:12: *******Train Epoch 192: averaged Loss : 4.628014
2024-04-13 22:14:13: *******Val Epoch 192: averaged Loss : 5.809017 sep loss : [5.80901692 0.31221162 0.25388747]
2024-04-13 22:14:13: loss weights: [0.9988752 1.0012947 0.99983  ]
2024-04-13 22:14:34: *******Train Epoch 193: averaged Loss : 4.618831
2024-04-13 22:14:35: *******Val Epoch 193: averaged Loss : 5.800376 sep loss : [5.80037561 0.31139401 0.25329251]
2024-04-13 22:14:35: loss weights: [1.0002965 0.9992713 1.0004323]
2024-04-13 22:14:55: *******Train Epoch 194: averaged Loss : 4.605037
2024-04-13 22:14:56: *******Val Epoch 194: averaged Loss : 5.808530 sep loss : [5.80852974 0.31266448 0.25750276]
2024-04-13 22:14:56: loss weights: [0.9997549 0.9995393 1.0007055]
2024-04-13 22:15:15: *******Train Epoch 195: averaged Loss : 4.608415
2024-04-13 22:15:16: *******Val Epoch 195: averaged Loss : 5.811688 sep loss : [5.8116885  0.31207177 0.25181821]
2024-04-13 22:15:16: loss weights: [1.0008655  0.99877155 1.0003629 ]
2024-04-13 22:15:36: *******Train Epoch 196: averaged Loss : 4.608388
2024-04-13 22:15:37: *******Val Epoch 196: averaged Loss : 5.802352 sep loss : [5.80235177 0.31050751 0.25390939]
2024-04-13 22:15:37: loss weights: [0.9989476 1.0026407 0.9984118]
2024-04-13 22:15:56: *******Train Epoch 197: averaged Loss : 4.603406
2024-04-13 22:15:58: *******Val Epoch 197: averaged Loss : 5.800766 sep loss : [5.80076621 0.31267095 0.25249535]
2024-04-13 22:15:58: loss weights: [1.0011916 0.9975542 1.0012541]
2024-04-13 22:16:20: *******Train Epoch 198: averaged Loss : 4.604157
2024-04-13 22:16:21: *******Val Epoch 198: averaged Loss : 5.808451 sep loss : [5.80845063 0.31274057 0.25490148]
2024-04-13 22:16:21: loss weights: [0.99893594 1.0009005  1.0001636 ]
2024-04-13 22:16:42: *******Train Epoch 199: averaged Loss : 4.610602
2024-04-13 22:16:43: *******Val Epoch 199: averaged Loss : 5.810392 sep loss : [5.81039176 0.3109047  0.25220775]
2024-04-13 22:16:43: loss weights: [1.0004692 0.9997303 0.9998004]
2024-04-13 22:17:04: *******Train Epoch 200: averaged Loss : 4.609745
2024-04-13 22:17:05: *******Val Epoch 200: averaged Loss : 5.797453 sep loss : [5.79745307 0.3120736  0.25484945]
2024-04-13 22:17:05: == Training finished.
Total training time: 63.34 min	best loss: 5.7943	best epoch: 182	
2024-04-13 22:17:05: == Test results.
2024-04-13 22:17:06: INFLOW, MAE: 5.72, MAPE: 24.7589%
2024-04-13 22:17:06: OUTFLOW, MAE: 6.15, MAPE: 25.4890%
