2024-04-12 23:08:58: Experiment log path in: D:\SUSTECH\Research\GNN_for_OOD\Self-Supervised Deconfounding Against Spatio-Temporal Shifts Theory and Modeling\STEVE\STEVE\experiments\NYCBike1/mydata\20240412-230858
2024-04-12 23:08:58: Experiment configs are: Namespace(seed=31, device='cuda:0', mode='train', best_path='None', debug=False, data_dir='D:\\SUSTECH\\Research\\GNN_for_OOD\\Self-Supervised Deconfounding Against Spatio-Temporal Shifts Theory and Modeling\\STEVE\\STEVE\\data', dataset='NYCBike1/mydata', input_length=19, len_closeness=4, len_period=15, len_trend=0, batch_size=32, test_batch_size=64, graph_file='D:\\SUSTECH\\Research\\GNN_for_OOD\\Self-Supervised Deconfounding Against Spatio-Temporal Shifts Theory and Modeling\\STEVE\\STEVE\\data/NYCBike1/adj_mx.npz', num_nodes=128, d_input=2, d_output=2, d_model=64, dropout=0.1, percent=0.1, shm_temp=0.5, nmb_prototype=50, yita=0.5, layers=3, epochs=200, lr_init=0.001, lr_mode='only', early_stop=True, early_stop_patience=50, grad_norm=True, max_grad_norm=5, use_dwa=True, temp=4, MMI=False, lr_patience=20, ablation='all', log_dir='D:\\SUSTECH\\Research\\GNN_for_OOD\\Self-Supervised Deconfounding Against Spatio-Temporal Shifts Theory and Modeling\\STEVE\\STEVE\\experiments\\NYCBike1/mydata\\20240412-230858')
2024-04-12 23:08:58: loss weights: [1. 1. 1.]
2024-04-12 23:09:13: *******Train Epoch 1: averaged Loss : 18.269428
2024-04-12 23:09:14: *******Val Epoch 1: averaged Loss : 9.756131 sep loss : [9.75613088 2.12137732 3.05092536]
2024-04-12 23:09:14: **************Current best model saved to D:\SUSTECH\Research\GNN_for_OOD\Self-Supervised Deconfounding Against Spatio-Temporal Shifts Theory and Modeling\STEVE\STEVE\experiments\NYCBike1/mydata\20240412-230858\best_model.pth
2024-04-12 23:09:14: loss weights: [1. 1. 1.]
2024-04-12 23:09:27: *******Train Epoch 2: averaged Loss : 13.933991
2024-04-12 23:09:28: *******Val Epoch 2: averaged Loss : 8.993788 sep loss : [8.99378828 0.978788   3.09273019]
2024-04-12 23:09:28: **************Current best model saved to D:\SUSTECH\Research\GNN_for_OOD\Self-Supervised Deconfounding Against Spatio-Temporal Shifts Theory and Modeling\STEVE\STEVE\experiments\NYCBike1/mydata\20240412-230858\best_model.pth
2024-04-12 23:09:28: loss weights: [1.009704  0.9375013 1.0527946]
2024-04-12 23:09:42: *******Train Epoch 3: averaged Loss : 12.705662
2024-04-12 23:09:43: *******Val Epoch 3: averaged Loss : 8.228050 sep loss : [8.22805049 0.77678924 3.18703846]
2024-04-12 23:09:43: **************Current best model saved to D:\SUSTECH\Research\GNN_for_OOD\Self-Supervised Deconfounding Against Spatio-Temporal Shifts Theory and Modeling\STEVE\STEVE\experiments\NYCBike1/mydata\20240412-230858\best_model.pth
2024-04-12 23:09:43: loss weights: [1.0108695 0.9450604 1.04407  ]
2024-04-12 23:09:56: *******Train Epoch 4: averaged Loss : 12.145595
2024-04-12 23:09:57: *******Val Epoch 4: averaged Loss : 7.820678 sep loss : [7.82067831 0.73560122 3.1336958 ]
2024-04-12 23:09:57: **************Current best model saved to D:\SUSTECH\Research\GNN_for_OOD\Self-Supervised Deconfounding Against Spatio-Temporal Shifts Theory and Modeling\STEVE\STEVE\experiments\NYCBike1/mydata\20240412-230858\best_model.pth
2024-04-12 23:09:57: loss weights: [0.9999931 0.9796134 1.0203934]
2024-04-12 23:10:11: *******Train Epoch 5: averaged Loss : 11.694540
2024-04-12 23:10:12: *******Val Epoch 5: averaged Loss : 7.522228 sep loss : [7.52222798 0.62522964 3.21415399]
2024-04-12 23:10:12: **************Current best model saved to D:\SUSTECH\Research\GNN_for_OOD\Self-Supervised Deconfounding Against Spatio-Temporal Shifts Theory and Modeling\STEVE\STEVE\experiments\NYCBike1/mydata\20240412-230858\best_model.pth
2024-04-12 23:10:12: loss weights: [1.0044918 0.983141  1.0123674]
2024-04-12 23:10:25: *******Train Epoch 6: averaged Loss : 11.281232
2024-04-12 23:10:26: *******Val Epoch 6: averaged Loss : 7.279389 sep loss : [7.27938945 0.55608846 3.27885343]
2024-04-12 23:10:26: **************Current best model saved to D:\SUSTECH\Research\GNN_for_OOD\Self-Supervised Deconfounding Against Spatio-Temporal Shifts Theory and Modeling\STEVE\STEVE\experiments\NYCBike1/mydata\20240412-230858\best_model.pth
2024-04-12 23:10:26: loss weights: [1.0012918 0.9840186 1.0146896]
2024-04-12 23:10:39: *******Train Epoch 7: averaged Loss : 11.002925
2024-04-12 23:10:40: *******Val Epoch 7: averaged Loss : 7.591553 sep loss : [7.59155299 0.48651442 3.25685928]
2024-04-12 23:10:40: loss weights: [1.0042235  0.98752046 1.0082562 ]
2024-04-12 23:10:54: *******Train Epoch 8: averaged Loss : 10.919007
2024-04-12 23:10:55: *******Val Epoch 8: averaged Loss : 7.209112 sep loss : [7.20911187 0.49424761 3.26447701]
2024-04-12 23:10:55: **************Current best model saved to D:\SUSTECH\Research\GNN_for_OOD\Self-Supervised Deconfounding Against Spatio-Temporal Shifts Theory and Modeling\STEVE\STEVE\experiments\NYCBike1/mydata\20240412-230858\best_model.pth
2024-04-12 23:10:55: loss weights: [1.001605   0.98666525 1.0117297 ]
2024-04-12 23:11:08: *******Train Epoch 9: averaged Loss : 10.448828
2024-04-12 23:11:09: *******Val Epoch 9: averaged Loss : 6.957321 sep loss : [6.95732098 0.43273921 3.08321542]
2024-04-12 23:11:09: **************Current best model saved to D:\SUSTECH\Research\GNN_for_OOD\Self-Supervised Deconfounding Against Spatio-Temporal Shifts Theory and Modeling\STEVE\STEVE\experiments\NYCBike1/mydata\20240412-230858\best_model.pth
2024-04-12 23:11:09: loss weights: [1.0094297  0.99243253 0.9981375 ]
2024-04-12 23:11:23: *******Train Epoch 10: averaged Loss : 10.587154
2024-04-12 23:11:23: *******Val Epoch 10: averaged Loss : 7.026232 sep loss : [7.0262321  0.43180665 3.6160397 ]
2024-04-12 23:11:23: loss weights: [0.99994445 0.98619056 1.0138649 ]
2024-04-12 23:11:37: *******Train Epoch 11: averaged Loss : 10.425235
2024-04-12 23:11:38: *******Val Epoch 11: averaged Loss : 6.671129 sep loss : [6.6711293  0.38352562 3.18585605]
2024-04-12 23:11:38: **************Current best model saved to D:\SUSTECH\Research\GNN_for_OOD\Self-Supervised Deconfounding Against Spatio-Temporal Shifts Theory and Modeling\STEVE\STEVE\experiments\NYCBike1/mydata\20240412-230858\best_model.pth
2024-04-12 23:11:38: loss weights: [1.0011358 0.9902929 1.0085711]
2024-04-12 23:11:51: *******Train Epoch 12: averaged Loss : 10.293460
2024-04-12 23:11:52: *******Val Epoch 12: averaged Loss : 6.645437 sep loss : [6.64543728 0.36121136 3.20655771]
2024-04-12 23:11:52: **************Current best model saved to D:\SUSTECH\Research\GNN_for_OOD\Self-Supervised Deconfounding Against Spatio-Temporal Shifts Theory and Modeling\STEVE\STEVE\experiments\NYCBike1/mydata\20240412-230858\best_model.pth
2024-04-12 23:11:52: loss weights: [1.0004749 0.9973533 1.0021718]
2024-04-12 23:12:06: *******Train Epoch 13: averaged Loss : 10.127496
2024-04-12 23:12:07: *******Val Epoch 13: averaged Loss : 6.838849 sep loss : [6.83884914 0.37484332 3.3185153 ]
2024-04-12 23:12:07: loss weights: [1.0026195 0.9887565 1.0086241]
2024-04-12 23:12:20: *******Train Epoch 14: averaged Loss : 10.207087
2024-04-12 23:12:21: *******Val Epoch 14: averaged Loss : 6.817815 sep loss : [6.81781512 0.34670515 3.4334027 ]
2024-04-12 23:12:21: loss weights: [0.9994263 1.0001847 1.0003891]
2024-04-12 23:12:35: *******Train Epoch 15: averaged Loss : 10.027234
2024-04-12 23:12:36: *******Val Epoch 15: averaged Loss : 6.582143 sep loss : [6.58214268 0.34227916 3.22723772]
2024-04-12 23:12:36: **************Current best model saved to D:\SUSTECH\Research\GNN_for_OOD\Self-Supervised Deconfounding Against Spatio-Temporal Shifts Theory and Modeling\STEVE\STEVE\experiments\NYCBike1/mydata\20240412-230858\best_model.pth
2024-04-12 23:12:36: loss weights: [1.0054079 0.9860127 1.0085794]
2024-04-12 23:12:49: *******Train Epoch 16: averaged Loss : 9.970903
2024-04-12 23:12:50: *******Val Epoch 16: averaged Loss : 6.694821 sep loss : [6.69482114 0.36205597 3.09506064]
2024-04-12 23:12:50: loss weights: [1.0029947  0.99754447 0.9994608 ]
2024-04-12 23:13:04: *******Train Epoch 17: averaged Loss : 9.970729
2024-04-12 23:13:04: *******Val Epoch 17: averaged Loss : 6.630142 sep loss : [6.63014196 0.30545906 3.20752751]
2024-04-12 23:13:04: loss weights: [1.0005801  0.99644405 1.0029761 ]
2024-04-12 23:13:18: *******Train Epoch 18: averaged Loss : 9.748078
2024-04-12 23:13:19: *******Val Epoch 18: averaged Loss : 6.780851 sep loss : [6.780851   0.3522595  3.17599119]
2024-04-12 23:13:19: loss weights: [1.0031387  0.9993086  0.99755275]
2024-04-12 23:13:32: *******Train Epoch 19: averaged Loss : 9.791168
2024-04-12 23:13:33: *******Val Epoch 19: averaged Loss : 6.447322 sep loss : [6.44732215 0.30877244 3.27624438]
2024-04-12 23:13:33: **************Current best model saved to D:\SUSTECH\Research\GNN_for_OOD\Self-Supervised Deconfounding Against Spatio-Temporal Shifts Theory and Modeling\STEVE\STEVE\experiments\NYCBike1/mydata\20240412-230858\best_model.pth
2024-04-12 23:13:33: loss weights: [0.99938583 0.9896165  1.0109978 ]
2024-04-12 23:13:47: *******Train Epoch 20: averaged Loss : 9.669571
2024-04-12 23:13:48: *******Val Epoch 20: averaged Loss : 6.384233 sep loss : [6.38423307 0.29247362 3.31813471]
2024-04-12 23:13:48: **************Current best model saved to D:\SUSTECH\Research\GNN_for_OOD\Self-Supervised Deconfounding Against Spatio-Temporal Shifts Theory and Modeling\STEVE\STEVE\experiments\NYCBike1/mydata\20240412-230858\best_model.pth
2024-04-12 23:13:48: loss weights: [1.0021011 0.9970491 1.0008497]
2024-04-12 23:14:02: *******Train Epoch 21: averaged Loss : 9.627266
2024-04-12 23:14:03: *******Val Epoch 21: averaged Loss : 6.491864 sep loss : [6.49186424 0.31460122 3.22025648]
2024-04-12 23:14:03: loss weights: [1.0017338  0.99807835 1.0001878 ]
2024-04-12 23:14:17: *******Train Epoch 22: averaged Loss : 9.602838
2024-04-12 23:14:18: *******Val Epoch 22: averaged Loss : 6.330593 sep loss : [6.33059263 0.28843981 3.15005451]
2024-04-12 23:14:18: **************Current best model saved to D:\SUSTECH\Research\GNN_for_OOD\Self-Supervised Deconfounding Against Spatio-Temporal Shifts Theory and Modeling\STEVE\STEVE\experiments\NYCBike1/mydata\20240412-230858\best_model.pth
2024-04-12 23:14:18: loss weights: [0.99787116 0.9985111  1.0036178 ]
2024-04-12 23:14:32: *******Train Epoch 23: averaged Loss : 9.534088
2024-04-12 23:14:33: *******Val Epoch 23: averaged Loss : 6.526372 sep loss : [6.5263721  0.29242413 3.1771121 ]
2024-04-12 23:14:33: loss weights: [1.0055549  0.99037933 1.0040656 ]
2024-04-12 23:14:47: *******Train Epoch 24: averaged Loss : 9.437625
2024-04-12 23:14:48: *******Val Epoch 24: averaged Loss : 6.510557 sep loss : [6.51055692 0.33124987 3.08264256]
2024-04-12 23:14:48: loss weights: [1.003454   0.99883246 0.99771345]
2024-04-12 23:15:02: *******Train Epoch 25: averaged Loss : 9.696371
2024-04-12 23:15:03: *******Val Epoch 25: averaged Loss : 6.272322 sep loss : [6.27232174 0.28885674 3.24936148]
2024-04-12 23:15:03: **************Current best model saved to D:\SUSTECH\Research\GNN_for_OOD\Self-Supervised Deconfounding Against Spatio-Temporal Shifts Theory and Modeling\STEVE\STEVE\experiments\NYCBike1/mydata\20240412-230858\best_model.pth
2024-04-12 23:15:03: loss weights: [0.9918883  0.98868996 1.0194219 ]
2024-04-12 23:15:17: *******Train Epoch 26: averaged Loss : 9.484564
2024-04-12 23:15:18: *******Val Epoch 26: averaged Loss : 6.253747 sep loss : [6.25374651 0.27475732 3.2293866 ]
2024-04-12 23:15:18: **************Current best model saved to D:\SUSTECH\Research\GNN_for_OOD\Self-Supervised Deconfounding Against Spatio-Temporal Shifts Theory and Modeling\STEVE\STEVE\experiments\NYCBike1/mydata\20240412-230858\best_model.pth
2024-04-12 23:15:18: loss weights: [1.0040317  1.0014578  0.99451053]
2024-04-12 23:15:32: *******Train Epoch 27: averaged Loss : 9.376863
2024-04-12 23:15:33: *******Val Epoch 27: averaged Loss : 6.166396 sep loss : [6.16639621 0.28324742 3.19823195]
2024-04-12 23:15:33: **************Current best model saved to D:\SUSTECH\Research\GNN_for_OOD\Self-Supervised Deconfounding Against Spatio-Temporal Shifts Theory and Modeling\STEVE\STEVE\experiments\NYCBike1/mydata\20240412-230858\best_model.pth
2024-04-12 23:15:33: loss weights: [1.003377  0.9939935 1.0026293]
2024-04-12 23:15:47: *******Train Epoch 28: averaged Loss : 9.469140
2024-04-12 23:15:47: *******Val Epoch 28: averaged Loss : 6.101840 sep loss : [6.10183958 0.26420875 3.21399074]
2024-04-12 23:15:47: **************Current best model saved to D:\SUSTECH\Research\GNN_for_OOD\Self-Supervised Deconfounding Against Spatio-Temporal Shifts Theory and Modeling\STEVE\STEVE\experiments\NYCBike1/mydata\20240412-230858\best_model.pth
2024-04-12 23:15:47: loss weights: [0.99811435 0.99978757 1.0020981 ]
2024-04-12 23:16:01: *******Train Epoch 29: averaged Loss : 9.378014
2024-04-12 23:16:02: *******Val Epoch 29: averaged Loss : 6.119598 sep loss : [6.11959806 0.25921439 3.26084186]
2024-04-12 23:16:02: loss weights: [1.0054648  0.99074554 1.0037897 ]
2024-04-12 23:16:16: *******Train Epoch 30: averaged Loss : 9.410059
2024-04-12 23:16:17: *******Val Epoch 30: averaged Loss : 6.116307 sep loss : [6.11630689 0.28919081 3.23382864]
2024-04-12 23:16:17: loss weights: [0.9998658  0.99900216 1.0011318 ]
2024-04-12 23:16:31: *******Train Epoch 31: averaged Loss : 9.330136
2024-04-12 23:16:32: *******Val Epoch 31: averaged Loss : 6.133197 sep loss : [6.13319668 0.28757655 3.26421376]
2024-04-12 23:16:32: loss weights: [0.9997428 0.9984013 1.0018559]
2024-04-12 23:16:46: *******Train Epoch 32: averaged Loss : 9.325173
2024-04-12 23:16:47: *******Val Epoch 32: averaged Loss : 6.022022 sep loss : [6.02202177 0.24939174 3.25106124]
2024-04-12 23:16:47: **************Current best model saved to D:\SUSTECH\Research\GNN_for_OOD\Self-Supervised Deconfounding Against Spatio-Temporal Shifts Theory and Modeling\STEVE\STEVE\experiments\NYCBike1/mydata\20240412-230858\best_model.pth
2024-04-12 23:16:47: loss weights: [0.9987978 1.0013059 0.9998962]
2024-04-12 23:17:01: *******Train Epoch 33: averaged Loss : 9.173424
2024-04-12 23:17:02: *******Val Epoch 33: averaged Loss : 6.078494 sep loss : [6.07849448 0.25826005 3.00086757]
2024-04-12 23:17:02: loss weights: [1.0062369 0.9938297 0.9999334]
2024-04-12 23:17:16: *******Train Epoch 34: averaged Loss : 9.238128
2024-04-12 23:17:17: *******Val Epoch 34: averaged Loss : 6.210990 sep loss : [6.21099047 0.26186906 3.08864511]
2024-04-12 23:17:17: loss weights: [0.997283  1.0038276 0.9988897]
2024-04-12 23:17:31: *******Train Epoch 35: averaged Loss : 9.180714
2024-04-12 23:17:32: *******Val Epoch 35: averaged Loss : 6.069932 sep loss : [6.06993235 0.2552321  3.21476667]
2024-04-12 23:17:32: loss weights: [0.9998368 0.9959525 1.0042107]
2024-04-12 23:17:46: *******Train Epoch 36: averaged Loss : 9.163731
2024-04-12 23:17:47: *******Val Epoch 36: averaged Loss : 6.210999 sep loss : [6.2109992  0.30543171 3.20458636]
2024-04-12 23:17:47: loss weights: [1.0045023 0.9912256 1.0042722]
2024-04-12 23:18:01: *******Train Epoch 37: averaged Loss : 9.124801
2024-04-12 23:18:02: *******Val Epoch 37: averaged Loss : 6.104605 sep loss : [6.10460542 0.24871997 3.18147696]
2024-04-12 23:18:02: loss weights: [1.0002965  1.0011237  0.99857974]
2024-04-12 23:18:16: *******Train Epoch 38: averaged Loss : 9.089444
2024-04-12 23:18:17: *******Val Epoch 38: averaged Loss : 6.072790 sep loss : [6.07279048 0.25319521 3.27088297]
2024-04-12 23:18:17: loss weights: [0.999329  1.0004271 1.000244 ]
2024-04-12 23:18:31: *******Train Epoch 39: averaged Loss : 9.084472
2024-04-12 23:18:32: *******Val Epoch 39: averaged Loss : 6.046373 sep loss : [6.04637322 0.24921084 3.26566159]
2024-04-12 23:18:32: loss weights: [0.9981319 1.0019271 0.999941 ]
2024-04-12 23:18:46: *******Train Epoch 40: averaged Loss : 9.024878
2024-04-12 23:18:47: *******Val Epoch 40: averaged Loss : 6.144812 sep loss : [6.14481214 0.25827804 3.25318984]
2024-04-12 23:18:47: loss weights: [1.0010926  0.99853337 1.0003738 ]
2024-04-12 23:19:01: *******Train Epoch 41: averaged Loss : 9.143347
2024-04-12 23:19:02: *******Val Epoch 41: averaged Loss : 6.248109 sep loss : [6.24810916 0.28025556 3.26690111]
2024-04-12 23:19:02: loss weights: [0.999657  0.9927399 1.007603 ]
2024-04-12 23:19:16: *******Train Epoch 42: averaged Loss : 9.197881
2024-04-12 23:19:16: *******Val Epoch 42: averaged Loss : 6.147485 sep loss : [6.14748467 0.24967956 3.24225666]
2024-04-12 23:19:16: loss weights: [0.99913275 1.0045646  0.9963025 ]
2024-04-12 23:19:30: *******Train Epoch 43: averaged Loss : 9.038504
2024-04-12 23:19:31: *******Val Epoch 43: averaged Loss : 6.085703 sep loss : [6.08570334 0.23527988 3.26103396]
2024-04-12 23:19:31: loss weights: [1.0039749  0.98903143 1.0069933 ]
2024-04-12 23:19:45: *******Train Epoch 44: averaged Loss : 9.119982
2024-04-12 23:19:46: *******Val Epoch 44: averaged Loss : 6.140656 sep loss : [6.14065563 0.24907206 3.26588062]
2024-04-12 23:19:46: loss weights: [1.0015019  0.99688035 1.0016177 ]
2024-04-12 23:20:00: *******Train Epoch 45: averaged Loss : 9.080011
2024-04-12 23:20:01: *******Val Epoch 45: averaged Loss : 5.958571 sep loss : [5.95857147 0.27267508 3.26614305]
2024-04-12 23:20:01: **************Current best model saved to D:\SUSTECH\Research\GNN_for_OOD\Self-Supervised Deconfounding Against Spatio-Temporal Shifts Theory and Modeling\STEVE\STEVE\experiments\NYCBike1/mydata\20240412-230858\best_model.pth
2024-04-12 23:20:01: loss weights: [0.99981356 0.9991281  1.0010581 ]
2024-04-12 23:20:15: *******Train Epoch 46: averaged Loss : 9.039415
2024-04-12 23:20:16: *******Val Epoch 46: averaged Loss : 6.172825 sep loss : [6.17282453 0.23659661 3.25885954]
2024-04-12 23:20:16: loss weights: [1.0014371 0.9963014 1.0022616]
2024-04-12 23:20:30: *******Train Epoch 47: averaged Loss : 9.093174
2024-04-12 23:20:31: *******Val Epoch 47: averaged Loss : 6.309157 sep loss : [6.30915693 0.25954173 3.27240304]
2024-04-12 23:20:31: loss weights: [1.0007353  1.0004473  0.99881727]
2024-04-12 23:20:45: *******Train Epoch 48: averaged Loss : 9.016425
2024-04-12 23:20:46: *******Val Epoch 48: averaged Loss : 6.028295 sep loss : [6.02829541 0.24770425 3.26424544]
2024-04-12 23:20:46: loss weights: [1.0007164  0.99520874 1.004075  ]
2024-04-12 23:21:00: *******Train Epoch 49: averaged Loss : 9.005274
2024-04-12 23:21:01: *******Val Epoch 49: averaged Loss : 5.999437 sep loss : [5.99943715 0.24606451 3.25907872]
2024-04-12 23:21:01: loss weights: [0.99579996 1.0074778  0.9967223 ]
2024-04-12 23:21:15: *******Train Epoch 50: averaged Loss : 8.926730
2024-04-12 23:21:16: *******Val Epoch 50: averaged Loss : 6.009354 sep loss : [6.00935367 0.25044352 3.26242335]
2024-04-12 23:21:16: loss weights: [1.0030991 0.9925401 1.0043609]
2024-04-12 23:21:30: *******Train Epoch 51: averaged Loss : 8.975743
2024-04-12 23:21:31: *******Val Epoch 51: averaged Loss : 5.967689 sep loss : [5.96768929 0.23935053 3.24576908]
2024-04-12 23:21:31: loss weights: [1.000654   0.99880314 1.0005429 ]
2024-04-12 23:21:45: *******Train Epoch 52: averaged Loss : 8.988603
2024-04-12 23:21:45: *******Val Epoch 52: averaged Loss : 6.013529 sep loss : [6.01352857 0.25906875 3.25354319]
2024-04-12 23:21:45: loss weights: [1.0030956 0.9952755 1.0016288]
2024-04-12 23:21:59: *******Train Epoch 53: averaged Loss : 8.939856
2024-04-12 23:22:00: *******Val Epoch 53: averaged Loss : 5.986644 sep loss : [5.98664449 0.24720279 3.2750644 ]
2024-04-12 23:22:00: loss weights: [1.0013715 0.9958003 1.0028281]
2024-04-12 23:22:14: *******Train Epoch 54: averaged Loss : 8.907205
2024-04-12 23:22:15: *******Val Epoch 54: averaged Loss : 5.934781 sep loss : [5.93478063 0.24711207 3.24305072]
2024-04-12 23:22:15: **************Current best model saved to D:\SUSTECH\Research\GNN_for_OOD\Self-Supervised Deconfounding Against Spatio-Temporal Shifts Theory and Modeling\STEVE\STEVE\experiments\NYCBike1/mydata\20240412-230858\best_model.pth
2024-04-12 23:22:15: loss weights: [1.0002759 0.9985868 1.0011375]
2024-04-12 23:22:29: *******Train Epoch 55: averaged Loss : 8.902775
2024-04-12 23:22:30: *******Val Epoch 55: averaged Loss : 6.623162 sep loss : [6.62316245 0.27605934 3.25730181]
2024-04-12 23:22:30: loss weights: [0.9954865 1.0097415 0.9947721]
2024-04-12 23:22:44: *******Train Epoch 56: averaged Loss : 8.889878
2024-04-12 23:22:45: *******Val Epoch 56: averaged Loss : 5.997813 sep loss : [5.99781282 0.2613598  3.24433017]
2024-04-12 23:22:45: loss weights: [1.0036199 0.9924098 1.0039701]
2024-04-12 23:22:59: *******Train Epoch 57: averaged Loss : 8.906064
2024-04-12 23:23:00: *******Val Epoch 57: averaged Loss : 6.188042 sep loss : [6.18804176 0.25151164 3.26508605]
2024-04-12 23:23:00: loss weights: [0.99810314 0.99981683 1.0020798 ]
2024-04-12 23:23:14: *******Train Epoch 58: averaged Loss : 8.853590
2024-04-12 23:23:15: *******Val Epoch 58: averaged Loss : 6.040472 sep loss : [6.04047218 0.26504022 3.27068782]
2024-04-12 23:23:15: loss weights: [1.0017463  0.99725515 1.0009984 ]
2024-04-12 23:23:29: *******Train Epoch 59: averaged Loss : 8.852973
2024-04-12 23:23:30: *******Val Epoch 59: averaged Loss : 6.004040 sep loss : [6.00404042 0.26552375 3.25484034]
2024-04-12 23:23:30: loss weights: [1.0012262  0.99698794 1.0017859 ]
2024-04-12 23:23:44: *******Train Epoch 60: averaged Loss : 8.828824
2024-04-12 23:23:45: *******Val Epoch 60: averaged Loss : 6.070400 sep loss : [6.07039976 0.25167293 3.22498698]
2024-04-12 23:23:45: loss weights: [0.99597406 1.0075138  0.99651206]
2024-04-12 23:23:59: *******Train Epoch 61: averaged Loss : 8.837817
2024-04-12 23:24:00: *******Val Epoch 61: averaged Loss : 5.940147 sep loss : [5.94014744 0.24486738 3.23911955]
2024-04-12 23:24:00: loss weights: [1.003774   0.99741244 0.9988134 ]
2024-04-12 23:24:14: *******Train Epoch 62: averaged Loss : 8.800229
2024-04-12 23:24:15: *******Val Epoch 62: averaged Loss : 5.981763 sep loss : [5.98176347 0.26882236 3.26867454]
2024-04-12 23:24:15: loss weights: [0.99920607 0.99952734 1.0012667 ]
2024-04-12 23:24:29: *******Train Epoch 63: averaged Loss : 8.831078
2024-04-12 23:24:30: *******Val Epoch 63: averaged Loss : 6.002253 sep loss : [6.00225269 0.26525703 3.2550601 ]
2024-04-12 23:24:30: loss weights: [1.0008386 0.9968147 1.0023468]
2024-04-12 23:24:44: *******Train Epoch 64: averaged Loss : 8.849074
2024-04-12 23:24:45: *******Val Epoch 64: averaged Loss : 5.883868 sep loss : [5.88386818 0.24032531 3.24896185]
2024-04-12 23:24:45: **************Current best model saved to D:\SUSTECH\Research\GNN_for_OOD\Self-Supervised Deconfounding Against Spatio-Temporal Shifts Theory and Modeling\STEVE\STEVE\experiments\NYCBike1/mydata\20240412-230858\best_model.pth
2024-04-12 23:24:45: loss weights: [1.0043871 0.9920322 1.0035806]
2024-04-12 23:24:59: *******Train Epoch 65: averaged Loss : 8.821864
2024-04-12 23:25:00: *******Val Epoch 65: averaged Loss : 5.892615 sep loss : [5.89261502 0.25003733 3.25839252]
2024-04-12 23:25:00: loss weights: [0.9999083 0.9968846 1.0032072]
2024-04-12 23:25:14: *******Train Epoch 66: averaged Loss : 8.759731
2024-04-12 23:25:14: *******Val Epoch 66: averaged Loss : 5.917972 sep loss : [5.91797249 0.24749953 3.26357794]
2024-04-12 23:25:14: loss weights: [0.9991603 1.0003797 1.0004599]
2024-04-12 23:25:28: *******Train Epoch 67: averaged Loss : 8.748873
2024-04-12 23:25:29: *******Val Epoch 67: averaged Loss : 5.876174 sep loss : [5.87617412 0.25695089 3.26551867]
2024-04-12 23:25:29: **************Current best model saved to D:\SUSTECH\Research\GNN_for_OOD\Self-Supervised Deconfounding Against Spatio-Temporal Shifts Theory and Modeling\STEVE\STEVE\experiments\NYCBike1/mydata\20240412-230858\best_model.pth
2024-04-12 23:25:29: loss weights: [0.9982429 1.002415  0.9993421]
2024-04-12 23:25:43: *******Train Epoch 68: averaged Loss : 8.711661
2024-04-12 23:25:44: *******Val Epoch 68: averaged Loss : 5.971010 sep loss : [5.97101006 0.25611276 3.26147945]
2024-04-12 23:25:44: loss weights: [1.0002539  0.99828404 1.001462  ]
2024-04-12 23:25:58: *******Train Epoch 69: averaged Loss : 8.752375
2024-04-12 23:25:59: *******Val Epoch 69: averaged Loss : 5.946606 sep loss : [5.94660627 0.25651055 3.2637719 ]
2024-04-12 23:25:59: loss weights: [0.9979627 1.0045353 0.9975021]
2024-04-12 23:26:13: *******Train Epoch 70: averaged Loss : 8.717808
2024-04-12 23:26:14: *******Val Epoch 70: averaged Loss : 5.948143 sep loss : [5.9481433  0.2491766  3.26719875]
2024-04-12 23:26:14: loss weights: [1.0013018  0.99737746 1.0013208 ]
2024-04-12 23:26:28: *******Train Epoch 71: averaged Loss : 8.719789
2024-04-12 23:26:29: *******Val Epoch 71: averaged Loss : 5.933661 sep loss : [5.93366128 0.28402284 3.25796069]
2024-04-12 23:26:29: loss weights: [1.0025165 0.9938927 1.0035908]
2024-04-12 23:26:43: *******Train Epoch 72: averaged Loss : 8.748195
2024-04-12 23:26:44: *******Val Epoch 72: averaged Loss : 5.992506 sep loss : [5.99250577 0.26937533 3.24323054]
2024-04-12 23:26:44: loss weights: [0.996954   1.0079017  0.99514437]
2024-04-12 23:26:58: *******Train Epoch 73: averaged Loss : 8.662641
2024-04-12 23:26:59: *******Val Epoch 73: averaged Loss : 5.989112 sep loss : [5.98911249 0.26650764 3.23761471]
2024-04-12 23:26:59: loss weights: [1.0051614 0.9895022 1.0053365]
2024-04-12 23:27:13: *******Train Epoch 74: averaged Loss : 8.789608
2024-04-12 23:27:14: *******Val Epoch 74: averaged Loss : 6.013577 sep loss : [6.01357654 0.2722157  3.2369117 ]
2024-04-12 23:27:14: loss weights: [0.995967  1.011153  0.9928802]
2024-04-12 23:27:28: *******Train Epoch 75: averaged Loss : 8.612473
2024-04-12 23:27:29: *******Val Epoch 75: averaged Loss : 6.098866 sep loss : [6.0988658  0.26574605 3.24534293]
2024-04-12 23:27:29: loss weights: [0.99917775 0.997592   1.0032301 ]
2024-04-12 23:27:43: *******Train Epoch 76: averaged Loss : 8.667326
2024-04-12 23:27:44: *******Val Epoch 76: averaged Loss : 5.994266 sep loss : [5.99426622 0.25694703 3.26340261]
2024-04-12 23:27:44: loss weights: [1.001494   0.99485064 1.0036554 ]
2024-04-12 23:27:58: *******Train Epoch 77: averaged Loss : 8.678141
2024-04-12 23:27:59: *******Val Epoch 77: averaged Loss : 5.942195 sep loss : [5.94219549 0.24542452 3.26197703]
2024-04-12 23:27:59: loss weights: [1.0016394 0.9964318 1.0019289]
2024-04-12 23:28:13: *******Train Epoch 78: averaged Loss : 8.686880
2024-04-12 23:28:14: *******Val Epoch 78: averaged Loss : 5.869406 sep loss : [5.86940615 0.24759672 3.26254876]
2024-04-12 23:28:14: **************Current best model saved to D:\SUSTECH\Research\GNN_for_OOD\Self-Supervised Deconfounding Against Spatio-Temporal Shifts Theory and Modeling\STEVE\STEVE\experiments\NYCBike1/mydata\20240412-230858\best_model.pth
2024-04-12 23:28:14: loss weights: [1.0023341 0.9955658 1.0021001]
2024-04-12 23:28:28: *******Train Epoch 79: averaged Loss : 8.727713
2024-04-12 23:28:29: *******Val Epoch 79: averaged Loss : 5.889386 sep loss : [5.88938588 0.25638495 3.25860311]
2024-04-12 23:28:29: loss weights: [1.0007362  1.0005578  0.99870604]
2024-04-12 23:28:43: *******Train Epoch 80: averaged Loss : 8.655708
2024-04-12 23:28:44: *******Val Epoch 80: averaged Loss : 5.899008 sep loss : [5.89900827 0.24953345 3.25975271]
2024-04-12 23:28:44: loss weights: [0.998911  0.9995105 1.0015782]
2024-04-12 23:28:58: *******Train Epoch 81: averaged Loss : 8.703852
2024-04-12 23:28:59: *******Val Epoch 81: averaged Loss : 5.912378 sep loss : [5.91237783 0.25745802 3.26467133]
2024-04-12 23:28:59: loss weights: [1.0013677  0.9996201  0.99901235]
2024-04-12 23:29:13: *******Train Epoch 82: averaged Loss : 8.643751
2024-04-12 23:29:14: *******Val Epoch 82: averaged Loss : 5.975747 sep loss : [5.97574748 0.24831542 3.26380163]
2024-04-12 23:29:14: loss weights: [1.0005563  0.99603975 1.003404  ]
2024-04-12 23:29:28: *******Train Epoch 83: averaged Loss : 8.636836
2024-04-12 23:29:29: *******Val Epoch 83: averaged Loss : 5.879171 sep loss : [5.87917067 0.24355192 3.26323981]
2024-04-12 23:29:29: loss weights: [0.9921801 1.0143472 0.9934726]
2024-04-12 23:29:43: *******Train Epoch 84: averaged Loss : 8.600746
2024-04-12 23:29:44: *******Val Epoch 84: averaged Loss : 6.025809 sep loss : [6.02580921 0.3311576  3.26630308]
2024-04-12 23:29:44: loss weights: [1.0033864 0.9951199 1.0014936]
2024-04-12 23:29:58: *******Train Epoch 85: averaged Loss : 8.646038
2024-04-12 23:29:59: *******Val Epoch 85: averaged Loss : 5.881830 sep loss : [5.88183029 0.24232863 3.26473298]
2024-04-12 23:29:59: loss weights: [0.99927664 0.9998258  1.0008975 ]
2024-04-12 23:30:13: *******Train Epoch 86: averaged Loss : 8.644771
2024-04-12 23:30:14: *******Val Epoch 86: averaged Loss : 5.876480 sep loss : [5.87648018 0.24593171 3.26562797]
2024-04-12 23:30:14: loss weights: [1.0034345 0.9944234 1.0021422]
2024-04-12 23:30:28: *******Train Epoch 87: averaged Loss : 8.633080
2024-04-12 23:30:29: *******Val Epoch 87: averaged Loss : 5.936886 sep loss : [5.93688646 0.27975487 3.26270136]
2024-04-12 23:30:29: loss weights: [1.0026554  0.99323666 1.0041077 ]
2024-04-12 23:30:43: *******Train Epoch 88: averaged Loss : 8.624111
2024-04-12 23:30:44: *******Val Epoch 88: averaged Loss : 5.932978 sep loss : [5.93297793 0.26812487 3.26153719]
2024-04-12 23:30:44: loss weights: [0.9974866 1.004451  0.9980624]
2024-04-12 23:30:58: *******Train Epoch 89: averaged Loss : 8.561934
2024-04-12 23:30:59: *******Val Epoch 89: averaged Loss : 6.031971 sep loss : [6.03197101 0.25890512 3.2799555 ]
2024-04-12 23:30:59: loss weights: [1.0011973 0.9986135 1.0001891]
2024-04-12 23:31:13: *******Train Epoch 90: averaged Loss : 8.604456
2024-04-12 23:31:13: *******Val Epoch 90: averaged Loss : 5.913955 sep loss : [5.91395484 0.27784847 3.24701394]
2024-04-12 23:31:13: loss weights: [0.99976003 1.0014968  0.99874294]
2024-04-12 23:31:27: *******Train Epoch 91: averaged Loss : 8.577819
2024-04-12 23:31:28: *******Val Epoch 91: averaged Loss : 5.917751 sep loss : [5.91775128 0.27836027 3.21815331]
2024-04-12 23:31:28: loss weights: [1.0010825 0.9957329 1.0031846]
2024-04-12 23:31:42: *******Train Epoch 92: averaged Loss : 8.588351
2024-04-12 23:31:43: *******Val Epoch 92: averaged Loss : 5.926583 sep loss : [5.92658333 0.2591357  3.25832407]
2024-04-12 23:31:43: loss weights: [0.9963722 1.009535  0.994093 ]
2024-04-12 23:31:57: *******Train Epoch 93: averaged Loss : 8.547273
2024-04-12 23:31:58: *******Val Epoch 93: averaged Loss : 5.900379 sep loss : [5.90037918 0.2614689  3.26817032]
2024-04-12 23:31:58: loss weights: [1.0012183  0.99442947 1.0043522 ]
2024-04-12 23:32:12: *******Train Epoch 94: averaged Loss : 8.571910
2024-04-12 23:32:13: *******Val Epoch 94: averaged Loss : 5.894798 sep loss : [5.8947978 0.2735802 3.2670897]
2024-04-12 23:32:13: loss weights: [0.9997963  0.99892473 1.001279  ]
2024-04-12 23:32:27: *******Train Epoch 95: averaged Loss : 8.567923
2024-04-12 23:32:28: *******Val Epoch 95: averaged Loss : 5.989352 sep loss : [5.98935171 0.27233328 3.26499662]
2024-04-12 23:32:28: loss weights: [1.0023613 0.9965526 1.001086 ]
2024-04-12 23:32:42: *******Train Epoch 96: averaged Loss : 8.600720
2024-04-12 23:32:43: *******Val Epoch 96: averaged Loss : 5.871552 sep loss : [5.87155159 0.2599826  3.26680622]
2024-04-12 23:32:43: loss weights: [0.9989679  1.0025684  0.99846387]
2024-04-12 23:32:57: *******Train Epoch 97: averaged Loss : 8.518756
2024-04-12 23:32:58: *******Val Epoch 97: averaged Loss : 5.886697 sep loss : [5.88669678 0.271621   3.26568037]
2024-04-12 23:32:58: loss weights: [1.0037854  0.98990303 1.0063117 ]
2024-04-12 23:33:12: *******Train Epoch 98: averaged Loss : 8.578186
2024-04-12 23:33:13: *******Val Epoch 98: averaged Loss : 5.908214 sep loss : [5.90821424 0.2563248  3.26481997]
2024-04-12 23:33:13: loss weights: [0.9870558 1.0256791 0.9872651]
2024-04-12 23:33:27: *******Train Epoch 99: averaged Loss : 8.431047
2024-04-12 23:33:28: *******Val Epoch 99: averaged Loss : 5.957523 sep loss : [5.95752258 0.26120019 3.26550238]
2024-04-12 23:33:28: loss weights: [1.0056883 0.9887811 1.0055308]
2024-04-12 23:33:42: *******Train Epoch 100: averaged Loss : 8.483112
2024-04-12 23:33:43: *******Val Epoch 100: averaged Loss : 5.852144 sep loss : [5.85214409 0.25418357 3.26447513]
2024-04-12 23:33:43: **************Current best model saved to D:\SUSTECH\Research\GNN_for_OOD\Self-Supervised Deconfounding Against Spatio-Temporal Shifts Theory and Modeling\STEVE\STEVE\experiments\NYCBike1/mydata\20240412-230858\best_model.pth
2024-04-12 23:33:43: loss weights: [1.0064346 0.9830606 1.0105046]
2024-04-12 23:33:57: *******Train Epoch 101: averaged Loss : 8.452138
2024-04-12 23:33:58: *******Val Epoch 101: averaged Loss : 5.789161 sep loss : [5.78916102 0.24637293 3.2650837 ]
2024-04-12 23:33:58: **************Current best model saved to D:\SUSTECH\Research\GNN_for_OOD\Self-Supervised Deconfounding Against Spatio-Temporal Shifts Theory and Modeling\STEVE\STEVE\experiments\NYCBike1/mydata\20240412-230858\best_model.pth
2024-04-12 23:33:58: loss weights: [1.0009527 0.9959316 1.0031155]
2024-04-12 23:34:12: *******Train Epoch 102: averaged Loss : 8.392282
2024-04-12 23:34:13: *******Val Epoch 102: averaged Loss : 5.881554 sep loss : [5.88155402 0.25038668 3.26419458]
2024-04-12 23:34:13: loss weights: [1.0006528 0.998225  1.0011222]
2024-04-12 23:34:27: *******Train Epoch 103: averaged Loss : 8.385262
2024-04-12 23:34:28: *******Val Epoch 103: averaged Loss : 5.881684 sep loss : [5.88168383 0.25470554 3.26434853]
2024-04-12 23:34:28: loss weights: [1.0013303  0.99743056 1.0012391 ]
2024-04-12 23:34:42: *******Train Epoch 104: averaged Loss : 8.373503
2024-04-12 23:34:43: *******Val Epoch 104: averaged Loss : 5.866017 sep loss : [5.86601694 0.25494783 3.26398158]
2024-04-12 23:34:43: loss weights: [0.9983838  1.0024165  0.99919957]
2024-04-12 23:34:57: *******Train Epoch 105: averaged Loss : 8.345388
2024-04-12 23:34:58: *******Val Epoch 105: averaged Loss : 5.808796 sep loss : [5.80879644 0.25486904 3.26511891]
2024-04-12 23:34:58: loss weights: [1.0004518 0.9986896 1.0008585]
2024-04-12 23:35:12: *******Train Epoch 106: averaged Loss : 8.364079
2024-04-12 23:35:13: *******Val Epoch 106: averaged Loss : 5.870890 sep loss : [5.87089021 0.26606349 3.26457253]
2024-04-12 23:35:13: loss weights: [1.0002203  0.99976176 1.000018  ]
2024-04-12 23:35:27: *******Train Epoch 107: averaged Loss : 8.347515
2024-04-12 23:35:28: *******Val Epoch 107: averaged Loss : 5.838611 sep loss : [5.83861135 0.24437383 3.26448057]
2024-04-12 23:35:28: loss weights: [0.99980325 0.9998168  1.0003799 ]
2024-04-12 23:35:42: *******Train Epoch 108: averaged Loss : 8.347603
2024-04-12 23:35:43: *******Val Epoch 108: averaged Loss : 5.801146 sep loss : [5.80114559 0.25824076 3.26413954]
2024-04-12 23:35:43: loss weights: [0.9990308  1.0019001  0.99906904]
2024-04-12 23:35:57: *******Train Epoch 109: averaged Loss : 8.345797
2024-04-12 23:35:58: *******Val Epoch 109: averaged Loss : 5.874144 sep loss : [5.87414426 0.25993542 3.26406162]
2024-04-12 23:35:58: loss weights: [1.0026708 0.9951641 1.0021652]
2024-04-12 23:36:12: *******Train Epoch 110: averaged Loss : 8.375827
2024-04-12 23:36:13: *******Val Epoch 110: averaged Loss : 5.832483 sep loss : [5.83248267 0.26028845 3.26867938]
2024-04-12 23:36:13: loss weights: [0.99630797 1.0071818  0.9965104 ]
2024-04-12 23:36:27: *******Train Epoch 111: averaged Loss : 8.313111
2024-04-12 23:36:28: *******Val Epoch 111: averaged Loss : 5.856320 sep loss : [5.85632049 0.26020289 3.26520333]
2024-04-12 23:36:28: loss weights: [1.0014129 0.9964673 1.00212  ]
2024-04-12 23:36:42: *******Train Epoch 112: averaged Loss : 8.351943
2024-04-12 23:36:43: *******Val Epoch 112: averaged Loss : 5.852166 sep loss : [5.85216599 0.25600834 3.26649952]
2024-04-12 23:36:43: loss weights: [0.99891233 1.0024788  0.99860895]
2024-04-12 23:36:57: *******Train Epoch 113: averaged Loss : 8.325334
2024-04-12 23:36:58: *******Val Epoch 113: averaged Loss : 5.866832 sep loss : [5.86683174 0.26886895 3.26203526]
2024-04-12 23:36:58: loss weights: [0.99973345 1.0003339  0.9999325 ]
2024-04-12 23:37:12: *******Train Epoch 114: averaged Loss : 8.327675
2024-04-12 23:37:13: *******Val Epoch 114: averaged Loss : 5.873319 sep loss : [5.87331944 0.26900803 3.26615146]
2024-04-12 23:37:13: loss weights: [1.0018122  0.99614936 1.0020384 ]
2024-04-12 23:37:27: *******Train Epoch 115: averaged Loss : 8.324579
2024-04-12 23:37:27: *******Val Epoch 115: averaged Loss : 5.866907 sep loss : [5.86690653 0.2805061  3.25413561]
2024-04-12 23:37:27: loss weights: [1.0001302  0.99946296 1.0004065 ]
2024-04-12 23:37:41: *******Train Epoch 116: averaged Loss : 8.345332
2024-04-12 23:37:42: *******Val Epoch 116: averaged Loss : 5.845740 sep loss : [5.84573988 0.25720563 3.25917679]
2024-04-12 23:37:42: loss weights: [1.0020792 0.9978788 1.0000421]
2024-04-12 23:37:56: *******Train Epoch 117: averaged Loss : 8.340339
2024-04-12 23:37:57: *******Val Epoch 117: averaged Loss : 5.846843 sep loss : [5.84684291 0.26440917 3.26477854]
2024-04-12 23:37:57: loss weights: [0.99925804 0.99937445 1.0013673 ]
2024-04-12 23:38:11: *******Train Epoch 118: averaged Loss : 8.307374
2024-04-12 23:38:12: *******Val Epoch 118: averaged Loss : 5.895511 sep loss : [5.89551093 0.27823205 3.26372328]
2024-04-12 23:38:12: loss weights: [0.9967312  1.0054504  0.99781835]
2024-04-12 23:38:26: *******Train Epoch 119: averaged Loss : 8.297279
2024-04-12 23:38:27: *******Val Epoch 119: averaged Loss : 5.833512 sep loss : [5.83351231 0.26305297 3.26439067]
2024-04-12 23:38:27: loss weights: [1.0017437 0.997278  1.0009784]
2024-04-12 23:38:41: *******Train Epoch 120: averaged Loss : 8.322860
2024-04-12 23:38:42: *******Val Epoch 120: averaged Loss : 5.822022 sep loss : [5.82202156 0.27037606 3.26488957]
2024-04-12 23:38:42: loss weights: [0.9997535 1.000076  1.0001705]
2024-04-12 23:38:56: *******Train Epoch 121: averaged Loss : 8.290301
2024-04-12 23:38:57: *******Val Epoch 121: averaged Loss : 5.798140 sep loss : [5.79813957 0.26025752 3.26398635]
2024-04-12 23:38:57: loss weights: [1.0008873 0.9973409 1.0017719]
2024-04-12 23:39:11: *******Train Epoch 122: averaged Loss : 8.305697
2024-04-12 23:39:12: *******Val Epoch 122: averaged Loss : 5.809328 sep loss : [5.80932815 0.26654507 3.26457036]
2024-04-12 23:39:12: loss weights: [0.9985973  1.0028437  0.99855876]
2024-04-12 23:39:26: *******Train Epoch 123: averaged Loss : 8.229315
2024-04-12 23:39:27: *******Val Epoch 123: averaged Loss : 5.821054 sep loss : [5.82105424 0.25725305 3.2648201 ]
2024-04-12 23:39:27: loss weights: [1.0024431 0.9927029 1.0048538]
2024-04-12 23:39:41: *******Train Epoch 124: averaged Loss : 8.262946
2024-04-12 23:39:42: *******Val Epoch 124: averaged Loss : 5.837969 sep loss : [5.83796879 0.26174449 3.26473324]
2024-04-12 23:39:42: loss weights: [1.0007902  0.99816763 1.001042  ]
2024-04-12 23:39:56: *******Train Epoch 125: averaged Loss : 8.219038
2024-04-12 23:39:57: *******Val Epoch 125: averaged Loss : 5.824097 sep loss : [5.82409734 0.26855258 3.26453603]
2024-04-12 23:39:57: loss weights: [0.999038  1.0007646 1.0001973]
2024-04-12 23:40:11: *******Train Epoch 126: averaged Loss : 8.218466
2024-04-12 23:40:12: *******Val Epoch 126: averaged Loss : 5.826711 sep loss : [5.82671143 0.26649345 3.2647043 ]
2024-04-12 23:40:12: loss weights: [0.9999168 1.0006449 0.9994384]
2024-04-12 23:40:26: *******Train Epoch 127: averaged Loss : 8.215998
2024-04-12 23:40:27: *******Val Epoch 127: averaged Loss : 5.807845 sep loss : [5.80784512 0.2667187  3.2649999 ]
2024-04-12 23:40:27: loss weights: [1.0006964 0.9984635 1.0008402]
2024-04-12 23:40:41: *******Train Epoch 128: averaged Loss : 8.221509
2024-04-12 23:40:42: *******Val Epoch 128: averaged Loss : 5.804039 sep loss : [5.80403863 0.26744085 3.26493595]
2024-04-12 23:40:42: loss weights: [0.9998449 1.0000908 1.0000643]
2024-04-12 23:40:56: *******Train Epoch 129: averaged Loss : 8.218593
2024-04-12 23:40:57: *******Val Epoch 129: averaged Loss : 5.814653 sep loss : [5.81465303 0.26625737 3.26526838]
2024-04-12 23:40:57: loss weights: [1.0002966 0.9996555 1.0000479]
2024-04-12 23:41:11: *******Train Epoch 130: averaged Loss : 8.228194
2024-04-12 23:41:12: *******Val Epoch 130: averaged Loss : 5.820908 sep loss : [5.82090836 0.2654332  3.26471894]
2024-04-12 23:41:12: loss weights: [1.0005279 0.9992931 1.000179 ]
2024-04-12 23:41:26: *******Train Epoch 131: averaged Loss : 8.212936
2024-04-12 23:41:27: *******Val Epoch 131: averaged Loss : 5.796574 sep loss : [5.79657419 0.27391392 3.26477695]
2024-04-12 23:41:27: loss weights: [0.99882364 1.0014763  0.9997002 ]
2024-04-12 23:41:41: *******Train Epoch 132: averaged Loss : 8.206955
2024-04-12 23:41:42: *******Val Epoch 132: averaged Loss : 5.818546 sep loss : [5.8185456  0.26446495 3.2648574 ]
2024-04-12 23:41:42: loss weights: [1.0010073  0.99821174 1.000781  ]
2024-04-12 23:41:56: *******Train Epoch 133: averaged Loss : 8.220587
2024-04-12 23:41:57: *******Val Epoch 133: averaged Loss : 5.805261 sep loss : [5.80526073 0.27700245 3.26458588]
2024-04-12 23:41:57: loss weights: [0.9993326 1.0013102 0.9993573]
2024-04-12 23:42:11: *******Train Epoch 134: averaged Loss : 8.206088
2024-04-12 23:42:12: *******Val Epoch 134: averaged Loss : 5.841311 sep loss : [5.84131061 0.27250437 3.26479503]
2024-04-12 23:42:12: loss weights: [1.0003282  0.99921143 1.0004605 ]
2024-04-12 23:42:26: *******Train Epoch 135: averaged Loss : 8.207831
2024-04-12 23:42:27: *******Val Epoch 135: averaged Loss : 5.808730 sep loss : [5.8087302  0.2753775  3.26501314]
2024-04-12 23:42:27: loss weights: [0.9996717  1.0003929  0.99993527]
2024-04-12 23:42:41: *******Train Epoch 136: averaged Loss : 8.192429
2024-04-12 23:42:42: *******Val Epoch 136: averaged Loss : 5.814975 sep loss : [5.81497523 0.27772827 3.26496819]
2024-04-12 23:42:42: loss weights: [0.9997541 1.0000587 1.0001874]
2024-04-12 23:42:56: *******Train Epoch 137: averaged Loss : 8.195178
2024-04-12 23:42:57: *******Val Epoch 137: averaged Loss : 5.848074 sep loss : [5.84807436 0.27846856 3.26473695]
2024-04-12 23:42:57: loss weights: [1.0005404  0.99902254 1.0004371 ]
2024-04-12 23:43:11: *******Train Epoch 138: averaged Loss : 8.219228
2024-04-12 23:43:12: *******Val Epoch 138: averaged Loss : 5.849635 sep loss : [5.84963549 0.27049052 3.26478006]
2024-04-12 23:43:12: loss weights: [0.99983364 1.0011032  0.99906325]
2024-04-12 23:43:26: *******Train Epoch 139: averaged Loss : 8.192473
2024-04-12 23:43:27: *******Val Epoch 139: averaged Loss : 5.825077 sep loss : [5.82507684 0.27665296 3.2648884 ]
2024-04-12 23:43:27: loss weights: [1.0003791 0.998441  1.0011799]
2024-04-12 23:43:41: *******Train Epoch 140: averaged Loss : 8.202780
2024-04-12 23:43:42: *******Val Epoch 140: averaged Loss : 5.793647 sep loss : [5.7936474  0.27659271 3.26494853]
2024-04-12 23:43:42: loss weights: [0.99974024 1.0005825  0.99967736]
2024-04-12 23:43:56: *******Train Epoch 141: averaged Loss : 8.195846
2024-04-12 23:43:57: *******Val Epoch 141: averaged Loss : 5.821882 sep loss : [5.82188151 0.27012491 3.26526182]
2024-04-12 23:43:57: loss weights: [1.0002722  0.99944973 1.0002779 ]
2024-04-12 23:44:11: *******Train Epoch 142: averaged Loss : 8.180715
2024-04-12 23:44:12: *******Val Epoch 142: averaged Loss : 5.810754 sep loss : [5.81075401 0.27466143 3.26488779]
2024-04-12 23:44:12: loss weights: [0.9991327 1.000713  1.0001544]
2024-04-12 23:44:26: *******Train Epoch 143: averaged Loss : 8.188503
2024-04-12 23:44:27: *******Val Epoch 143: averaged Loss : 5.834272 sep loss : [5.83427213 0.27577262 3.26480724]
2024-04-12 23:44:27: loss weights: [1.0001069 1.0004702 0.9994229]
2024-04-12 23:44:41: *******Train Epoch 144: averaged Loss : 8.161723
2024-04-12 23:44:42: *******Val Epoch 144: averaged Loss : 5.778727 sep loss : [5.77872731 0.27516706 3.26485909]
2024-04-12 23:44:42: **************Current best model saved to D:\SUSTECH\Research\GNN_for_OOD\Self-Supervised Deconfounding Against Spatio-Temporal Shifts Theory and Modeling\STEVE\STEVE\experiments\NYCBike1/mydata\20240412-230858\best_model.pth
2024-04-12 23:44:42: loss weights: [1.0001338  0.99835634 1.0015098 ]
2024-04-12 23:44:56: *******Train Epoch 145: averaged Loss : 8.156480
2024-04-12 23:44:57: *******Val Epoch 145: averaged Loss : 5.797026 sep loss : [5.7970263  0.27277912 3.26483145]
2024-04-12 23:44:57: loss weights: [1.0002513  0.99893975 1.000809  ]
2024-04-12 23:45:11: *******Train Epoch 146: averaged Loss : 8.164756
2024-04-12 23:45:12: *******Val Epoch 146: averaged Loss : 5.790888 sep loss : [5.79088816 0.27282397 3.26465101]
2024-04-12 23:45:12: loss weights: [1.0001823 1.0000274 0.9997902]
2024-04-12 23:45:26: *******Train Epoch 147: averaged Loss : 8.154503
2024-04-12 23:45:27: *******Val Epoch 147: averaged Loss : 5.809659 sep loss : [5.80965911 0.27311106 3.2647005 ]
2024-04-12 23:45:27: loss weights: [0.9999202 0.9998542 1.0002255]
2024-04-12 23:45:41: *******Train Epoch 148: averaged Loss : 8.144739
2024-04-12 23:45:42: *******Val Epoch 148: averaged Loss : 5.806138 sep loss : [5.80613753 0.27417338 3.26466447]
2024-04-12 23:45:42: loss weights: [0.99971807 1.000129   1.0001531 ]
2024-04-12 23:45:56: *******Train Epoch 149: averaged Loss : 8.141613
2024-04-12 23:45:57: *******Val Epoch 149: averaged Loss : 5.817187 sep loss : [5.81718691 0.2763316  3.26470749]
2024-04-12 23:45:57: loss weights: [0.99940157 1.000973   0.9996253 ]
2024-04-12 23:46:11: *******Train Epoch 150: averaged Loss : 8.141286
2024-04-12 23:46:12: *******Val Epoch 150: averaged Loss : 5.794397 sep loss : [5.79439706 0.27099834 3.26492829]
2024-04-12 23:46:12: loss weights: [1.0007113 0.9988693 1.0004194]
2024-04-12 23:46:26: *******Train Epoch 151: averaged Loss : 8.148589
2024-04-12 23:46:27: *******Val Epoch 151: averaged Loss : 5.809154 sep loss : [5.80915392 0.27475592 3.26487569]
2024-04-12 23:46:27: loss weights: [0.9997971 1.0002525 0.9999506]
2024-04-12 23:46:41: *******Train Epoch 152: averaged Loss : 8.142982
2024-04-12 23:46:42: *******Val Epoch 152: averaged Loss : 5.801122 sep loss : [5.80112164 0.27235841 3.26470379]
2024-04-12 23:46:42: loss weights: [0.9995874 1.000797  0.9996155]
2024-04-12 23:46:56: *******Train Epoch 153: averaged Loss : 8.138079
2024-04-12 23:46:57: *******Val Epoch 153: averaged Loss : 5.806310 sep loss : [5.80631036 0.27401254 3.2646902 ]
2024-04-12 23:46:57: loss weights: [1.0003204 0.9992454 1.000434 ]
2024-04-12 23:47:11: *******Train Epoch 154: averaged Loss : 8.143312
2024-04-12 23:47:12: *******Val Epoch 154: averaged Loss : 5.800092 sep loss : [5.80009218 0.27527126 3.26467886]
2024-04-12 23:47:12: loss weights: [1.0001587 0.9996774 1.0001639]
2024-04-12 23:47:26: *******Train Epoch 155: averaged Loss : 8.152073
2024-04-12 23:47:27: *******Val Epoch 155: averaged Loss : 5.809954 sep loss : [5.80995398 0.27133215 3.26470436]
2024-04-12 23:47:27: loss weights: [0.99979293 1.0008754  0.9993316 ]
2024-04-12 23:47:41: *******Train Epoch 156: averaged Loss : 8.139110
2024-04-12 23:47:41: *******Val Epoch 156: averaged Loss : 5.800945 sep loss : [5.80094473 0.27504676 3.26472858]
2024-04-12 23:47:41: loss weights: [1.0001627  0.99919224 1.0006449 ]
2024-04-12 23:47:55: *******Train Epoch 157: averaged Loss : 8.146903
2024-04-12 23:47:56: *******Val Epoch 157: averaged Loss : 5.800592 sep loss : [5.80059231 0.27547726 3.26462828]
2024-04-12 23:47:56: loss weights: [0.9998653 1.0003831 0.9997517]
2024-04-12 23:48:10: *******Train Epoch 158: averaged Loss : 8.126155
2024-04-12 23:48:11: *******Val Epoch 158: averaged Loss : 5.821743 sep loss : [5.82174319 0.27795584 3.2647438 ]
2024-04-12 23:48:11: loss weights: [0.99993503 0.99938625 1.0006788 ]
2024-04-12 23:48:25: *******Train Epoch 159: averaged Loss : 8.128771
2024-04-12 23:48:26: *******Val Epoch 159: averaged Loss : 5.817820 sep loss : [5.81781996 0.27718542 3.26457169]
2024-04-12 23:48:26: loss weights: [0.9996171 1.0007052 0.9996777]
2024-04-12 23:48:40: *******Train Epoch 160: averaged Loss : 8.127442
2024-04-12 23:48:41: *******Val Epoch 160: averaged Loss : 5.790372 sep loss : [5.79037153 0.27551828 3.26474283]
2024-04-12 23:48:41: loss weights: [1.0004965 0.9992473 1.0002563]
2024-04-12 23:48:55: *******Train Epoch 161: averaged Loss : 8.141499
2024-04-12 23:48:56: *******Val Epoch 161: averaged Loss : 5.813486 sep loss : [5.81348577 0.27723861 3.26462606]
2024-04-12 23:48:56: loss weights: [1.0003564 0.9996325 1.0000112]
2024-04-12 23:49:10: *******Train Epoch 162: averaged Loss : 8.146956
2024-04-12 23:49:11: *******Val Epoch 162: averaged Loss : 5.813442 sep loss : [5.8134419  0.28172955 3.26462711]
2024-04-12 23:49:11: loss weights: [0.99980855 1.000673   0.9995185 ]
2024-04-12 23:49:25: *******Train Epoch 163: averaged Loss : 8.137499
2024-04-12 23:49:26: *******Val Epoch 163: averaged Loss : 5.810883 sep loss : [5.81088268 0.27777877 3.26476126]
2024-04-12 23:49:26: loss weights: [1.0001366  0.99946404 1.0003992 ]
2024-04-12 23:49:40: *******Train Epoch 164: averaged Loss : 8.142726
2024-04-12 23:49:41: *******Val Epoch 164: averaged Loss : 5.812472 sep loss : [5.81247176 0.27996532 3.26483783]
2024-04-12 23:49:41: loss weights: [0.99997497 1.0000529  0.9999721 ]
2024-04-12 23:49:55: *******Train Epoch 165: averaged Loss : 8.123966
2024-04-12 23:49:56: *******Val Epoch 165: averaged Loss : 5.817926 sep loss : [5.81792567 0.27917136 3.26484442]
2024-04-12 23:49:56: loss weights: [0.9995345 1.00012   1.0003455]
2024-04-12 23:50:10: *******Train Epoch 166: averaged Loss : 8.119766
2024-04-12 23:50:11: *******Val Epoch 166: averaged Loss : 5.810710 sep loss : [5.8107101  0.27791461 3.26478624]
2024-04-12 23:50:11: loss weights: [1.0004656 0.9989982 1.0005361]
2024-04-12 23:50:25: *******Train Epoch 167: averaged Loss : 8.114552
2024-04-12 23:50:26: *******Val Epoch 167: averaged Loss : 5.806045 sep loss : [5.80604517 0.27959351 3.26478932]
2024-04-12 23:50:26: loss weights: [0.99949455 1.0004351  1.0000705 ]
2024-04-12 23:50:40: *******Train Epoch 168: averaged Loss : 8.116111
2024-04-12 23:50:41: *******Val Epoch 168: averaged Loss : 5.801481 sep loss : [5.80148092 0.2789613  3.26473291]
2024-04-12 23:50:41: loss weights: [1.0003691 0.9996784 0.9999528]
2024-04-12 23:50:55: *******Train Epoch 169: averaged Loss : 8.116375
2024-04-12 23:50:56: *******Val Epoch 169: averaged Loss : 5.810303 sep loss : [5.81030251 0.2791294  3.2647068 ]
2024-04-12 23:50:56: loss weights: [1.0001876 0.9995075 1.0003049]
2024-04-12 23:51:10: *******Train Epoch 170: averaged Loss : 8.125329
2024-04-12 23:51:11: *******Val Epoch 170: averaged Loss : 5.798269 sep loss : [5.79826883 0.27808643 3.26477095]
2024-04-12 23:51:11: loss weights: [1.0001408 1.0000589 0.9998002]
2024-04-12 23:51:25: *******Train Epoch 171: averaged Loss : 8.110600
2024-04-12 23:51:26: *******Val Epoch 171: averaged Loss : 5.801386 sep loss : [5.80138614 0.27898448 3.26470579]
2024-04-12 23:51:26: loss weights: [0.99910307 1.0011559  0.9997413 ]
2024-04-12 23:51:40: *******Train Epoch 172: averaged Loss : 8.107617
2024-04-12 23:51:41: *******Val Epoch 172: averaged Loss : 5.806526 sep loss : [5.80652626 0.27855934 3.26471763]
2024-04-12 23:51:41: loss weights: [1.0000331 0.9999817 0.9999851]
2024-04-12 23:51:55: *******Train Epoch 173: averaged Loss : 8.108318
2024-04-12 23:51:56: *******Val Epoch 173: averaged Loss : 5.800318 sep loss : [5.80031824 0.27753621 3.26474681]
2024-04-12 23:51:56: loss weights: [1.000604   0.99871194 1.0006839 ]
2024-04-12 23:52:10: *******Train Epoch 174: averaged Loss : 8.118534
2024-04-12 23:52:11: *******Val Epoch 174: averaged Loss : 5.797809 sep loss : [5.79780872 0.27944059 3.26468761]
2024-04-12 23:52:11: loss weights: [0.999594  1.0010399 0.9993662]
2024-04-12 23:52:25: *******Train Epoch 175: averaged Loss : 8.103595
2024-04-12 23:52:26: *******Val Epoch 175: averaged Loss : 5.808311 sep loss : [5.8083108  0.28016132 3.26469572]
2024-04-12 23:52:26: loss weights: [1.0002929  0.99911785 1.0005894 ]
2024-04-12 23:52:40: *******Train Epoch 176: averaged Loss : 8.120555
2024-04-12 23:52:41: *******Val Epoch 176: averaged Loss : 5.806904 sep loss : [5.80690388 0.2809564  3.26466254]
2024-04-12 23:52:41: loss weights: [1.0001916 1.0001453 0.9996631]
2024-04-12 23:52:55: *******Train Epoch 177: averaged Loss : 8.104611
2024-04-12 23:52:56: *******Val Epoch 177: averaged Loss : 5.792315 sep loss : [5.79231512 0.28229663 3.26464231]
2024-04-12 23:52:56: loss weights: [0.99947155 1.000304   1.0002247 ]
2024-04-12 23:53:10: *******Train Epoch 178: averaged Loss : 8.111373
2024-04-12 23:53:11: *******Val Epoch 178: averaged Loss : 5.806495 sep loss : [5.80649479 0.28321859 3.26467615]
2024-04-12 23:53:11: loss weights: [1.0003614  0.99978495 0.9998536 ]
2024-04-12 23:53:25: *******Train Epoch 179: averaged Loss : 8.124443
2024-04-12 23:53:26: *******Val Epoch 179: averaged Loss : 5.809524 sep loss : [5.8095238  0.28529091 3.26466173]
2024-04-12 23:53:26: loss weights: [1.000342  0.9997847 0.9998733]
2024-04-12 23:53:40: *******Train Epoch 180: averaged Loss : 8.115769
2024-04-12 23:53:41: *******Val Epoch 180: averaged Loss : 5.805530 sep loss : [5.80553033 0.28199856 3.26460629]
2024-04-12 23:53:41: loss weights: [0.9999044 0.9997716 1.0003242]
2024-04-12 23:53:55: *******Train Epoch 181: averaged Loss : 8.098110
2024-04-12 23:53:56: *******Val Epoch 181: averaged Loss : 5.814118 sep loss : [5.81411835 0.28050879 3.26471373]
2024-04-12 23:53:56: loss weights: [0.99981236 0.99955904 1.0006284 ]
2024-04-12 23:54:10: *******Train Epoch 182: averaged Loss : 8.114583
2024-04-12 23:54:11: *******Val Epoch 182: averaged Loss : 5.802394 sep loss : [5.80239395 0.28107383 3.26458894]
2024-04-12 23:54:11: loss weights: [1.0001473 1.0005159 0.9993369]
2024-04-12 23:54:25: *******Train Epoch 183: averaged Loss : 8.111698
2024-04-12 23:54:26: *******Val Epoch 183: averaged Loss : 5.802943 sep loss : [5.80294338 0.28326074 3.26466914]
2024-04-12 23:54:26: loss weights: [0.9999782 1.0000206 1.0000012]
2024-04-12 23:54:40: *******Train Epoch 184: averaged Loss : 8.106132
2024-04-12 23:54:41: *******Val Epoch 184: averaged Loss : 5.792063 sep loss : [5.7920625  0.28146622 3.26467624]
2024-04-12 23:54:41: loss weights: [0.9996128 1.0002928 1.0000943]
2024-04-12 23:54:55: *******Train Epoch 185: averaged Loss : 8.101245
2024-04-12 23:54:56: *******Val Epoch 185: averaged Loss : 5.803508 sep loss : [5.80350839 0.28249952 3.26474608]
2024-04-12 23:54:56: loss weights: [1.000188   0.99950695 1.0003049 ]
2024-04-12 23:55:10: *******Train Epoch 186: averaged Loss : 8.104269
2024-04-12 23:55:11: *******Val Epoch 186: averaged Loss : 5.806362 sep loss : [5.80636153 0.28207424 3.26473586]
2024-04-12 23:55:11: loss weights: [0.9995811 1.000773  0.9996458]
2024-04-12 23:55:25: *******Train Epoch 187: averaged Loss : 8.089706
2024-04-12 23:55:26: *******Val Epoch 187: averaged Loss : 5.798378 sep loss : [5.79837839 0.2812069  3.26476288]
2024-04-12 23:55:26: loss weights: [1.0002011  0.99916327 1.0006356 ]
2024-04-12 23:55:40: *******Train Epoch 188: averaged Loss : 8.108901
2024-04-12 23:55:41: *******Val Epoch 188: averaged Loss : 5.799128 sep loss : [5.79912751 0.28197033 3.2647551 ]
2024-04-12 23:55:41: loss weights: [1.0004083  0.99985135 0.9997405 ]
2024-04-12 23:55:55: *******Train Epoch 189: averaged Loss : 8.093999
2024-04-12 23:55:56: *******Val Epoch 189: averaged Loss : 5.802628 sep loss : [5.80262789 0.28186934 3.26473399]
2024-04-12 23:55:56: loss weights: [0.99952215 1.0003157  1.0001621 ]
2024-04-12 23:56:10: *******Train Epoch 190: averaged Loss : 8.091383
2024-04-12 23:56:11: *******Val Epoch 190: averaged Loss : 5.797435 sep loss : [5.79743499 0.28184496 3.26476172]
2024-04-12 23:56:11: loss weights: [1.000246   0.99954295 1.0002112 ]
2024-04-12 23:56:25: *******Train Epoch 191: averaged Loss : 8.102383
2024-04-12 23:56:26: *******Val Epoch 191: averaged Loss : 5.804936 sep loss : [5.80493579 0.28163579 3.26473073]
2024-04-12 23:56:26: loss weights: [0.9997724 1.0007606 0.9994671]
2024-04-12 23:56:40: *******Train Epoch 192: averaged Loss : 8.081196
2024-04-12 23:56:41: *******Val Epoch 192: averaged Loss : 5.806292 sep loss : [5.80629165 0.28180914 3.26470832]
2024-04-12 23:56:41: loss weights: [0.9998018  0.99964094 1.0005572 ]
2024-04-12 23:56:55: *******Train Epoch 193: averaged Loss : 8.098744
2024-04-12 23:56:56: *******Val Epoch 193: averaged Loss : 5.803579 sep loss : [5.80357948 0.28333675 3.26472119]
2024-04-12 23:56:56: loss weights: [1.0005019  0.99973094 0.99976707]
2024-04-12 23:57:10: *******Train Epoch 194: averaged Loss : 8.104219
2024-04-12 23:57:11: *******Val Epoch 194: averaged Loss : 5.802040 sep loss : [5.80203988 0.28265305 3.2647047 ]
2024-04-12 23:57:11: Validation performance didn't improve for 50 epochs. Training stops.
2024-04-12 23:57:11: == Training finished.
Total training time: 48.23 min	best loss: 5.7787	best epoch: 144	
2024-04-12 23:57:11: == Test results.
2024-04-12 23:57:12: INFLOW, MAE: 5.55, MAPE: 23.9644%
2024-04-12 23:57:12: OUTFLOW, MAE: 5.89, MAPE: 24.7479%
