2024-04-10 20:33:34: Experiment log path in: D:\SUSTECH\Research\GNN_for_OOD\Self-Supervised Deconfounding Against Spatio-Temporal Shifts Theory and Modeling\STEVE\STEVE\experiments\NYCBike1\20240410-203334
2024-04-10 20:33:34: Experiment configs are: Namespace(seed=31, device='cuda:0', mode='train', best_path='None', debug=False, data_dir='D:\\SUSTECH\\Research\\GNN_for_OOD\\Self-Supervised Deconfounding Against Spatio-Temporal Shifts Theory and Modeling\\STEVE\\STEVE\\data', dataset='NYCBike1', input_length=19, len_closeness=4, len_period=15, len_trend=0, batch_size=32, test_batch_size=64, graph_file='D:\\SUSTECH\\Research\\GNN_for_OOD\\Self-Supervised Deconfounding Against Spatio-Temporal Shifts Theory and Modeling\\STEVE\\STEVE\\data/NYCBike1/adj_mx.npz', num_nodes=128, d_input=2, d_output=2, d_model=64, dropout=0.1, percent=0.1, shm_temp=0.5, nmb_prototype=50, yita=0.5, layers=3, epochs=200, lr_init=0.001, lr_mode='only', early_stop=True, early_stop_patience=50, grad_norm=True, max_grad_norm=5, use_dwa=True, temp=4, MMI=False, lr_patience=20, ablation='all', log_dir='D:\\SUSTECH\\Research\\GNN_for_OOD\\Self-Supervised Deconfounding Against Spatio-Temporal Shifts Theory and Modeling\\STEVE\\STEVE\\experiments\\NYCBike1\\20240410-203334')
2024-04-10 20:33:34: loss weights: [1. 1. 1.]
2024-04-10 20:33:50: *******Train Epoch 1: averaged Loss : 16.405972
2024-04-10 20:33:51: *******Val Epoch 1: averaged Loss : 8.614740 sep loss : [8.61474045 1.97012268 2.87532397]
2024-04-10 20:33:51: **************Current best model saved to D:\SUSTECH\Research\GNN_for_OOD\Self-Supervised Deconfounding Against Spatio-Temporal Shifts Theory and Modeling\STEVE\STEVE\experiments\NYCBike1\20240410-203334\best_model.pth
2024-04-10 20:33:51: loss weights: [1. 1. 1.]
2024-04-10 20:34:04: *******Train Epoch 2: averaged Loss : 12.573291
2024-04-10 20:34:05: *******Val Epoch 2: averaged Loss : 7.307129 sep loss : [7.30712875 0.95280719 3.25549837]
2024-04-10 20:34:05: **************Current best model saved to D:\SUSTECH\Research\GNN_for_OOD\Self-Supervised Deconfounding Against Spatio-Temporal Shifts Theory and Modeling\STEVE\STEVE\experiments\NYCBike1\20240410-203334\best_model.pth
2024-04-10 20:34:05: loss weights: [1.0045692  0.92976147 1.0656695 ]
2024-04-10 20:34:18: *******Train Epoch 3: averaged Loss : 11.472047
2024-04-10 20:34:19: *******Val Epoch 3: averaged Loss : 7.090954 sep loss : [7.09095391 0.74951984 3.04367753]
2024-04-10 20:34:19: **************Current best model saved to D:\SUSTECH\Research\GNN_for_OOD\Self-Supervised Deconfounding Against Spatio-Temporal Shifts Theory and Modeling\STEVE\STEVE\experiments\NYCBike1\20240410-203334\best_model.pth
2024-04-10 20:34:19: loss weights: [1.0083748 0.9581928 1.0334322]
2024-04-10 20:34:32: *******Train Epoch 4: averaged Loss : 10.701105
2024-04-10 20:34:33: *******Val Epoch 4: averaged Loss : 6.332098 sep loss : [6.33209793 0.67769229 3.10780052]
2024-04-10 20:34:33: **************Current best model saved to D:\SUSTECH\Research\GNN_for_OOD\Self-Supervised Deconfounding Against Spatio-Temporal Shifts Theory and Modeling\STEVE\STEVE\experiments\NYCBike1\20240410-203334\best_model.pth
2024-04-10 20:34:33: loss weights: [1.0018649 0.983974  1.0141611]
2024-04-10 20:34:46: *******Train Epoch 5: averaged Loss : 10.275257
2024-04-10 20:34:46: *******Val Epoch 5: averaged Loss : 6.133722 sep loss : [6.13372175 0.58212485 3.09984763]
2024-04-10 20:34:46: **************Current best model saved to D:\SUSTECH\Research\GNN_for_OOD\Self-Supervised Deconfounding Against Spatio-Temporal Shifts Theory and Modeling\STEVE\STEVE\experiments\NYCBike1\20240410-203334\best_model.pth
2024-04-10 20:34:46: loss weights: [1.0032965 0.9823824 1.0143211]
2024-04-10 20:35:00: *******Train Epoch 6: averaged Loss : 10.034395
2024-04-10 20:35:00: *******Val Epoch 6: averaged Loss : 5.986547 sep loss : [5.98654747 0.51929601 3.1768802 ]
2024-04-10 20:35:00: **************Current best model saved to D:\SUSTECH\Research\GNN_for_OOD\Self-Supervised Deconfounding Against Spatio-Temporal Shifts Theory and Modeling\STEVE\STEVE\experiments\NYCBike1\20240410-203334\best_model.pth
2024-04-10 20:35:00: loss weights: [0.99977434 0.9874852  1.0127405 ]
2024-04-10 20:35:14: *******Train Epoch 7: averaged Loss : 9.774359
2024-04-10 20:35:14: *******Val Epoch 7: averaged Loss : 5.973668 sep loss : [5.97366802 0.47556202 3.23160132]
2024-04-10 20:35:14: **************Current best model saved to D:\SUSTECH\Research\GNN_for_OOD\Self-Supervised Deconfounding Against Spatio-Temporal Shifts Theory and Modeling\STEVE\STEVE\experiments\NYCBike1\20240410-203334\best_model.pth
2024-04-10 20:35:15: loss weights: [1.0023965  0.98375756 1.0138459 ]
2024-04-10 20:35:28: *******Train Epoch 8: averaged Loss : 9.638895
2024-04-10 20:35:29: *******Val Epoch 8: averaged Loss : 5.865244 sep loss : [5.86524447 0.45661228 3.14231873]
2024-04-10 20:35:29: **************Current best model saved to D:\SUSTECH\Research\GNN_for_OOD\Self-Supervised Deconfounding Against Spatio-Temporal Shifts Theory and Modeling\STEVE\STEVE\experiments\NYCBike1\20240410-203334\best_model.pth
2024-04-10 20:35:29: loss weights: [1.0062356 0.9922098 1.0015547]
2024-04-10 20:35:42: *******Train Epoch 9: averaged Loss : 9.612380
2024-04-10 20:35:42: *******Val Epoch 9: averaged Loss : 5.772632 sep loss : [5.77263188 0.37221023 3.25112124]
2024-04-10 20:35:42: **************Current best model saved to D:\SUSTECH\Research\GNN_for_OOD\Self-Supervised Deconfounding Against Spatio-Temporal Shifts Theory and Modeling\STEVE\STEVE\experiments\NYCBike1\20240410-203334\best_model.pth
2024-04-10 20:35:42: loss weights: [1.0029211 0.9833181 1.0137609]
2024-04-10 20:35:56: *******Train Epoch 10: averaged Loss : 9.460273
2024-04-10 20:35:56: *******Val Epoch 10: averaged Loss : 5.672252 sep loss : [5.67225162 0.36112485 3.23150051]
2024-04-10 20:35:56: **************Current best model saved to D:\SUSTECH\Research\GNN_for_OOD\Self-Supervised Deconfounding Against Spatio-Temporal Shifts Theory and Modeling\STEVE\STEVE\experiments\NYCBike1\20240410-203334\best_model.pth
2024-04-10 20:35:56: loss weights: [1.000075   0.99638915 1.0035357 ]
2024-04-10 20:36:10: *******Train Epoch 11: averaged Loss : 9.320353
2024-04-10 20:36:10: *******Val Epoch 11: averaged Loss : 5.594863 sep loss : [5.5948631  0.34295831 3.03162209]
2024-04-10 20:36:10: **************Current best model saved to D:\SUSTECH\Research\GNN_for_OOD\Self-Supervised Deconfounding Against Spatio-Temporal Shifts Theory and Modeling\STEVE\STEVE\experiments\NYCBike1\20240410-203334\best_model.pth
2024-04-10 20:36:10: loss weights: [1.0039902 0.9951952 1.0008147]
2024-04-10 20:36:24: *******Train Epoch 12: averaged Loss : 9.327292
2024-04-10 20:36:25: *******Val Epoch 12: averaged Loss : 5.581168 sep loss : [5.58116817 0.34728882 3.07409497]
2024-04-10 20:36:25: **************Current best model saved to D:\SUSTECH\Research\GNN_for_OOD\Self-Supervised Deconfounding Against Spatio-Temporal Shifts Theory and Modeling\STEVE\STEVE\experiments\NYCBike1\20240410-203334\best_model.pth
2024-04-10 20:36:25: loss weights: [1.0019944  0.99068785 1.0073177 ]
2024-04-10 20:36:39: *******Train Epoch 13: averaged Loss : 9.092552
2024-04-10 20:36:39: *******Val Epoch 13: averaged Loss : 5.562234 sep loss : [5.5622344  0.30019872 3.20908014]
2024-04-10 20:36:39: **************Current best model saved to D:\SUSTECH\Research\GNN_for_OOD\Self-Supervised Deconfounding Against Spatio-Temporal Shifts Theory and Modeling\STEVE\STEVE\experiments\NYCBike1\20240410-203334\best_model.pth
2024-04-10 20:36:39: loss weights: [1.0033008 0.9936281 1.0030713]
2024-04-10 20:36:53: *******Train Epoch 14: averaged Loss : 9.189471
2024-04-10 20:36:54: *******Val Epoch 14: averaged Loss : 5.610244 sep loss : [5.61024388 0.31184444 3.13924646]
2024-04-10 20:36:54: loss weights: [1.0008018 0.9919036 1.0072945]
2024-04-10 20:37:08: *******Train Epoch 15: averaged Loss : 9.061511
2024-04-10 20:37:08: *******Val Epoch 15: averaged Loss : 5.633277 sep loss : [5.6332767  0.29166877 3.16895064]
2024-04-10 20:37:08: loss weights: [1.0035324 0.9931412 1.0033265]
2024-04-10 20:37:22: *******Train Epoch 16: averaged Loss : 8.978908
2024-04-10 20:37:23: *******Val Epoch 16: averaged Loss : 5.528631 sep loss : [5.52863073 0.30039342 3.14866936]
2024-04-10 20:37:23: **************Current best model saved to D:\SUSTECH\Research\GNN_for_OOD\Self-Supervised Deconfounding Against Spatio-Temporal Shifts Theory and Modeling\STEVE\STEVE\experiments\NYCBike1\20240410-203334\best_model.pth
2024-04-10 20:37:23: loss weights: [1.0020946 0.9955396 1.0023656]
2024-04-10 20:37:37: *******Train Epoch 17: averaged Loss : 8.836427
2024-04-10 20:37:38: *******Val Epoch 17: averaged Loss : 5.652330 sep loss : [5.65232968 0.25304118 3.13509317]
2024-04-10 20:37:38: loss weights: [1.0044689 0.9953635 1.0001677]
2024-04-10 20:37:52: *******Train Epoch 18: averaged Loss : 8.936545
2024-04-10 20:37:53: *******Val Epoch 18: averaged Loss : 5.561294 sep loss : [5.56129368 0.24785584 3.49473429]
2024-04-10 20:37:53: loss weights: [0.9976094 0.9952889 1.0071018]
2024-04-10 20:38:07: *******Train Epoch 19: averaged Loss : 8.945243
2024-04-10 20:38:07: *******Val Epoch 19: averaged Loss : 5.423407 sep loss : [5.42340692 0.25346479 2.90555775]
2024-04-10 20:38:07: **************Current best model saved to D:\SUSTECH\Research\GNN_for_OOD\Self-Supervised Deconfounding Against Spatio-Temporal Shifts Theory and Modeling\STEVE\STEVE\experiments\NYCBike1\20240410-203334\best_model.pth
2024-04-10 20:38:07: loss weights: [1.002968  0.9914058 1.0056262]
2024-04-10 20:38:21: *******Train Epoch 20: averaged Loss : 8.855784
2024-04-10 20:38:22: *******Val Epoch 20: averaged Loss : 5.535120 sep loss : [5.53511969 0.21691687 3.52373342]
2024-04-10 20:38:22: loss weights: [1.001567 0.99769  1.000743]
2024-04-10 20:38:36: *******Train Epoch 21: averaged Loss : 8.824655
2024-04-10 20:38:37: *******Val Epoch 21: averaged Loss : 5.354122 sep loss : [5.3541224  0.2383341  3.17271646]
2024-04-10 20:38:37: **************Current best model saved to D:\SUSTECH\Research\GNN_for_OOD\Self-Supervised Deconfounding Against Spatio-Temporal Shifts Theory and Modeling\STEVE\STEVE\experiments\NYCBike1\20240410-203334\best_model.pth
2024-04-10 20:38:37: loss weights: [1.0021305 0.9947041 1.0031654]
2024-04-10 20:38:51: *******Train Epoch 22: averaged Loss : 8.806521
2024-04-10 20:38:51: *******Val Epoch 22: averaged Loss : 5.388715 sep loss : [5.38871535 0.20774498 3.23348471]
2024-04-10 20:38:51: loss weights: [0.9979865 0.9982661 1.0037475]
2024-04-10 20:39:05: *******Train Epoch 23: averaged Loss : 8.826618
2024-04-10 20:39:06: *******Val Epoch 23: averaged Loss : 5.449811 sep loss : [5.44981122 0.19543779 3.21532865]
2024-04-10 20:39:06: loss weights: [1.0023454 0.9927315 1.0049231]
2024-04-10 20:39:20: *******Train Epoch 24: averaged Loss : 8.710440
2024-04-10 20:39:21: *******Val Epoch 24: averaged Loss : 5.309360 sep loss : [5.30936035 0.21577754 3.11329742]
2024-04-10 20:39:21: **************Current best model saved to D:\SUSTECH\Research\GNN_for_OOD\Self-Supervised Deconfounding Against Spatio-Temporal Shifts Theory and Modeling\STEVE\STEVE\experiments\NYCBike1\20240410-203334\best_model.pth
2024-04-10 20:39:21: loss weights: [1.0046536 0.9945073 1.000839 ]
2024-04-10 20:39:35: *******Train Epoch 25: averaged Loss : 8.698811
2024-04-10 20:39:35: *******Val Epoch 25: averaged Loss : 5.396029 sep loss : [5.39602892 0.20381547 3.12955133]
2024-04-10 20:39:35: loss weights: [0.9983284 1.0020069 0.9996648]
2024-04-10 20:39:49: *******Train Epoch 26: averaged Loss : 8.592961
2024-04-10 20:39:50: *******Val Epoch 26: averaged Loss : 5.771118 sep loss : [5.77111848 0.20131343 3.27945491]
2024-04-10 20:39:50: loss weights: [1.0025295 0.9946207 1.0028497]
2024-04-10 20:40:04: *******Train Epoch 27: averaged Loss : 8.648480
2024-04-10 20:40:04: *******Val Epoch 27: averaged Loss : 5.426307 sep loss : [5.42630657 0.19250132 3.1882873 ]
2024-04-10 20:40:04: loss weights: [1.002297  0.9950118 1.0026911]
2024-04-10 20:40:18: *******Train Epoch 28: averaged Loss : 8.652600
2024-04-10 20:40:19: *******Val Epoch 28: averaged Loss : 5.493025 sep loss : [5.49302506 0.19188595 3.08347074]
2024-04-10 20:40:19: loss weights: [1.0017886 0.9971496 1.0010617]
2024-04-10 20:40:33: *******Train Epoch 29: averaged Loss : 8.514059
2024-04-10 20:40:34: *******Val Epoch 29: averaged Loss : 5.618969 sep loss : [5.6189692  0.19492677 2.90288258]
2024-04-10 20:40:34: loss weights: [1.0033098  1.0032184  0.99347174]
2024-04-10 20:40:48: *******Train Epoch 30: averaged Loss : 8.632195
2024-04-10 20:40:49: *******Val Epoch 30: averaged Loss : 5.234380 sep loss : [5.23438048 0.18857508 3.12808426]
2024-04-10 20:40:49: **************Current best model saved to D:\SUSTECH\Research\GNN_for_OOD\Self-Supervised Deconfounding Against Spatio-Temporal Shifts Theory and Modeling\STEVE\STEVE\experiments\NYCBike1\20240410-203334\best_model.pth
2024-04-10 20:40:49: loss weights: [0.99645483 0.9956944  1.0078509 ]
2024-04-10 20:41:03: *******Train Epoch 31: averaged Loss : 8.470549
2024-04-10 20:41:04: *******Val Epoch 31: averaged Loss : 5.308877 sep loss : [5.30887691 0.17476606 3.16490352]
2024-04-10 20:41:04: loss weights: [0.99974066 0.9985011  1.0017583 ]
2024-04-10 20:41:18: *******Train Epoch 32: averaged Loss : 8.506018
2024-04-10 20:41:18: *******Val Epoch 32: averaged Loss : 5.298176 sep loss : [5.29817629 0.20958685 3.14435621]
2024-04-10 20:41:18: loss weights: [1.001629   0.99245226 1.0059185 ]
2024-04-10 20:41:32: *******Train Epoch 33: averaged Loss : 8.480259
2024-04-10 20:41:33: *******Val Epoch 33: averaged Loss : 5.396720 sep loss : [5.39672049 0.16668818 3.04109259]
2024-04-10 20:41:33: loss weights: [1.000638   0.9994324  0.99992955]
2024-04-10 20:41:47: *******Train Epoch 34: averaged Loss : 8.443376
2024-04-10 20:41:47: *******Val Epoch 34: averaged Loss : 5.239937 sep loss : [5.23993675 0.16291309 3.17408303]
2024-04-10 20:41:47: loss weights: [1.0058525  0.9949317  0.99921584]
2024-04-10 20:42:02: *******Train Epoch 35: averaged Loss : 8.421582
2024-04-10 20:42:03: *******Val Epoch 35: averaged Loss : 5.336481 sep loss : [5.33648086 0.16483613 3.07033551]
2024-04-10 20:42:03: loss weights: [1.0001614  0.99892724 1.0009112 ]
2024-04-10 20:42:16: *******Train Epoch 36: averaged Loss : 8.407669
2024-04-10 20:42:17: *******Val Epoch 36: averaged Loss : 5.205184 sep loss : [5.20518446 0.17982541 3.13974051]
2024-04-10 20:42:17: **************Current best model saved to D:\SUSTECH\Research\GNN_for_OOD\Self-Supervised Deconfounding Against Spatio-Temporal Shifts Theory and Modeling\STEVE\STEVE\experiments\NYCBike1\20240410-203334\best_model.pth
2024-04-10 20:42:17: loss weights: [1.0002708  0.99178773 1.0079411 ]
2024-04-10 20:42:31: *******Train Epoch 37: averaged Loss : 8.453810
2024-04-10 20:42:31: *******Val Epoch 37: averaged Loss : 5.199517 sep loss : [5.19951717 0.15922014 3.12269978]
2024-04-10 20:42:31: **************Current best model saved to D:\SUSTECH\Research\GNN_for_OOD\Self-Supervised Deconfounding Against Spatio-Temporal Shifts Theory and Modeling\STEVE\STEVE\experiments\NYCBike1\20240410-203334\best_model.pth
2024-04-10 20:42:31: loss weights: [0.9973948  0.99998176 1.0026236 ]
2024-04-10 20:42:45: *******Train Epoch 38: averaged Loss : 8.393045
2024-04-10 20:42:46: *******Val Epoch 38: averaged Loss : 5.209356 sep loss : [5.20935647 0.16157819 3.21280094]
2024-04-10 20:42:46: loss weights: [1.0005944 0.9982151 1.0011904]
2024-04-10 20:43:00: *******Train Epoch 39: averaged Loss : 8.437763
2024-04-10 20:43:00: *******Val Epoch 39: averaged Loss : 5.193951 sep loss : [5.19395089 0.1400273  3.16435238]
2024-04-10 20:43:00: **************Current best model saved to D:\SUSTECH\Research\GNN_for_OOD\Self-Supervised Deconfounding Against Spatio-Temporal Shifts Theory and Modeling\STEVE\STEVE\experiments\NYCBike1\20240410-203334\best_model.pth
2024-04-10 20:43:00: loss weights: [1.0029508  0.99534506 1.0017041 ]
2024-04-10 20:43:14: *******Train Epoch 40: averaged Loss : 8.366267
2024-04-10 20:43:15: *******Val Epoch 40: averaged Loss : 5.217725 sep loss : [5.21772488 0.14705642 3.15435175]
2024-04-10 20:43:15: loss weights: [1.001506  0.9971564 1.0013378]
2024-04-10 20:43:29: *******Train Epoch 41: averaged Loss : 8.336121
2024-04-10 20:43:29: *******Val Epoch 41: averaged Loss : 5.330985 sep loss : [5.33098507 0.14434976 3.17554247]
2024-04-10 20:43:29: loss weights: [0.9993017 1.0009005 0.9997978]
2024-04-10 20:43:43: *******Train Epoch 42: averaged Loss : 8.293801
2024-04-10 20:43:44: *******Val Epoch 42: averaged Loss : 5.163590 sep loss : [5.16359003 0.14890454 3.0312293 ]
2024-04-10 20:43:44: **************Current best model saved to D:\SUSTECH\Research\GNN_for_OOD\Self-Supervised Deconfounding Against Spatio-Temporal Shifts Theory and Modeling\STEVE\STEVE\experiments\NYCBike1\20240410-203334\best_model.pth
2024-04-10 20:43:44: loss weights: [0.9985351  1.0059618  0.99550307]
2024-04-10 20:43:58: *******Train Epoch 43: averaged Loss : 8.264278
2024-04-10 20:43:58: *******Val Epoch 43: averaged Loss : 5.380722 sep loss : [5.38072157 0.15586845 2.99607698]
2024-04-10 20:43:58: loss weights: [1.0053489  0.99052894 1.0041221 ]
2024-04-10 20:44:12: *******Train Epoch 44: averaged Loss : 8.231473
2024-04-10 20:44:13: *******Val Epoch 44: averaged Loss : 5.451780 sep loss : [5.45178048 0.139407   3.03771937]
2024-04-10 20:44:13: loss weights: [1.0019221  1.0010853  0.99699265]
2024-04-10 20:44:27: *******Train Epoch 45: averaged Loss : 8.345441
2024-04-10 20:44:27: *******Val Epoch 45: averaged Loss : 5.269222 sep loss : [5.2692221  0.13495262 3.2173117 ]
2024-04-10 20:44:27: loss weights: [0.9967441  0.99130976 1.0119462 ]
2024-04-10 20:44:42: *******Train Epoch 46: averaged Loss : 8.314575
2024-04-10 20:44:42: *******Val Epoch 46: averaged Loss : 5.160205 sep loss : [5.16020457 0.13629887 3.18083405]
2024-04-10 20:44:42: **************Current best model saved to D:\SUSTECH\Research\GNN_for_OOD\Self-Supervised Deconfounding Against Spatio-Temporal Shifts Theory and Modeling\STEVE\STEVE\experiments\NYCBike1\20240410-203334\best_model.pth
2024-04-10 20:44:42: loss weights: [0.99970365 0.99956185 1.0007346 ]
2024-04-10 20:44:56: *******Train Epoch 47: averaged Loss : 8.277630
2024-04-10 20:44:57: *******Val Epoch 47: averaged Loss : 5.192894 sep loss : [5.19289422 0.14114439 3.20967396]
2024-04-10 20:44:57: loss weights: [0.99686205 1.0054588  0.997679  ]
2024-04-10 20:45:11: *******Train Epoch 48: averaged Loss : 8.276050
2024-04-10 20:45:11: *******Val Epoch 48: averaged Loss : 5.187823 sep loss : [5.18782282 0.13429032 3.19676912]
2024-04-10 20:45:11: loss weights: [1.0035588 0.9940814 1.0023597]
2024-04-10 20:45:25: *******Train Epoch 49: averaged Loss : 8.249370
2024-04-10 20:45:25: *******Val Epoch 49: averaged Loss : 5.101783 sep loss : [5.10178272 0.12936061 3.14744949]
2024-04-10 20:45:25: **************Current best model saved to D:\SUSTECH\Research\GNN_for_OOD\Self-Supervised Deconfounding Against Spatio-Temporal Shifts Theory and Modeling\STEVE\STEVE\experiments\NYCBike1\20240410-203334\best_model.pth
2024-04-10 20:45:25: loss weights: [1.0042164 0.9920803 1.0037031]
2024-04-10 20:45:39: *******Train Epoch 50: averaged Loss : 8.252300
2024-04-10 20:45:40: *******Val Epoch 50: averaged Loss : 5.217349 sep loss : [5.21734897 0.13603663 3.36035081]
2024-04-10 20:45:40: loss weights: [1.0020387  0.99892485 0.9990363 ]
2024-04-10 20:45:54: *******Train Epoch 51: averaged Loss : 8.040902
2024-04-10 20:45:54: *******Val Epoch 51: averaged Loss : 5.294267 sep loss : [5.29426678 0.13406767 3.82504694]
2024-04-10 20:45:54: loss weights: [1.0054266  1.006778   0.98779523]
2024-04-10 20:46:08: *******Train Epoch 52: averaged Loss : 8.299845
2024-04-10 20:46:08: *******Val Epoch 52: averaged Loss : 5.152174 sep loss : [5.15217431 0.13323727 3.20250432]
2024-04-10 20:46:08: loss weights: [0.9928317  0.98476887 1.0223993 ]
2024-04-10 20:46:22: *******Train Epoch 53: averaged Loss : 8.278649
2024-04-10 20:46:23: *******Val Epoch 53: averaged Loss : 5.181338 sep loss : [5.18133823 0.13410843 3.19627774]
2024-04-10 20:46:23: loss weights: [1.0051565  0.9950568  0.99978673]
2024-04-10 20:46:37: *******Train Epoch 54: averaged Loss : 8.247407
2024-04-10 20:46:37: *******Val Epoch 54: averaged Loss : 5.182528 sep loss : [5.18252826 0.12010781 3.15677349]
2024-04-10 20:46:37: loss weights: [0.9962126 1.0072355 0.996552 ]
2024-04-10 20:46:51: *******Train Epoch 55: averaged Loss : 8.127241
2024-04-10 20:46:51: *******Val Epoch 55: averaged Loss : 5.123619 sep loss : [5.12361932 0.12731685 3.07444417]
2024-04-10 20:46:51: loss weights: [1.0000615  1.0038817  0.99605674]
2024-04-10 20:47:05: *******Train Epoch 56: averaged Loss : 8.099408
2024-04-10 20:47:06: *******Val Epoch 56: averaged Loss : 5.342639 sep loss : [5.34263865 0.13384808 3.12687333]
2024-04-10 20:47:06: loss weights: [1.0022157  0.99642754 1.001357  ]
2024-04-10 20:47:20: *******Train Epoch 57: averaged Loss : 8.169643
2024-04-10 20:47:20: *******Val Epoch 57: averaged Loss : 5.311336 sep loss : [5.3113362  0.1182254  3.27335568]
2024-04-10 20:47:20: loss weights: [0.9990274  1.0014142  0.99955857]
2024-04-10 20:47:34: *******Train Epoch 58: averaged Loss : 8.189665
2024-04-10 20:47:34: *******Val Epoch 58: averaged Loss : 5.171362 sep loss : [5.17136248 0.11741344 3.17144005]
2024-04-10 20:47:34: loss weights: [1.0006479  0.98944914 1.0099031 ]
2024-04-10 20:47:48: *******Train Epoch 59: averaged Loss : 8.202346
2024-04-10 20:47:49: *******Val Epoch 59: averaged Loss : 5.136143 sep loss : [5.13614265 0.11816269 3.17825989]
2024-04-10 20:47:49: loss weights: [0.9995625 1.0032223 0.9972153]
2024-04-10 20:48:03: *******Train Epoch 60: averaged Loss : 8.125474
2024-04-10 20:48:03: *******Val Epoch 60: averaged Loss : 5.183603 sep loss : [5.18360337 0.12754572 3.17790763]
2024-04-10 20:48:03: loss weights: [1.0031016 0.994216  1.0026823]
2024-04-10 20:48:17: *******Train Epoch 61: averaged Loss : 8.199762
2024-04-10 20:48:17: *******Val Epoch 61: averaged Loss : 5.179608 sep loss : [5.17960755 0.10591878 3.1720169 ]
2024-04-10 20:48:17: loss weights: [1.0025506 0.9948642 1.0025852]
2024-04-10 20:48:31: *******Train Epoch 62: averaged Loss : 8.111527
2024-04-10 20:48:32: *******Val Epoch 62: averaged Loss : 5.128555 sep loss : [5.12855482 0.11437024 3.17525371]
2024-04-10 20:48:32: loss weights: [1.0025713  0.99646425 1.0009645 ]
2024-04-10 20:48:46: *******Train Epoch 63: averaged Loss : 8.175556
2024-04-10 20:48:46: *******Val Epoch 63: averaged Loss : 5.135200 sep loss : [5.1352001  0.12223955 3.21789197]
2024-04-10 20:48:46: loss weights: [0.99773216 1.0008688  1.001399  ]
2024-04-10 20:49:01: *******Train Epoch 64: averaged Loss : 8.123735
2024-04-10 20:49:01: *******Val Epoch 64: averaged Loss : 5.171120 sep loss : [5.17112041 0.11629332 3.17439143]
2024-04-10 20:49:01: loss weights: [0.9983845 1.0024201 0.9991957]
2024-04-10 20:49:15: *******Train Epoch 65: averaged Loss : 8.065788
2024-04-10 20:49:15: *******Val Epoch 65: averaged Loss : 5.154581 sep loss : [5.15458131 0.10926571 3.16833532]
2024-04-10 20:49:15: loss weights: [0.9995096 1.0020902 0.9984003]
2024-04-10 20:49:29: *******Train Epoch 66: averaged Loss : 8.045975
2024-04-10 20:49:30: *******Val Epoch 66: averaged Loss : 5.103309 sep loss : [5.10330868 0.11620562 3.12987137]
2024-04-10 20:49:30: loss weights: [1.0031035  0.99401593 1.0028806 ]
2024-04-10 20:49:44: *******Train Epoch 67: averaged Loss : 8.065675
2024-04-10 20:49:44: *******Val Epoch 67: averaged Loss : 5.104858 sep loss : [5.10485808 0.10678755 3.10938199]
2024-04-10 20:49:44: loss weights: [0.9983351 1.0066411 0.9950239]
2024-04-10 20:49:58: *******Train Epoch 68: averaged Loss : 7.986750
2024-04-10 20:49:58: *******Val Epoch 68: averaged Loss : 5.188570 sep loss : [5.18857018 0.10458776 3.23469865]
2024-04-10 20:49:58: loss weights: [1.0010169  0.99996376 0.9990194 ]
2024-04-10 20:50:12: *******Train Epoch 69: averaged Loss : 8.081075
2024-04-10 20:50:13: *******Val Epoch 69: averaged Loss : 5.139165 sep loss : [5.13916453 0.11414267 3.20442029]
2024-04-10 20:50:13: loss weights: [1.0022078 0.9857685 1.0120239]
2024-04-10 20:50:27: *******Train Epoch 70: averaged Loss : 8.133028
2024-04-10 20:50:27: *******Val Epoch 70: averaged Loss : 5.583802 sep loss : [5.58380183 0.12050509 3.20414619]
2024-04-10 20:50:27: loss weights: [1.0003419  0.99982166 0.9998365 ]
2024-04-10 20:50:41: *******Train Epoch 71: averaged Loss : 8.024213
2024-04-10 20:50:41: *******Val Epoch 71: averaged Loss : 5.083640 sep loss : [5.08364026 0.10014541 3.20057607]
2024-04-10 20:50:41: **************Current best model saved to D:\SUSTECH\Research\GNN_for_OOD\Self-Supervised Deconfounding Against Spatio-Temporal Shifts Theory and Modeling\STEVE\STEVE\experiments\NYCBike1\20240410-203334\best_model.pth
2024-04-10 20:50:41: loss weights: [1.0080218 0.9816464 1.0103317]
2024-04-10 20:50:55: *******Train Epoch 72: averaged Loss : 8.028671
2024-04-10 20:50:56: *******Val Epoch 72: averaged Loss : 5.115857 sep loss : [5.11585712 0.10021409 3.19574694]
2024-04-10 20:50:56: loss weights: [1.0003113 0.9969636 1.0027254]
2024-04-10 20:51:10: *******Train Epoch 73: averaged Loss : 7.976920
2024-04-10 20:51:10: *******Val Epoch 73: averaged Loss : 5.175369 sep loss : [5.17536934 0.10201128 3.191787  ]
2024-04-10 20:51:10: loss weights: [0.9987335  1.0032374  0.99802923]
2024-04-10 20:51:24: *******Train Epoch 74: averaged Loss : 7.942352
2024-04-10 20:51:25: *******Val Epoch 74: averaged Loss : 5.177032 sep loss : [5.17703207 0.09339123 3.19746367]
2024-04-10 20:51:25: loss weights: [1.0021887  0.99489486 1.0029168 ]
2024-04-10 20:51:39: *******Train Epoch 75: averaged Loss : 7.962025
2024-04-10 20:51:39: *******Val Epoch 75: averaged Loss : 5.091111 sep loss : [5.0911111  0.09477962 3.19477765]
2024-04-10 20:51:39: loss weights: [0.9997199 1.0000954 1.0001848]
2024-04-10 20:51:53: *******Train Epoch 76: averaged Loss : 7.948840
2024-04-10 20:51:53: *******Val Epoch 76: averaged Loss : 5.151388 sep loss : [5.15138793 0.10080249 3.20194387]
2024-04-10 20:51:53: loss weights: [1.0004635 0.9987085 1.0008281]
2024-04-10 20:52:07: *******Train Epoch 77: averaged Loss : 7.945902
2024-04-10 20:52:08: *******Val Epoch 77: averaged Loss : 5.107907 sep loss : [5.10790658 0.0950706  3.18846333]
2024-04-10 20:52:08: loss weights: [0.99860096 1.0026383  0.9987606 ]
2024-04-10 20:52:22: *******Train Epoch 78: averaged Loss : 7.919016
2024-04-10 20:52:22: *******Val Epoch 78: averaged Loss : 5.115551 sep loss : [5.11555123 0.09985156 3.19321748]
2024-04-10 20:52:22: loss weights: [1.0022969 0.9959605 1.0017427]
2024-04-10 20:52:36: *******Train Epoch 79: averaged Loss : 7.967719
2024-04-10 20:52:36: *******Val Epoch 79: averaged Loss : 5.183129 sep loss : [5.18312883 0.09837548 3.20342577]
2024-04-10 20:52:36: loss weights: [1.0018507  0.99612576 1.0020235 ]
2024-04-10 20:52:51: *******Train Epoch 80: averaged Loss : 7.958063
2024-04-10 20:52:51: *******Val Epoch 80: averaged Loss : 5.072999 sep loss : [5.07299908 0.09285833 3.20795282]
2024-04-10 20:52:51: **************Current best model saved to D:\SUSTECH\Research\GNN_for_OOD\Self-Supervised Deconfounding Against Spatio-Temporal Shifts Theory and Modeling\STEVE\STEVE\experiments\NYCBike1\20240410-203334\best_model.pth
2024-04-10 20:52:51: loss weights: [0.99981177 0.99918795 1.0010005 ]
2024-04-10 20:53:05: *******Train Epoch 81: averaged Loss : 7.929943
2024-04-10 20:53:05: *******Val Epoch 81: averaged Loss : 5.098066 sep loss : [5.09806554 0.09891078 3.20180726]
2024-04-10 20:53:05: loss weights: [1.0004373 0.9987116 1.0008512]
2024-04-10 20:53:19: *******Train Epoch 82: averaged Loss : 7.922007
2024-04-10 20:53:20: *******Val Epoch 82: averaged Loss : 5.114926 sep loss : [5.11492602 0.09727559 3.20156213]
2024-04-10 20:53:20: loss weights: [0.9985914  1.002488   0.99892056]
2024-04-10 20:53:34: *******Train Epoch 83: averaged Loss : 7.906054
2024-04-10 20:53:35: *******Val Epoch 83: averaged Loss : 5.062965 sep loss : [5.06296452 0.09494902 3.20111632]
2024-04-10 20:53:35: **************Current best model saved to D:\SUSTECH\Research\GNN_for_OOD\Self-Supervised Deconfounding Against Spatio-Temporal Shifts Theory and Modeling\STEVE\STEVE\experiments\NYCBike1\20240410-203334\best_model.pth
2024-04-10 20:53:35: loss weights: [1.000962   0.99808097 1.000957  ]
2024-04-10 20:53:49: *******Train Epoch 84: averaged Loss : 7.914656
2024-04-10 20:53:49: *******Val Epoch 84: averaged Loss : 5.078123 sep loss : [5.07812317 0.08991556 3.2023826 ]
2024-04-10 20:53:49: loss weights: [0.99933225 1.0008972  0.9997705 ]
2024-04-10 20:54:03: *******Train Epoch 85: averaged Loss : 7.903200
2024-04-10 20:54:04: *******Val Epoch 85: averaged Loss : 5.085394 sep loss : [5.08539446 0.10198636 3.20410387]
2024-04-10 20:54:04: loss weights: [1.0036023  0.99290675 1.0034912 ]
2024-04-10 20:54:18: *******Train Epoch 86: averaged Loss : 7.926393
2024-04-10 20:54:18: *******Val Epoch 86: averaged Loss : 5.072763 sep loss : [5.07276344 0.09147024 3.20282376]
2024-04-10 20:54:18: loss weights: [0.99703   1.0052779 0.997692 ]
2024-04-10 20:54:32: *******Train Epoch 87: averaged Loss : 7.867135
2024-04-10 20:54:33: *******Val Epoch 87: averaged Loss : 5.091139 sep loss : [5.09113916 0.0971042  3.20248222]
2024-04-10 20:54:33: loss weights: [1.0038817 0.9919597 1.0041586]
2024-04-10 20:54:47: *******Train Epoch 88: averaged Loss : 7.931743
2024-04-10 20:54:47: *******Val Epoch 88: averaged Loss : 5.109647 sep loss : [5.10964664 0.08984232 3.20218678]
2024-04-10 20:54:47: loss weights: [0.9987503 1.0031536 0.9980961]
2024-04-10 20:55:01: *******Train Epoch 89: averaged Loss : 7.880081
2024-04-10 20:55:02: *******Val Epoch 89: averaged Loss : 5.153657 sep loss : [5.15365744 0.08988082 3.20226824]
2024-04-10 20:55:02: loss weights: [0.99688184 1.0055351  0.9975831 ]
2024-04-10 20:55:16: *******Train Epoch 90: averaged Loss : 7.866131
2024-04-10 20:55:16: *******Val Epoch 90: averaged Loss : 5.088697 sep loss : [5.08869656 0.08883134 3.20222147]
2024-04-10 20:55:16: loss weights: [1.0037023  0.99263394 1.0036635 ]
2024-04-10 20:55:30: *******Train Epoch 91: averaged Loss : 7.901791
2024-04-10 20:55:31: *******Val Epoch 91: averaged Loss : 5.076344 sep loss : [5.07634354 0.09779839 3.20235304]
2024-04-10 20:55:31: loss weights: [0.99909675 1.0010312  0.9998721 ]
2024-04-10 20:55:45: *******Train Epoch 92: averaged Loss : 7.863228
2024-04-10 20:55:46: *******Val Epoch 92: averaged Loss : 5.118521 sep loss : [5.1185209  0.09937261 3.2022231 ]
2024-04-10 20:55:46: loss weights: [1.0013461  0.99711347 1.0015405 ]
2024-04-10 20:56:00: *******Train Epoch 93: averaged Loss : 7.887296
2024-04-10 20:56:00: *******Val Epoch 93: averaged Loss : 5.102807 sep loss : [5.10280673 0.09258651 3.19961663]
2024-04-10 20:56:00: loss weights: [0.9989377 1.0025426 0.9985199]
2024-04-10 20:56:14: *******Train Epoch 94: averaged Loss : 7.870201
2024-04-10 20:56:15: *******Val Epoch 94: averaged Loss : 5.079326 sep loss : [5.07932623 0.08964421 3.20131381]
2024-04-10 20:56:15: loss weights: [1.00166   0.9973179 1.0010225]
2024-04-10 20:56:28: *******Train Epoch 95: averaged Loss : 7.874497
2024-04-10 20:56:29: *******Val Epoch 95: averaged Loss : 5.091739 sep loss : [5.09173926 0.08919023 3.19962883]
2024-04-10 20:56:29: loss weights: [0.99945664 1.0000914  1.0004519 ]
2024-04-10 20:56:43: *******Train Epoch 96: averaged Loss : 7.848848
2024-04-10 20:56:44: *******Val Epoch 96: averaged Loss : 5.093509 sep loss : [5.0935092  0.09309451 3.19505382]
2024-04-10 20:56:44: loss weights: [1.00038   0.9993305 1.0002894]
2024-04-10 20:56:59: *******Train Epoch 97: averaged Loss : 7.860032
2024-04-10 20:56:59: *******Val Epoch 97: averaged Loss : 5.082185 sep loss : [5.08218503 0.09394951 3.20239135]
2024-04-10 20:56:59: loss weights: [1.0022825 0.9953896 1.0023278]
2024-04-10 20:57:14: *******Train Epoch 98: averaged Loss : 7.862711
2024-04-10 20:57:14: *******Val Epoch 98: averaged Loss : 5.110387 sep loss : [5.11038661 0.09092092 3.19935759]
2024-04-10 20:57:14: loss weights: [0.9997149  0.99985695 1.0004282 ]
2024-04-10 20:57:28: *******Train Epoch 99: averaged Loss : 7.846775
2024-04-10 20:57:29: *******Val Epoch 99: averaged Loss : 5.108332 sep loss : [5.10833248 0.09324307 3.19803135]
2024-04-10 20:57:29: loss weights: [0.9986094 1.0029173 0.9984733]
2024-04-10 20:57:42: *******Train Epoch 100: averaged Loss : 7.829278
2024-04-10 20:57:43: *******Val Epoch 100: averaged Loss : 5.137550 sep loss : [5.13755043 0.089478   3.19913077]
2024-04-10 20:57:43: loss weights: [0.9996795 1.0000776 1.0002427]
2024-04-10 20:57:57: *******Train Epoch 101: averaged Loss : 7.849942
2024-04-10 20:57:57: *******Val Epoch 101: averaged Loss : 5.157288 sep loss : [5.157288   0.09747202 3.2052542 ]
2024-04-10 20:57:57: loss weights: [1.0020393 0.9962963 1.0016645]
2024-04-10 20:58:11: *******Train Epoch 102: averaged Loss : 7.863768
2024-04-10 20:58:12: *******Val Epoch 102: averaged Loss : 5.114348 sep loss : [5.11434754 0.0916268  3.20475586]
2024-04-10 20:58:12: loss weights: [1.0007597 0.9980861 1.0011544]
2024-04-10 20:58:26: *******Train Epoch 103: averaged Loss : 7.846095
2024-04-10 20:58:26: *******Val Epoch 103: averaged Loss : 5.084598 sep loss : [5.0845983  0.08776042 3.20352519]
2024-04-10 20:58:26: loss weights: [1.0005611 0.9985912 1.0008477]
2024-04-10 20:58:41: *******Train Epoch 104: averaged Loss : 7.835394
2024-04-10 20:58:41: *******Val Epoch 104: averaged Loss : 5.091451 sep loss : [5.09145085 0.09220342 3.20443046]
2024-04-10 20:58:41: loss weights: [1.0003624 0.9987109 1.000927 ]
2024-04-10 20:58:56: *******Train Epoch 105: averaged Loss : 7.805604
2024-04-10 20:58:57: *******Val Epoch 105: averaged Loss : 5.096800 sep loss : [5.09680049 0.08553608 3.20202013]
2024-04-10 20:58:57: loss weights: [1.0052192 0.9885417 1.006239 ]
2024-04-10 20:59:11: *******Train Epoch 106: averaged Loss : 7.824212
2024-04-10 20:59:11: *******Val Epoch 106: averaged Loss : 5.084713 sep loss : [5.08471251 0.08686285 3.19997207]
2024-04-10 20:59:11: loss weights: [0.9998815  0.99953187 1.0005866 ]
2024-04-10 20:59:25: *******Train Epoch 107: averaged Loss : 7.779755
2024-04-10 20:59:26: *******Val Epoch 107: averaged Loss : 5.154409 sep loss : [5.15440861 0.0862026  3.19454547]
2024-04-10 20:59:26: loss weights: [1.0023634 0.9954566 1.0021797]
2024-04-10 20:59:40: *******Train Epoch 108: averaged Loss : 7.799643
2024-04-10 20:59:40: *******Val Epoch 108: averaged Loss : 5.082675 sep loss : [5.0826745  0.0901994  3.20125675]
2024-04-10 20:59:40: loss weights: [0.9986501  1.0031103  0.99823934]
2024-04-10 20:59:54: *******Train Epoch 109: averaged Loss : 7.766041
2024-04-10 20:59:55: *******Val Epoch 109: averaged Loss : 5.071161 sep loss : [5.07116127 0.08287375 3.20171054]
2024-04-10 20:59:55: loss weights: [0.99964464 0.99987245 1.0004829 ]
2024-04-10 21:00:09: *******Train Epoch 110: averaged Loss : 7.765216
2024-04-10 21:00:09: *******Val Epoch 110: averaged Loss : 5.059302 sep loss : [5.05930233 0.08668303 3.19777731]
2024-04-10 21:00:09: **************Current best model saved to D:\SUSTECH\Research\GNN_for_OOD\Self-Supervised Deconfounding Against Spatio-Temporal Shifts Theory and Modeling\STEVE\STEVE\experiments\NYCBike1\20240410-203334\best_model.pth
2024-04-10 21:00:09: loss weights: [1.0008082  0.99798715 1.0012046 ]
2024-04-10 21:00:23: *******Train Epoch 111: averaged Loss : 7.775561
2024-04-10 21:00:24: *******Val Epoch 111: averaged Loss : 5.086384 sep loss : [5.0863835  0.08528628 3.19854347]
2024-04-10 21:00:24: loss weights: [1.0012529 0.998157  1.0005903]
2024-04-10 21:00:38: *******Train Epoch 112: averaged Loss : 7.780338
2024-04-10 21:00:38: *******Val Epoch 112: averaged Loss : 5.103967 sep loss : [5.10396735 0.08513762 3.19869304]
2024-04-10 21:00:38: loss weights: [0.99821466 1.0033803  0.9984052 ]
2024-04-10 21:00:52: *******Train Epoch 113: averaged Loss : 7.747021
2024-04-10 21:00:52: *******Val Epoch 113: averaged Loss : 5.054565 sep loss : [5.05456535 0.08184245 3.20533164]
2024-04-10 21:00:52: **************Current best model saved to D:\SUSTECH\Research\GNN_for_OOD\Self-Supervised Deconfounding Against Spatio-Temporal Shifts Theory and Modeling\STEVE\STEVE\experiments\NYCBike1\20240410-203334\best_model.pth
2024-04-10 21:00:52: loss weights: [1.0009506  0.99687576 1.0021737 ]
2024-04-10 21:01:06: *******Train Epoch 114: averaged Loss : 7.780765
2024-04-10 21:01:07: *******Val Epoch 114: averaged Loss : 5.062116 sep loss : [5.06211623 0.08441653 3.20095734]
2024-04-10 21:01:07: loss weights: [0.99955976 1.0013417  0.99909866]
2024-04-10 21:01:21: *******Train Epoch 115: averaged Loss : 7.762686
2024-04-10 21:01:21: *******Val Epoch 115: averaged Loss : 5.075868 sep loss : [5.07586837 0.08544842 3.19932238]
2024-04-10 21:01:21: loss weights: [1.0015757  0.99756336 1.0008608 ]
2024-04-10 21:01:35: *******Train Epoch 116: averaged Loss : 7.762633
2024-04-10 21:01:36: *******Val Epoch 116: averaged Loss : 5.079054 sep loss : [5.07905388 0.08140698 3.20395343]
2024-04-10 21:01:36: loss weights: [0.9990052 1.000517  1.0004778]
2024-04-10 21:01:50: *******Train Epoch 117: averaged Loss : 7.757929
2024-04-10 21:01:51: *******Val Epoch 117: averaged Loss : 5.085574 sep loss : [5.08557383 0.08278473 3.20224623]
2024-04-10 21:01:51: loss weights: [0.99971306 1.0009563  0.9993305 ]
2024-04-10 21:02:06: *******Train Epoch 118: averaged Loss : 7.760158
2024-04-10 21:02:06: *******Val Epoch 118: averaged Loss : 5.107976 sep loss : [5.10797628 0.08825971 3.2016116 ]
2024-04-10 21:02:06: loss weights: [1.0021502  0.99608177 1.0017679 ]
2024-04-10 21:02:20: *******Train Epoch 119: averaged Loss : 7.774718
2024-04-10 21:02:20: *******Val Epoch 119: averaged Loss : 5.098002 sep loss : [5.09800212 0.08523362 3.20062915]
2024-04-10 21:02:20: loss weights: [0.9978429  1.0041541  0.99800295]
2024-04-10 21:02:34: *******Train Epoch 120: averaged Loss : 7.729992
2024-04-10 21:02:35: *******Val Epoch 120: averaged Loss : 5.087501 sep loss : [5.08750081 0.08247351 3.20070831]
2024-04-10 21:02:35: loss weights: [1.001206  0.996961  1.0018328]
2024-04-10 21:02:49: *******Train Epoch 121: averaged Loss : 7.767356
2024-04-10 21:02:49: *******Val Epoch 121: averaged Loss : 5.078204 sep loss : [5.07820423 0.08637271 3.20162829]
2024-04-10 21:02:49: loss weights: [1.0021043  0.99632525 1.0015705 ]
2024-04-10 21:03:03: *******Train Epoch 122: averaged Loss : 7.757036
2024-04-10 21:03:04: *******Val Epoch 122: averaged Loss : 5.062960 sep loss : [5.06296031 0.08786687 3.20208514]
2024-04-10 21:03:04: loss weights: [0.99804723 1.003078   0.9988748 ]
2024-04-10 21:03:18: *******Train Epoch 123: averaged Loss : 7.734828
2024-04-10 21:03:18: *******Val Epoch 123: averaged Loss : 5.079982 sep loss : [5.0799818  0.08575445 3.20232224]
2024-04-10 21:03:18: loss weights: [1.001729   0.99683887 1.0014322 ]
2024-04-10 21:03:32: *******Train Epoch 124: averaged Loss : 7.750386
2024-04-10 21:03:33: *******Val Epoch 124: averaged Loss : 5.083657 sep loss : [5.08365703 0.08559279 3.20224047]
2024-04-10 21:03:33: loss weights: [1.0013633  0.99680495 1.0018318 ]
2024-04-10 21:03:47: *******Train Epoch 125: averaged Loss : 7.753023
2024-04-10 21:03:47: *******Val Epoch 125: averaged Loss : 5.060037 sep loss : [5.06003666 0.08528236 3.20123855]
2024-04-10 21:03:47: loss weights: [0.9968381 1.006475  0.9966869]
2024-04-10 21:04:03: *******Train Epoch 126: averaged Loss : 7.716671
2024-04-10 21:04:03: *******Val Epoch 126: averaged Loss : 5.091779 sep loss : [5.09177891 0.08503997 3.20155013]
2024-04-10 21:04:03: loss weights: [1.0014613 0.9971111 1.0014277]
2024-04-10 21:04:18: *******Train Epoch 127: averaged Loss : 7.743349
2024-04-10 21:04:19: *******Val Epoch 127: averaged Loss : 5.071538 sep loss : [5.07153789 0.08363935 3.20193819]
2024-04-10 21:04:19: loss weights: [0.99958813 1.0002332  1.0001786 ]
2024-04-10 21:04:33: *******Train Epoch 128: averaged Loss : 7.741952
2024-04-10 21:04:34: *******Val Epoch 128: averaged Loss : 5.048999 sep loss : [5.04899907 0.08167169 3.20303241]
2024-04-10 21:04:34: **************Current best model saved to D:\SUSTECH\Research\GNN_for_OOD\Self-Supervised Deconfounding Against Spatio-Temporal Shifts Theory and Modeling\STEVE\STEVE\experiments\NYCBike1\20240410-203334\best_model.pth
2024-04-10 21:04:34: loss weights: [1.0019755  0.99673766 1.001287  ]
2024-04-10 21:04:48: *******Train Epoch 129: averaged Loss : 7.752686
2024-04-10 21:04:49: *******Val Epoch 129: averaged Loss : 5.087234 sep loss : [5.08723418 0.08345273 3.2023404 ]
2024-04-10 21:04:49: loss weights: [1.0009084 0.9980072 1.0010844]
2024-04-10 21:05:03: *******Train Epoch 130: averaged Loss : 7.740772
2024-04-10 21:05:04: *******Val Epoch 130: averaged Loss : 5.118978 sep loss : [5.11897834 0.08375922 3.20217101]
2024-04-10 21:05:04: loss weights: [0.9981005 1.0033426 0.998557 ]
2024-04-10 21:05:19: *******Train Epoch 131: averaged Loss : 7.728342
2024-04-10 21:05:19: *******Val Epoch 131: averaged Loss : 5.068458 sep loss : [5.06845832 0.08521879 3.20317022]
2024-04-10 21:05:19: loss weights: [1.0008862 0.9987153 1.0003985]
2024-04-10 21:05:34: *******Train Epoch 132: averaged Loss : 7.739839
2024-04-10 21:05:34: *******Val Epoch 132: averaged Loss : 5.094149 sep loss : [5.09414927 0.08745841 3.20303818]
2024-04-10 21:05:34: loss weights: [1.0011034 0.9975316 1.0013651]
2024-04-10 21:05:49: *******Train Epoch 133: averaged Loss : 7.741744
2024-04-10 21:05:49: *******Val Epoch 133: averaged Loss : 5.072488 sep loss : [5.07248759 0.08139182 3.20281768]
2024-04-10 21:05:49: loss weights: [1.0002526  0.99937737 1.00037   ]
2024-04-10 21:06:04: *******Train Epoch 134: averaged Loss : 7.726277
2024-04-10 21:06:04: *******Val Epoch 134: averaged Loss : 5.081986 sep loss : [5.08198627 0.08337542 3.20224134]
2024-04-10 21:06:04: loss weights: [0.9969708 1.005389  0.9976403]
2024-04-10 21:06:19: *******Train Epoch 135: averaged Loss : 7.710073
2024-04-10 21:06:19: *******Val Epoch 135: averaged Loss : 5.112170 sep loss : [5.11216974 0.08267841 3.20173736]
2024-04-10 21:06:19: loss weights: [1.0011058 0.9982661 1.0006281]
2024-04-10 21:06:33: *******Train Epoch 136: averaged Loss : 7.735424
2024-04-10 21:06:34: *******Val Epoch 136: averaged Loss : 5.075847 sep loss : [5.07584691 0.08240914 3.20185626]
2024-04-10 21:06:34: loss weights: [1.0005658  0.99875075 1.0006833 ]
2024-04-10 21:06:48: *******Train Epoch 137: averaged Loss : 7.742382
2024-04-10 21:06:48: *******Val Epoch 137: averaged Loss : 5.113885 sep loss : [5.11388548 0.08389616 3.20254731]
2024-04-10 21:06:48: loss weights: [1.0004063  0.99959314 1.0000005 ]
2024-04-10 21:07:02: *******Train Epoch 138: averaged Loss : 7.713803
2024-04-10 21:07:02: *******Val Epoch 138: averaged Loss : 5.080428 sep loss : [5.08042781 0.08470468 3.20192138]
2024-04-10 21:07:02: loss weights: [1.001184  0.9964261 1.00239  ]
2024-04-10 21:07:16: *******Train Epoch 139: averaged Loss : 7.733076
2024-04-10 21:07:17: *******Val Epoch 139: averaged Loss : 5.064784 sep loss : [5.06478421 0.08169359 3.20227671]
2024-04-10 21:07:17: loss weights: [0.9970341  1.0063844  0.99658155]
2024-04-10 21:07:31: *******Train Epoch 140: averaged Loss : 7.695500
2024-04-10 21:07:31: *******Val Epoch 140: averaged Loss : 5.114796 sep loss : [5.11479632 0.08443315 3.20239822]
2024-04-10 21:07:31: loss weights: [1.0035483  0.99296254 1.0034893 ]
2024-04-10 21:07:45: *******Train Epoch 141: averaged Loss : 7.744277
2024-04-10 21:07:46: *******Val Epoch 141: averaged Loss : 5.098245 sep loss : [5.09824538 0.08617434 3.20193052]
2024-04-10 21:07:46: loss weights: [0.99873114 1.00243    0.9988387 ]
2024-04-10 21:08:00: *******Train Epoch 142: averaged Loss : 7.712565
2024-04-10 21:08:00: *******Val Epoch 142: averaged Loss : 5.075873 sep loss : [5.07587298 0.08410313 3.20177321]
2024-04-10 21:08:00: loss weights: [0.99918205 1.001753   0.9990651 ]
2024-04-10 21:08:14: *******Train Epoch 143: averaged Loss : 7.720028
2024-04-10 21:08:15: *******Val Epoch 143: averaged Loss : 5.082894 sep loss : [5.08289448 0.08180763 3.20247408]
2024-04-10 21:08:15: loss weights: [1.0021139 0.9960394 1.0018467]
2024-04-10 21:08:28: *******Train Epoch 144: averaged Loss : 7.728630
2024-04-10 21:08:29: *******Val Epoch 144: averaged Loss : 5.136021 sep loss : [5.13602074 0.08015843 3.20153113]
2024-04-10 21:08:29: loss weights: [0.99815315 1.0029641  0.9988828 ]
2024-04-10 21:08:43: *******Train Epoch 145: averaged Loss : 7.705703
2024-04-10 21:08:43: *******Val Epoch 145: averaged Loss : 5.095876 sep loss : [5.09587558 0.08562409 3.20190163]
2024-04-10 21:08:43: loss weights: [1.0019307 0.9964299 1.0016394]
2024-04-10 21:08:57: *******Train Epoch 146: averaged Loss : 7.724737
2024-04-10 21:08:58: *******Val Epoch 146: averaged Loss : 5.054249 sep loss : [5.05424897 0.08364577 3.20180388]
2024-04-10 21:08:58: loss weights: [1.0002084 0.9992598 1.0005318]
2024-04-10 21:09:12: *******Train Epoch 147: averaged Loss : 7.701196
2024-04-10 21:09:12: *******Val Epoch 147: averaged Loss : 5.108491 sep loss : [5.10849134 0.0869263  3.20060333]
2024-04-10 21:09:12: loss weights: [0.99910104 1.0011183  0.9997807 ]
2024-04-10 21:09:26: *******Train Epoch 148: averaged Loss : 7.701930
2024-04-10 21:09:27: *******Val Epoch 148: averaged Loss : 5.117995 sep loss : [5.11799534 0.08642105 3.20122123]
2024-04-10 21:09:27: loss weights: [0.9992682 1.0019838 0.9987483]
2024-04-10 21:09:41: *******Train Epoch 149: averaged Loss : 7.700320
2024-04-10 21:09:42: *******Val Epoch 149: averaged Loss : 5.080519 sep loss : [5.0805192  0.08763645 3.20142798]
2024-04-10 21:09:42: loss weights: [1.0003532  0.99934727 1.0002996 ]
2024-04-10 21:09:56: *******Train Epoch 150: averaged Loss : 7.687760
2024-04-10 21:09:57: *******Val Epoch 150: averaged Loss : 5.061710 sep loss : [5.06171028 0.08390467 3.20187747]
2024-04-10 21:09:57: loss weights: [1.0034643  0.99199116 1.0045445 ]
2024-04-10 21:10:11: *******Train Epoch 151: averaged Loss : 7.710064
2024-04-10 21:10:12: *******Val Epoch 151: averaged Loss : 5.093506 sep loss : [5.09350634 0.0825553  3.20186019]
2024-04-10 21:10:12: loss weights: [1.0001733 0.9993802 1.0004462]
2024-04-10 21:10:26: *******Train Epoch 152: averaged Loss : 7.673481
2024-04-10 21:10:26: *******Val Epoch 152: averaged Loss : 5.073356 sep loss : [5.07335623 0.08259818 3.20155581]
2024-04-10 21:10:26: loss weights: [1.000966  0.9976325 1.0014014]
2024-04-10 21:10:40: *******Train Epoch 153: averaged Loss : 7.685247
2024-04-10 21:10:40: *******Val Epoch 153: averaged Loss : 5.069509 sep loss : [5.06950871 0.08564972 3.20190259]
2024-04-10 21:10:40: loss weights: [1.0002879 0.9996934 1.0000186]
2024-04-10 21:10:55: *******Train Epoch 154: averaged Loss : 7.673364
2024-04-10 21:10:55: *******Val Epoch 154: averaged Loss : 5.073898 sep loss : [5.0738976  0.08396118 3.20191228]
2024-04-10 21:10:55: loss weights: [1.0005187  0.99879473 1.0006866 ]
2024-04-10 21:11:09: *******Train Epoch 155: averaged Loss : 7.675546
2024-04-10 21:11:09: *******Val Epoch 155: averaged Loss : 5.073850 sep loss : [5.07384992 0.08260909 3.20227663]
2024-04-10 21:11:09: loss weights: [1.0006472  0.99858546 1.0007675 ]
2024-04-10 21:11:23: *******Train Epoch 156: averaged Loss : 7.665968
2024-04-10 21:11:24: *******Val Epoch 156: averaged Loss : 5.084804 sep loss : [5.08480406 0.08292483 3.20242822]
2024-04-10 21:11:24: loss weights: [0.99779445 1.0038522  0.9983536 ]
2024-04-10 21:11:38: *******Train Epoch 157: averaged Loss : 7.659659
2024-04-10 21:11:38: *******Val Epoch 157: averaged Loss : 5.075002 sep loss : [5.07500164 0.08283623 3.20231787]
2024-04-10 21:11:38: loss weights: [1.0007083  0.99924767 1.0000439 ]
2024-04-10 21:11:52: *******Train Epoch 158: averaged Loss : 7.669994
2024-04-10 21:11:53: *******Val Epoch 158: averaged Loss : 5.079638 sep loss : [5.07963769 0.08307803 3.20227571]
2024-04-10 21:11:53: loss weights: [1.0005114 0.998664  1.0008247]
2024-04-10 21:12:06: *******Train Epoch 159: averaged Loss : 7.676669
2024-04-10 21:12:07: *******Val Epoch 159: averaged Loss : 5.057962 sep loss : [5.05796186 0.08195941 3.20221885]
2024-04-10 21:12:07: loss weights: [0.9993061 1.0015877 0.9991063]
2024-04-10 21:12:21: *******Train Epoch 160: averaged Loss : 7.671881
2024-04-10 21:12:21: *******Val Epoch 160: averaged Loss : 5.104111 sep loss : [5.10411104 0.08291177 3.20223482]
2024-04-10 21:12:21: loss weights: [1.001513  0.9973117 1.0011753]
2024-04-10 21:12:35: *******Train Epoch 161: averaged Loss : 7.678263
2024-04-10 21:12:36: *******Val Epoch 161: averaged Loss : 5.124081 sep loss : [5.12408137 0.08371609 3.20210187]
2024-04-10 21:12:36: loss weights: [0.9994097 1.0007567 0.9998337]
2024-04-10 21:12:50: *******Train Epoch 162: averaged Loss : 7.663346
2024-04-10 21:12:51: *******Val Epoch 162: averaged Loss : 5.082575 sep loss : [5.08257524 0.08427036 3.20222203]
2024-04-10 21:12:51: loss weights: [0.99799526 1.003652   0.9983527 ]
2024-04-10 21:13:05: *******Train Epoch 163: averaged Loss : 7.663482
2024-04-10 21:13:06: *******Val Epoch 163: averaged Loss : 5.081733 sep loss : [5.08173315 0.08131879 3.20223896]
2024-04-10 21:13:06: loss weights: [1.0029852  0.99479854 1.0022163 ]
2024-04-10 21:13:20: *******Train Epoch 164: averaged Loss : 7.686315
2024-04-10 21:13:20: *******Val Epoch 164: averaged Loss : 5.079361 sep loss : [5.0793608  0.08400295 3.20215579]
2024-04-10 21:13:20: loss weights: [1.0002038 0.9990988 1.0006974]
2024-04-10 21:13:34: *******Train Epoch 165: averaged Loss : 7.675764
2024-04-10 21:13:35: *******Val Epoch 165: averaged Loss : 5.084070 sep loss : [5.08407029 0.08329375 3.20214423]
2024-04-10 21:13:35: loss weights: [1.0001868  0.99991894 0.99989414]
2024-04-10 21:13:48: *******Train Epoch 166: averaged Loss : 7.669119
2024-04-10 21:13:49: *******Val Epoch 166: averaged Loss : 5.110385 sep loss : [5.11038534 0.08284602 3.20223463]
2024-04-10 21:13:49: loss weights: [0.9992621  1.0012069  0.99953115]
2024-04-10 21:14:03: *******Train Epoch 167: averaged Loss : 7.658060
2024-04-10 21:14:03: *******Val Epoch 167: averaged Loss : 5.085738 sep loss : [5.08573826 0.08270186 3.20219394]
2024-04-10 21:14:03: loss weights: [1.0008048  0.99821484 1.0009804 ]
2024-04-10 21:14:18: *******Train Epoch 168: averaged Loss : 7.667730
2024-04-10 21:14:18: *******Val Epoch 168: averaged Loss : 5.065449 sep loss : [5.06544884 0.08293381 3.2022208 ]
2024-04-10 21:14:18: loss weights: [0.9994906 1.0009273 0.9995819]
2024-04-10 21:14:32: *******Train Epoch 169: averaged Loss : 7.657086
2024-04-10 21:14:32: *******Val Epoch 169: averaged Loss : 5.105580 sep loss : [5.10558017 0.08272952 3.20217681]
2024-04-10 21:14:32: loss weights: [1.0006933 0.9984278 1.0008789]
2024-04-10 21:14:46: *******Train Epoch 170: averaged Loss : 7.658065
2024-04-10 21:14:47: *******Val Epoch 170: averaged Loss : 5.115135 sep loss : [5.11513535 0.08220647 3.20211597]
2024-04-10 21:14:47: loss weights: [0.99882615 1.0018964  0.9992777 ]
2024-04-10 21:15:01: *******Train Epoch 171: averaged Loss : 7.628584
2024-04-10 21:15:01: *******Val Epoch 171: averaged Loss : 5.088323 sep loss : [5.08832304 0.08290469 3.20214276]
2024-04-10 21:15:01: loss weights: [1.0019226 0.995576  1.0025015]
2024-04-10 21:15:15: *******Train Epoch 172: averaged Loss : 7.662291
2024-04-10 21:15:15: *******Val Epoch 172: averaged Loss : 5.085105 sep loss : [5.08510462 0.08249664 3.20218448]
2024-04-10 21:15:15: loss weights: [0.99980855 1.0008429  0.9993485 ]
2024-04-10 21:15:29: *******Train Epoch 173: averaged Loss : 7.643668
2024-04-10 21:15:30: *******Val Epoch 173: averaged Loss : 5.079518 sep loss : [5.07951792 0.08394363 3.20191276]
2024-04-10 21:15:30: loss weights: [1.0007284  0.99851584 1.0007555 ]
2024-04-10 21:15:44: *******Train Epoch 174: averaged Loss : 7.647840
2024-04-10 21:15:44: *******Val Epoch 174: averaged Loss : 5.067782 sep loss : [5.06778216 0.08176291 3.20213278]
2024-04-10 21:15:44: loss weights: [1.000478   0.99895835 1.0005637 ]
2024-04-10 21:15:58: *******Train Epoch 175: averaged Loss : 7.644623
2024-04-10 21:15:58: *******Val Epoch 175: averaged Loss : 5.105040 sep loss : [5.10504007 0.08276916 3.20228116]
2024-04-10 21:15:58: loss weights: [0.9996332  1.0005436  0.99982333]
2024-04-10 21:16:12: *******Train Epoch 176: averaged Loss : 7.643843
2024-04-10 21:16:13: *******Val Epoch 176: averaged Loss : 5.090157 sep loss : [5.09015743 0.08355877 3.20213409]
2024-04-10 21:16:13: loss weights: [1.0010884  0.99806523 1.0008463 ]
2024-04-10 21:16:27: *******Train Epoch 177: averaged Loss : 7.649334
2024-04-10 21:16:27: *******Val Epoch 177: averaged Loss : 5.085564 sep loss : [5.08556406 0.08278399 3.20209281]
2024-04-10 21:16:27: loss weights: [0.99906117 1.0016932  0.99924535]
2024-04-10 21:16:41: *******Train Epoch 178: averaged Loss : 7.631407
2024-04-10 21:16:41: *******Val Epoch 178: averaged Loss : 5.095395 sep loss : [5.09539509 0.08398237 3.20198115]
2024-04-10 21:16:41: Validation performance didn't improve for 50 epochs. Training stops.
2024-04-10 21:16:41: == Training finished.
Total training time: 43.12 min	best loss: 5.0490	best epoch: 128	
2024-04-10 21:16:41: == Test results.
2024-04-10 21:16:42: INFLOW, MAE: 4.90, MAPE: 23.2262%
2024-04-10 21:16:42: OUTFLOW, MAE: 5.21, MAPE: 23.9356%
